2019-11-25 18:41:37,709 INFO o.a.j.u.JMeterUtils: Setting Locale to en_EN
2019-11-25 18:41:37,745 INFO o.a.j.JMeter: Loading user properties from: /opt/apache-jmeter-5.1.1/bin/user.properties
2019-11-25 18:41:37,746 INFO o.a.j.JMeter: Loading system properties from: /opt/apache-jmeter-5.1.1/bin/system.properties
2019-11-25 18:41:37,746 INFO o.a.j.JMeter: Setting JMeter property: HOST=192.168.0.104
2019-11-25 18:41:37,747 INFO o.a.j.JMeter: Setting JMeter property: PORT=8983
2019-11-25 18:41:37,747 INFO o.a.j.JMeter: Setting JMeter property: COLLECTION=pshool1
2019-11-25 18:41:37,756 INFO o.a.j.JMeter: Copyright (c) 1998-2019 The Apache Software Foundation
2019-11-25 18:41:37,756 INFO o.a.j.JMeter: Version 5.1.1 r1855137
2019-11-25 18:41:37,757 INFO o.a.j.JMeter: java.version=1.8.0_222
2019-11-25 18:41:37,757 INFO o.a.j.JMeter: java.vm.name=OpenJDK 64-Bit Server VM
2019-11-25 18:41:37,758 INFO o.a.j.JMeter: os.name=Linux
2019-11-25 18:41:37,758 INFO o.a.j.JMeter: os.arch=amd64
2019-11-25 18:41:37,758 INFO o.a.j.JMeter: os.version=4.9.125-linuxkit
2019-11-25 18:41:37,759 INFO o.a.j.JMeter: file.encoding=UTF-8
2019-11-25 18:41:37,759 INFO o.a.j.JMeter: java.awt.headless=true
2019-11-25 18:41:37,760 INFO o.a.j.JMeter: Max memory     =461373440
2019-11-25 18:41:37,760 INFO o.a.j.JMeter: Available Processors =6
2019-11-25 18:41:37,766 INFO o.a.j.JMeter: Default Locale=English (EN)
2019-11-25 18:41:37,767 INFO o.a.j.JMeter: JMeter  Locale=English (EN)
2019-11-25 18:41:37,768 INFO o.a.j.JMeter: JMeterHome=/opt/apache-jmeter-5.1.1
2019-11-25 18:41:37,768 INFO o.a.j.JMeter: user.dir  =/opt/apache-jmeter-5.1.1
2019-11-25 18:41:37,769 INFO o.a.j.JMeter: PWD       =/opt/apache-jmeter-5.1.1
2019-11-25 18:41:37,773 ERROR o.a.j.u.JMeterUtils: Unable to get local host IP address.
java.net.UnknownHostException: linuxkit-025000000001: linuxkit-025000000001: Name does not resolve
	at java.net.InetAddress.getLocalHost(InetAddress.java:1506) ~[?:1.8.0_222]
	at org.apache.jmeter.util.JMeterUtils.getLocalHostDetails(JMeterUtils.java:1098) [ApacheJMeter_core.jar:5.1.1 r1855137]
	at org.apache.jmeter.util.JMeterUtils.getLocalHostIP(JMeterUtils.java:1064) [ApacheJMeter_core.jar:5.1.1 r1855137]
	at org.apache.jmeter.JMeter.start(JMeter.java:487) [ApacheJMeter_core.jar:5.1.1 r1855137]
	at sun.reflect.NativeMethodAccessorImpl.invoke0(Native Method) ~[?:1.8.0_222]
	at sun.reflect.NativeMethodAccessorImpl.invoke(NativeMethodAccessorImpl.java:62) ~[?:1.8.0_222]
	at sun.reflect.DelegatingMethodAccessorImpl.invoke(DelegatingMethodAccessorImpl.java:43) ~[?:1.8.0_222]
	at java.lang.reflect.Method.invoke(Method.java:498) ~[?:1.8.0_222]
	at org.apache.jmeter.NewDriver.main(NewDriver.java:253) [ApacheJMeter.jar:5.1.1 r1855137]
Caused by: java.net.UnknownHostException: linuxkit-025000000001: Name does not resolve
	at java.net.Inet6AddressImpl.lookupAllHostAddr(Native Method) ~[?:1.8.0_222]
	at java.net.InetAddress$2.lookupAllHostAddr(InetAddress.java:929) ~[?:1.8.0_222]
	at java.net.InetAddress.getAddressesFromNameService(InetAddress.java:1324) ~[?:1.8.0_222]
	at java.net.InetAddress.getLocalHost(InetAddress.java:1501) ~[?:1.8.0_222]
	... 8 more
2019-11-25 18:41:37,781 ERROR o.a.j.u.JMeterUtils: Unable to get local host IP address.
java.net.UnknownHostException: linuxkit-025000000001: linuxkit-025000000001: Name does not resolve
	at java.net.InetAddress.getLocalHost(InetAddress.java:1506) ~[?:1.8.0_222]
	at org.apache.jmeter.util.JMeterUtils.getLocalHostDetails(JMeterUtils.java:1098) [ApacheJMeter_core.jar:5.1.1 r1855137]
	at org.apache.jmeter.util.JMeterUtils.getLocalHostName(JMeterUtils.java:1077) [ApacheJMeter_core.jar:5.1.1 r1855137]
	at org.apache.jmeter.JMeter.start(JMeter.java:487) [ApacheJMeter_core.jar:5.1.1 r1855137]
	at sun.reflect.NativeMethodAccessorImpl.invoke0(Native Method) ~[?:1.8.0_222]
	at sun.reflect.NativeMethodAccessorImpl.invoke(NativeMethodAccessorImpl.java:62) ~[?:1.8.0_222]
	at sun.reflect.DelegatingMethodAccessorImpl.invoke(DelegatingMethodAccessorImpl.java:43) ~[?:1.8.0_222]
	at java.lang.reflect.Method.invoke(Method.java:498) ~[?:1.8.0_222]
	at org.apache.jmeter.NewDriver.main(NewDriver.java:253) [ApacheJMeter.jar:5.1.1 r1855137]
Caused by: java.net.UnknownHostException: linuxkit-025000000001: Name does not resolve
	at java.net.Inet6AddressImpl.lookupAllHostAddr(Native Method) ~[?:1.8.0_222]
	at java.net.InetAddress$2.lookupAllHostAddr(InetAddress.java:929) ~[?:1.8.0_222]
	at java.net.InetAddress.getAddressesFromNameService(InetAddress.java:1324) ~[?:1.8.0_222]
	at java.net.InetAddress.getLocalHost(InetAddress.java:1501) ~[?:1.8.0_222]
	... 8 more
2019-11-25 18:41:37,783 ERROR o.a.j.u.JMeterUtils: Unable to get local host IP address.
java.net.UnknownHostException: linuxkit-025000000001: linuxkit-025000000001: Name does not resolve
	at java.net.InetAddress.getLocalHost(InetAddress.java:1506) ~[?:1.8.0_222]
	at org.apache.jmeter.util.JMeterUtils.getLocalHostDetails(JMeterUtils.java:1098) [ApacheJMeter_core.jar:5.1.1 r1855137]
	at org.apache.jmeter.util.JMeterUtils.getLocalHostFullName(JMeterUtils.java:1090) [ApacheJMeter_core.jar:5.1.1 r1855137]
	at org.apache.jmeter.JMeter.start(JMeter.java:488) [ApacheJMeter_core.jar:5.1.1 r1855137]
	at sun.reflect.NativeMethodAccessorImpl.invoke0(Native Method) ~[?:1.8.0_222]
	at sun.reflect.NativeMethodAccessorImpl.invoke(NativeMethodAccessorImpl.java:62) ~[?:1.8.0_222]
	at sun.reflect.DelegatingMethodAccessorImpl.invoke(DelegatingMethodAccessorImpl.java:43) ~[?:1.8.0_222]
	at java.lang.reflect.Method.invoke(Method.java:498) ~[?:1.8.0_222]
	at org.apache.jmeter.NewDriver.main(NewDriver.java:253) [ApacheJMeter.jar:5.1.1 r1855137]
Caused by: java.net.UnknownHostException: linuxkit-025000000001: Name does not resolve
	at java.net.Inet6AddressImpl.lookupAllHostAddr(Native Method) ~[?:1.8.0_222]
	at java.net.InetAddress$2.lookupAllHostAddr(InetAddress.java:929) ~[?:1.8.0_222]
	at java.net.InetAddress.getAddressesFromNameService(InetAddress.java:1324) ~[?:1.8.0_222]
	at java.net.InetAddress.getLocalHost(InetAddress.java:1501) ~[?:1.8.0_222]
	... 8 more
2019-11-25 18:41:37,784 INFO o.a.j.JMeter: IP: null Name: null FullName: null
2019-11-25 18:41:37,790 INFO o.a.j.JMeter: Setting property 'jmeter.reportgenerator.outputdir' to:'/mnt/jmeter/tmp/jmeter_resource_20191126_001130'
2019-11-25 18:41:37,796 INFO o.a.j.s.FileServer: Default base='/opt/apache-jmeter-5.1.1'
2019-11-25 18:41:37,808 INFO o.a.j.s.FileServer: Set new base='/mnt/jmeter'
2019-11-25 18:41:38,076 INFO o.a.j.s.SaveService: Testplan (JMX) version: 2.2. Testlog (JTL) version: 2.2
2019-11-25 18:41:38,107 INFO o.a.j.s.SaveService: Using SaveService properties file encoding UTF-8
2019-11-25 18:41:38,116 INFO o.a.j.s.SaveService: Using SaveService properties version 5.0
2019-11-25 18:41:38,132 INFO o.a.j.s.SaveService: Loading file: /mnt/jmeter/pshool.jmx
2019-11-25 18:41:38,221 INFO o.a.j.p.h.s.HTTPSamplerBase: Parser for text/html is org.apache.jmeter.protocol.http.parser.LagartoBasedHtmlParser
2019-11-25 18:41:38,222 INFO o.a.j.p.h.s.HTTPSamplerBase: Parser for application/xhtml+xml is org.apache.jmeter.protocol.http.parser.LagartoBasedHtmlParser
2019-11-25 18:41:38,222 INFO o.a.j.p.h.s.HTTPSamplerBase: Parser for application/xml is org.apache.jmeter.protocol.http.parser.LagartoBasedHtmlParser
2019-11-25 18:41:38,223 INFO o.a.j.p.h.s.HTTPSamplerBase: Parser for text/xml is org.apache.jmeter.protocol.http.parser.LagartoBasedHtmlParser
2019-11-25 18:41:38,223 INFO o.a.j.p.h.s.HTTPSamplerBase: Parser for text/vnd.wap.wml is org.apache.jmeter.protocol.http.parser.RegexpHTMLParser
2019-11-25 18:41:38,224 INFO o.a.j.p.h.s.HTTPSamplerBase: Parser for text/css is org.apache.jmeter.protocol.http.parser.CssParser
2019-11-25 18:41:38,300 INFO o.a.j.JMeter: Creating summariser <summary>
2019-11-25 18:41:38,317 INFO o.a.j.r.d.ReportGenerator: ReportGenerator will use for Parsing the separator: ','
2019-11-25 18:41:38,318 INFO o.a.j.r.d.ReportGenerator: Will generate report at end of test from  results file: /mnt/jmeter/tmp/result_20191126_001130.jtl
2019-11-25 18:41:38,318 INFO o.a.j.r.d.ReportGenerator: Reading report generator properties from: /opt/apache-jmeter-5.1.1/bin/reportgenerator.properties
2019-11-25 18:41:38,321 INFO o.a.j.r.d.ReportGenerator: Merging with JMeter properties
2019-11-25 18:41:38,329 INFO o.a.j.r.c.ReportGeneratorConfiguration: Property 'jmeter.reportgenerator.temp_dir' not found, using default value 'temp' instead.
2019-11-25 18:41:38,338 INFO o.a.j.r.c.ReportGeneratorConfiguration: Property 'jmeter.reportgenerator.apdex_per_transaction' not found, using default value 'null' instead.
2019-11-25 18:41:38,339 INFO o.a.j.r.c.ReportGeneratorConfiguration: apdex_per_transaction : {} is empty, not APDEX per transaction customization
2019-11-25 18:41:38,340 INFO o.a.j.r.c.ReportGeneratorConfiguration: Property 'jmeter.reportgenerator.sample_filter' not found, using default value 'null' instead.
2019-11-25 18:41:38,340 INFO o.a.j.r.c.ReportGeneratorConfiguration: Property 'jmeter.reportgenerator.report_title' not found, using default value 'null' instead.
2019-11-25 18:41:38,341 INFO o.a.j.r.c.ReportGeneratorConfiguration: Property 'jmeter.reportgenerator.start_date' not found, using default value 'null' instead.
2019-11-25 18:41:38,341 INFO o.a.j.r.c.ReportGeneratorConfiguration: Property 'jmeter.reportgenerator.end_date' not found, using default value 'null' instead.
2019-11-25 18:41:38,342 INFO o.a.j.r.c.ReportGeneratorConfiguration: Property 'jmeter.reportgenerator.date_format' not found, using default value 'null' instead.
2019-11-25 18:41:38,342 INFO o.a.j.r.c.ReportGeneratorConfiguration: Will use date range start date: null, end date: null
2019-11-25 18:41:38,349 INFO o.a.j.r.c.ReportGeneratorConfiguration: Property 'jmeter.reportgenerator.graph.totalTPS.exclude_controllers' not found, using default value 'false' instead.
2019-11-25 18:41:38,350 INFO o.a.j.r.c.ReportGeneratorConfiguration: Property 'jmeter.reportgenerator.graph.activeThreadsOverTime.exclude_controllers' not found, using default value 'false' instead.
2019-11-25 18:41:38,351 INFO o.a.j.r.c.ReportGeneratorConfiguration: Property 'jmeter.reportgenerator.graph.timeVsThreads.exclude_controllers' not found, using default value 'false' instead.
2019-11-25 18:41:38,351 INFO o.a.j.r.c.ReportGeneratorConfiguration: Property 'jmeter.reportgenerator.graph.responseTimeDistribution.exclude_controllers' not found, using default value 'false' instead.
2019-11-25 18:41:38,352 INFO o.a.j.r.c.ReportGeneratorConfiguration: Property 'jmeter.reportgenerator.graph.transactionsPerSecond.exclude_controllers' not found, using default value 'false' instead.
2019-11-25 18:41:38,352 INFO o.a.j.r.c.ReportGeneratorConfiguration: Property 'jmeter.reportgenerator.graph.responseTimePercentiles.exclude_controllers' not found, using default value 'false' instead.
2019-11-25 18:41:38,353 INFO o.a.j.r.c.ReportGeneratorConfiguration: Property 'jmeter.reportgenerator.graph.responseTimePercentilesOverTime.exclude_controllers' not found, using default value 'false' instead.
2019-11-25 18:41:38,354 INFO o.a.j.r.c.ReportGeneratorConfiguration: Property 'jmeter.reportgenerator.graph.responseTimesOverTime.exclude_controllers' not found, using default value 'false' instead.
2019-11-25 18:41:38,354 INFO o.a.j.r.c.ReportGeneratorConfiguration: Property 'jmeter.reportgenerator.graph.connectTimeOverTime.exclude_controllers' not found, using default value 'false' instead.
2019-11-25 18:41:38,355 INFO o.a.j.r.c.ReportGeneratorConfiguration: Property 'jmeter.reportgenerator.graph.latenciesOverTime.exclude_controllers' not found, using default value 'false' instead.
2019-11-25 18:41:38,357 INFO o.a.j.r.c.ReportGeneratorConfiguration: Property 'jmeter.reportgenerator.exporter.json.filters_only_sample_series' not found, using default value 'true' instead.
2019-11-25 18:41:38,358 INFO o.a.j.r.c.ReportGeneratorConfiguration: Property 'jmeter.reportgenerator.exporter.json.series_filter' not found, using default value '' instead.
2019-11-25 18:41:38,358 INFO o.a.j.r.c.ReportGeneratorConfiguration: Property 'jmeter.reportgenerator.exporter.json.show_controllers_only' not found, using default value 'false' instead.
2019-11-25 18:41:38,359 INFO o.a.j.r.c.ReportGeneratorConfiguration: Property 'jmeter.reportgenerator.exporter.html.filters_only_sample_series' not found, using default value 'true' instead.
2019-11-25 18:41:38,359 INFO o.a.j.r.c.ReportGeneratorConfiguration: Property 'jmeter.reportgenerator.exporter.html.series_filter' not found, using default value '' instead.
2019-11-25 18:41:38,360 INFO o.a.j.r.c.ReportGeneratorConfiguration: Property 'jmeter.reportgenerator.exporter.html.show_controllers_only' not found, using default value 'false' instead.
2019-11-25 18:41:38,369 INFO o.a.j.e.StandardJMeterEngine: Running the test!
2019-11-25 18:41:38,376 ERROR o.a.j.u.JMeterUtils: Unable to get local host IP address.
java.net.UnknownHostException: linuxkit-025000000001: linuxkit-025000000001: Name does not resolve
	at java.net.InetAddress.getLocalHost(InetAddress.java:1506) ~[?:1.8.0_222]
	at org.apache.jmeter.util.JMeterUtils.getLocalHostDetails(JMeterUtils.java:1098) [ApacheJMeter_core.jar:5.1.1 r1855137]
	at org.apache.jmeter.util.JMeterUtils.getLocalHostName(JMeterUtils.java:1077) [ApacheJMeter_core.jar:5.1.1 r1855137]
	at org.apache.jmeter.samplers.SampleEvent.<clinit>(SampleEvent.java:52) [ApacheJMeter_core.jar:5.1.1 r1855137]
	at org.apache.jmeter.engine.StandardJMeterEngine.run(StandardJMeterEngine.java:357) [ApacheJMeter_core.jar:5.1.1 r1855137]
	at java.lang.Thread.run(Thread.java:748) [?:1.8.0_222]
Caused by: java.net.UnknownHostException: linuxkit-025000000001: Name does not resolve
	at java.net.Inet6AddressImpl.lookupAllHostAddr(Native Method) ~[?:1.8.0_222]
	at java.net.InetAddress$2.lookupAllHostAddr(InetAddress.java:929) ~[?:1.8.0_222]
	at java.net.InetAddress.getAddressesFromNameService(InetAddress.java:1324) ~[?:1.8.0_222]
	at java.net.InetAddress.getLocalHost(InetAddress.java:1501) ~[?:1.8.0_222]
	... 5 more
2019-11-25 18:41:38,386 INFO o.a.j.s.SampleEvent: List of sample_variables: []
2019-11-25 18:41:38,387 INFO o.a.j.s.SampleEvent: List of sample_variables: []
2019-11-25 18:41:38,402 INFO o.a.j.e.u.CompoundVariable: Note: Function class names must contain the string: '.functions.'
2019-11-25 18:41:38,402 INFO o.a.j.e.u.CompoundVariable: Note: Function class names must not contain the string: '.gui.'
2019-11-25 18:41:39,137 WARN o.a.j.r.ResultCollector: Unexpected EOF trying to find XML end marker in /mnt/jmeter/output/search_plan_results.jtl
2019-11-25 18:41:39,173 INFO o.a.j.JMeter: Running test (1574707299173)
2019-11-25 18:41:39,213 INFO o.a.j.e.StandardJMeterEngine: Starting ThreadGroup: 1 : Powerhouse Thread Group
2019-11-25 18:41:39,214 INFO o.a.j.e.StandardJMeterEngine: Starting 100 threads for group Powerhouse Thread Group.
2019-11-25 18:41:39,214 INFO o.a.j.e.StandardJMeterEngine: Thread will continue on error
2019-11-25 18:41:39,215 INFO o.a.j.t.ThreadGroup: Starting thread group... number=1 threads=100 ramp-up=1 delayedStart=false
2019-11-25 18:41:39,285 INFO o.a.j.t.JMeterThread: Thread started: Powerhouse Thread Group 1-2
2019-11-25 18:41:39,292 INFO o.a.j.t.JMeterThread: Thread started: Powerhouse Thread Group 1-1
2019-11-25 18:41:39,292 INFO o.a.j.t.JMeterThread: Thread started: Powerhouse Thread Group 1-3
2019-11-25 18:41:39,297 INFO o.a.j.s.FileServer: Stored: a3.txt
2019-11-25 18:41:39,307 INFO o.a.j.t.JMeterThread: Thread started: Powerhouse Thread Group 1-4
2019-11-25 18:41:39,317 INFO o.a.j.s.FileServer: Stored: a4.txt
2019-11-25 18:41:39,320 INFO o.a.j.t.JMeterThread: Thread started: Powerhouse Thread Group 1-7
2019-11-25 18:41:39,319 INFO o.a.j.t.JMeterThread: Thread started: Powerhouse Thread Group 1-6
2019-11-25 18:41:39,330 INFO o.a.j.t.JMeterThread: Thread started: Powerhouse Thread Group 1-8
2019-11-25 18:41:39,343 INFO o.a.j.t.JMeterThread: Thread started: Powerhouse Thread Group 1-10
2019-11-25 18:41:39,347 INFO o.a.j.t.JMeterThread: Thread started: Powerhouse Thread Group 1-5
2019-11-25 18:41:39,347 INFO o.a.j.t.JMeterThread: Thread started: Powerhouse Thread Group 1-9
2019-11-25 18:41:39,362 INFO o.a.j.t.JMeterThread: Thread started: Powerhouse Thread Group 1-12
2019-11-25 18:41:39,363 INFO o.a.j.t.ThreadGroup: Started thread group number 1
2019-11-25 18:41:39,364 INFO o.a.j.e.StandardJMeterEngine: Waiting for thread group: Powerhouse Thread Group to finish before starting next group
2019-11-25 18:41:39,364 ERROR o.a.j.u.JMeterUtils: Unable to get local host IP address.
java.net.UnknownHostException: linuxkit-025000000001: linuxkit-025000000001: Name does not resolve
	at java.net.InetAddress.getLocalHost(InetAddress.java:1506) ~[?:1.8.0_222]
	at org.apache.jmeter.util.JMeterUtils.getLocalHostDetails(JMeterUtils.java:1098) [ApacheJMeter_core.jar:5.1.1 r1855137]
	at org.apache.jmeter.util.JMeterUtils.getLocalHostName(JMeterUtils.java:1077) [ApacheJMeter_core.jar:5.1.1 r1855137]
	at org.apache.jmeter.protocol.http.sampler.HTTPHCAbstractImpl.<clinit>(HTTPHCAbstractImpl.java:138) [ApacheJMeter_http.jar:5.1.1 r1855137]
	at org.apache.jmeter.protocol.http.sampler.HTTPSamplerFactory.getImplementation(HTTPSamplerFactory.java:97) [ApacheJMeter_http.jar:5.1.1 r1855137]
	at org.apache.jmeter.protocol.http.sampler.HTTPSamplerProxy.sample(HTTPSamplerProxy.java:62) [ApacheJMeter_http.jar:5.1.1 r1855137]
	at org.apache.jmeter.protocol.http.sampler.HTTPSamplerBase.sample(HTTPSamplerBase.java:1231) [ApacheJMeter_http.jar:5.1.1 r1855137]
	at org.apache.jmeter.protocol.http.sampler.HTTPSamplerBase.sample(HTTPSamplerBase.java:1220) [ApacheJMeter_http.jar:5.1.1 r1855137]
	at org.apache.jmeter.threads.JMeterThread.doSampling(JMeterThread.java:622) [ApacheJMeter_core.jar:5.1.1 r1855137]
	at org.apache.jmeter.threads.JMeterThread.executeSamplePackage(JMeterThread.java:546) [ApacheJMeter_core.jar:5.1.1 r1855137]
	at org.apache.jmeter.threads.JMeterThread.processSampler(JMeterThread.java:486) [ApacheJMeter_core.jar:5.1.1 r1855137]
	at org.apache.jmeter.threads.JMeterThread.run(JMeterThread.java:253) [ApacheJMeter_core.jar:5.1.1 r1855137]
	at java.lang.Thread.run(Thread.java:748) [?:1.8.0_222]
Caused by: java.net.UnknownHostException: linuxkit-025000000001: Name does not resolve
	at java.net.Inet6AddressImpl.lookupAllHostAddr(Native Method) ~[?:1.8.0_222]
	at java.net.InetAddress$2.lookupAllHostAddr(InetAddress.java:929) ~[?:1.8.0_222]
	at java.net.InetAddress.getAddressesFromNameService(InetAddress.java:1324) ~[?:1.8.0_222]
	at java.net.InetAddress.getLocalHost(InetAddress.java:1501) ~[?:1.8.0_222]
	... 12 more
2019-11-25 18:41:39,365 INFO o.a.j.p.h.s.HTTPHCAbstractImpl: Local host = null
2019-11-25 18:41:39,365 INFO o.a.j.t.JMeterThread: Thread started: Powerhouse Thread Group 1-11
2019-11-25 18:41:39,372 INFO o.a.j.t.JMeterThread: Thread started: Powerhouse Thread Group 1-16
2019-11-25 18:41:39,380 INFO o.a.j.t.JMeterThread: Thread started: Powerhouse Thread Group 1-15
2019-11-25 18:41:39,383 INFO o.a.j.p.h.s.HTTPHC4Impl: HTTP request retry count = 0
2019-11-25 18:41:39,387 INFO o.a.j.s.SampleResult: Note: Sample TimeStamps are START times
2019-11-25 18:41:39,388 INFO o.a.j.s.SampleResult: sampleresult.default.encoding is set to ISO-8859-1
2019-11-25 18:41:39,388 INFO o.a.j.s.SampleResult: sampleresult.useNanoTime=true
2019-11-25 18:41:39,389 INFO o.a.j.s.SampleResult: sampleresult.nanoThreadSleep=5000
2019-11-25 18:41:39,390 INFO o.a.j.t.JMeterThread: Thread started: Powerhouse Thread Group 1-14
2019-11-25 18:41:39,392 INFO o.a.j.t.JMeterThread: Thread started: Powerhouse Thread Group 1-13
2019-11-25 18:41:39,399 INFO o.a.j.t.JMeterThread: Thread started: Powerhouse Thread Group 1-17
2019-11-25 18:41:39,408 INFO o.a.j.t.JMeterThread: Thread started: Powerhouse Thread Group 1-18
2019-11-25 18:41:39,418 INFO o.a.j.t.JMeterThread: Thread started: Powerhouse Thread Group 1-19
2019-11-25 18:41:39,427 INFO o.a.j.t.JMeterThread: Thread started: Powerhouse Thread Group 1-20
2019-11-25 18:41:39,438 INFO o.a.j.t.JMeterThread: Thread started: Powerhouse Thread Group 1-21
2019-11-25 18:41:39,446 INFO o.a.j.t.JMeterThread: Thread started: Powerhouse Thread Group 1-22
2019-11-25 18:41:39,456 INFO o.a.j.t.JMeterThread: Thread started: Powerhouse Thread Group 1-23
2019-11-25 18:41:39,465 INFO o.a.j.t.JMeterThread: Thread started: Powerhouse Thread Group 1-24
2019-11-25 18:41:39,466 INFO o.a.j.t.JMeterThread: Thread started: Powerhouse Thread Group 1-25
2019-11-25 18:41:39,476 INFO o.a.j.t.JMeterThread: Thread started: Powerhouse Thread Group 1-26
2019-11-25 18:41:39,484 INFO o.a.j.t.JMeterThread: Thread started: Powerhouse Thread Group 1-27
2019-11-25 18:41:39,494 INFO o.a.j.t.JMeterThread: Thread started: Powerhouse Thread Group 1-28
2019-11-25 18:41:39,503 INFO o.a.j.t.JMeterThread: Thread started: Powerhouse Thread Group 1-29
2019-11-25 18:41:39,513 INFO o.a.j.t.JMeterThread: Thread started: Powerhouse Thread Group 1-30
2019-11-25 18:41:39,530 INFO o.a.j.t.JMeterThread: Thread started: Powerhouse Thread Group 1-31
2019-11-25 18:41:39,540 INFO o.a.j.t.JMeterThread: Thread started: Powerhouse Thread Group 1-32
2019-11-25 18:41:39,551 INFO o.a.j.t.JMeterThread: Thread started: Powerhouse Thread Group 1-33
2019-11-25 18:41:39,559 INFO o.a.j.t.JMeterThread: Thread started: Powerhouse Thread Group 1-34
2019-11-25 18:41:39,560 INFO o.a.j.t.JMeterThread: Thread started: Powerhouse Thread Group 1-35
2019-11-25 18:41:39,567 INFO o.a.j.t.JMeterThread: Thread started: Powerhouse Thread Group 1-36
2019-11-25 18:41:39,578 INFO o.a.j.t.JMeterThread: Thread started: Powerhouse Thread Group 1-37
2019-11-25 18:41:39,590 INFO o.a.j.t.JMeterThread: Thread started: Powerhouse Thread Group 1-38
2019-11-25 18:41:39,600 INFO o.a.j.t.JMeterThread: Thread started: Powerhouse Thread Group 1-39
2019-11-25 18:41:39,607 INFO o.a.j.t.JMeterThread: Thread started: Powerhouse Thread Group 1-40
2019-11-25 18:41:39,617 INFO o.a.j.t.JMeterThread: Thread started: Powerhouse Thread Group 1-41
2019-11-25 18:41:39,621 INFO o.a.j.u.JsseSSLManager: Using default SSL protocol: TLS
2019-11-25 18:41:39,622 INFO o.a.j.u.JsseSSLManager: SSL session context: per-thread
2019-11-25 18:41:39,628 INFO o.a.j.t.JMeterThread: Thread started: Powerhouse Thread Group 1-42
2019-11-25 18:41:39,637 INFO o.a.j.t.JMeterThread: Thread started: Powerhouse Thread Group 1-43
2019-11-25 18:41:39,647 INFO o.a.j.t.JMeterThread: Thread started: Powerhouse Thread Group 1-44
2019-11-25 18:41:39,657 INFO o.a.j.t.JMeterThread: Thread started: Powerhouse Thread Group 1-45
2019-11-25 18:41:39,667 INFO o.a.j.t.JMeterThread: Thread started: Powerhouse Thread Group 1-46
2019-11-25 18:41:39,677 INFO o.a.j.t.JMeterThread: Thread started: Powerhouse Thread Group 1-47
2019-11-25 18:41:39,687 INFO o.a.j.t.JMeterThread: Thread started: Powerhouse Thread Group 1-48
2019-11-25 18:41:39,707 INFO o.a.j.t.JMeterThread: Thread started: Powerhouse Thread Group 1-50
2019-11-25 18:41:39,711 INFO o.a.j.t.JMeterThread: Thread started: Powerhouse Thread Group 1-49
2019-11-25 18:41:39,718 INFO o.a.j.t.JMeterThread: Thread started: Powerhouse Thread Group 1-51
2019-11-25 18:41:39,727 INFO o.a.j.t.JMeterThread: Thread started: Powerhouse Thread Group 1-52
2019-11-25 18:41:39,739 INFO o.a.j.t.JMeterThread: Thread started: Powerhouse Thread Group 1-53
2019-11-25 18:41:39,752 INFO o.a.j.t.JMeterThread: Thread started: Powerhouse Thread Group 1-54
2019-11-25 18:41:39,758 INFO o.a.j.t.JMeterThread: Thread started: Powerhouse Thread Group 1-55
2019-11-25 18:41:39,767 INFO o.a.j.t.JMeterThread: Thread started: Powerhouse Thread Group 1-56
2019-11-25 18:41:39,777 INFO o.a.j.t.JMeterThread: Thread started: Powerhouse Thread Group 1-57
2019-11-25 18:41:39,787 INFO o.a.j.t.JMeterThread: Thread started: Powerhouse Thread Group 1-58
2019-11-25 18:41:39,798 INFO o.a.j.t.JMeterThread: Thread started: Powerhouse Thread Group 1-59
2019-11-25 18:41:39,807 INFO o.a.j.t.JMeterThread: Thread started: Powerhouse Thread Group 1-60
2019-11-25 18:41:39,818 INFO o.a.j.t.JMeterThread: Thread started: Powerhouse Thread Group 1-61
2019-11-25 18:41:39,827 INFO o.a.j.t.JMeterThread: Thread started: Powerhouse Thread Group 1-62
2019-11-25 18:41:39,837 INFO o.a.j.t.JMeterThread: Thread started: Powerhouse Thread Group 1-63
2019-11-25 18:41:39,849 INFO o.a.j.t.JMeterThread: Thread started: Powerhouse Thread Group 1-64
2019-11-25 18:41:39,863 INFO o.a.j.t.JMeterThread: Thread started: Powerhouse Thread Group 1-65
2019-11-25 18:41:39,874 INFO o.a.j.t.JMeterThread: Thread started: Powerhouse Thread Group 1-66
2019-11-25 18:41:39,882 INFO o.a.j.t.JMeterThread: Thread started: Powerhouse Thread Group 1-67
2019-11-25 18:41:39,889 INFO o.a.j.t.JMeterThread: Thread started: Powerhouse Thread Group 1-68
2019-11-25 18:41:39,898 INFO o.a.j.t.JMeterThread: Thread started: Powerhouse Thread Group 1-69
2019-11-25 18:41:39,912 INFO o.a.j.t.JMeterThread: Thread started: Powerhouse Thread Group 1-70
2019-11-25 18:41:39,918 INFO o.a.j.t.JMeterThread: Thread started: Powerhouse Thread Group 1-71
2019-11-25 18:41:39,928 INFO o.a.j.t.JMeterThread: Thread started: Powerhouse Thread Group 1-72
2019-11-25 18:41:39,937 INFO o.a.j.t.JMeterThread: Thread started: Powerhouse Thread Group 1-73
2019-11-25 18:41:39,948 INFO o.a.j.t.JMeterThread: Thread started: Powerhouse Thread Group 1-74
2019-11-25 18:41:39,957 INFO o.a.j.t.JMeterThread: Thread started: Powerhouse Thread Group 1-75
2019-11-25 18:41:39,967 INFO o.a.j.t.JMeterThread: Thread started: Powerhouse Thread Group 1-76
2019-11-25 18:41:39,977 INFO o.a.j.t.JMeterThread: Thread started: Powerhouse Thread Group 1-77
2019-11-25 18:41:39,987 INFO o.a.j.t.JMeterThread: Thread started: Powerhouse Thread Group 1-78
2019-11-25 18:41:39,998 INFO o.a.j.t.JMeterThread: Thread started: Powerhouse Thread Group 1-79
2019-11-25 18:41:40,007 INFO o.a.j.t.JMeterThread: Thread started: Powerhouse Thread Group 1-80
2019-11-25 18:41:40,018 INFO o.a.j.t.JMeterThread: Thread started: Powerhouse Thread Group 1-81
2019-11-25 18:41:40,027 INFO o.a.j.t.JMeterThread: Thread started: Powerhouse Thread Group 1-82
2019-11-25 18:41:40,038 INFO o.a.j.t.JMeterThread: Thread started: Powerhouse Thread Group 1-83
2019-11-25 18:41:40,047 INFO o.a.j.t.JMeterThread: Thread started: Powerhouse Thread Group 1-84
2019-11-25 18:41:40,058 INFO o.a.j.t.JMeterThread: Thread started: Powerhouse Thread Group 1-85
2019-11-25 18:41:40,068 INFO o.a.j.t.JMeterThread: Thread started: Powerhouse Thread Group 1-86
2019-11-25 18:41:40,077 INFO o.a.j.t.JMeterThread: Thread started: Powerhouse Thread Group 1-87
2019-11-25 18:41:40,087 INFO o.a.j.t.JMeterThread: Thread started: Powerhouse Thread Group 1-88
2019-11-25 18:41:40,097 INFO o.a.j.t.JMeterThread: Thread started: Powerhouse Thread Group 1-89
2019-11-25 18:41:40,107 INFO o.a.j.t.JMeterThread: Thread started: Powerhouse Thread Group 1-90
2019-11-25 18:41:40,116 INFO o.a.j.t.JMeterThread: Thread started: Powerhouse Thread Group 1-91
2019-11-25 18:41:40,127 INFO o.a.j.t.JMeterThread: Thread started: Powerhouse Thread Group 1-92
2019-11-25 18:41:40,137 INFO o.a.j.t.JMeterThread: Thread started: Powerhouse Thread Group 1-93
2019-11-25 18:41:40,146 INFO o.a.j.t.JMeterThread: Thread started: Powerhouse Thread Group 1-94
2019-11-25 18:41:40,157 INFO o.a.j.t.JMeterThread: Thread started: Powerhouse Thread Group 1-95
2019-11-25 18:41:40,168 INFO o.a.j.t.JMeterThread: Thread started: Powerhouse Thread Group 1-96
2019-11-25 18:41:40,178 INFO o.a.j.t.JMeterThread: Thread started: Powerhouse Thread Group 1-97
2019-11-25 18:41:40,187 INFO o.a.j.t.JMeterThread: Thread started: Powerhouse Thread Group 1-98
2019-11-25 18:41:40,198 INFO o.a.j.t.JMeterThread: Thread started: Powerhouse Thread Group 1-99
2019-11-25 18:41:40,216 INFO o.a.j.t.JMeterThread: Thread started: Powerhouse Thread Group 1-100
2019-11-25 18:42:00,003 INFO o.a.j.r.Summariser: summary +   6909 in 00:00:21 =  331.7/s Avg:     0 Min:     0 Max:     1 Err:  6909 (100.00%) Active: 100 Started: 100 Finished: 0
2019-11-25 18:42:30,001 INFO o.a.j.r.Summariser: summary +   9999 in 00:00:30 =  333.3/s Avg:     0 Min:     0 Max:     1 Err:  9999 (100.00%) Active: 100 Started: 100 Finished: 0
2019-11-25 18:42:30,001 INFO o.a.j.r.Summariser: summary =  16908 in 00:00:51 =  332.7/s Avg:     0 Min:     0 Max:     1 Err: 16908 (100.00%)
2019-11-25 18:43:00,002 INFO o.a.j.r.Summariser: summary +  10000 in 00:00:30 =  333.3/s Avg:     0 Min:     0 Max:     1 Err: 10000 (100.00%) Active: 100 Started: 100 Finished: 0
2019-11-25 18:43:00,004 INFO o.a.j.r.Summariser: summary =  26908 in 00:01:21 =  332.9/s Avg:     0 Min:     0 Max:     1 Err: 26908 (100.00%)
2019-11-25 18:43:30,000 INFO o.a.j.r.Summariser: summary +  10000 in 00:00:30 =  333.3/s Avg:     0 Min:     0 Max:     1 Err: 10000 (100.00%) Active: 100 Started: 100 Finished: 0
2019-11-25 18:43:30,001 INFO o.a.j.r.Summariser: summary =  36908 in 00:01:51 =  333.0/s Avg:     0 Min:     0 Max:     1 Err: 36908 (100.00%)
2019-11-25 18:43:38,580 INFO o.a.j.t.JMeterThread: Thread is done: Powerhouse Thread Group 1-27
2019-11-25 18:43:38,581 INFO o.a.j.t.JMeterThread: Thread is done: Powerhouse Thread Group 1-9
2019-11-25 18:43:38,583 INFO o.a.j.t.JMeterThread: Thread is done: Powerhouse Thread Group 1-22
2019-11-25 18:43:38,584 INFO o.a.j.t.JMeterThread: Thread finished: Powerhouse Thread Group 1-22
2019-11-25 18:43:38,585 INFO o.a.j.t.JMeterThread: Thread is done: Powerhouse Thread Group 1-14
2019-11-25 18:43:38,581 INFO o.a.j.t.JMeterThread: Thread is done: Powerhouse Thread Group 1-5
2019-11-25 18:43:38,586 INFO o.a.j.t.JMeterThread: Thread is done: Powerhouse Thread Group 1-20
2019-11-25 18:43:38,587 INFO o.a.j.t.JMeterThread: Thread finished: Powerhouse Thread Group 1-20
2019-11-25 18:43:38,581 INFO o.a.j.t.JMeterThread: Thread finished: Powerhouse Thread Group 1-27
2019-11-25 18:43:38,587 INFO o.a.j.t.JMeterThread: Thread is done: Powerhouse Thread Group 1-17
2019-11-25 18:43:38,586 INFO o.a.j.t.JMeterThread: Thread finished: Powerhouse Thread Group 1-5
2019-11-25 18:43:38,586 INFO o.a.j.t.JMeterThread: Thread finished: Powerhouse Thread Group 1-14
2019-11-25 18:43:38,584 INFO o.a.j.t.JMeterThread: Thread finished: Powerhouse Thread Group 1-9
2019-11-25 18:43:38,588 INFO o.a.j.t.JMeterThread: Thread finished: Powerhouse Thread Group 1-17
2019-11-25 18:43:38,600 INFO o.a.j.t.JMeterThread: Thread is done: Powerhouse Thread Group 1-28
2019-11-25 18:43:38,601 INFO o.a.j.t.JMeterThread: Thread finished: Powerhouse Thread Group 1-28
2019-11-25 18:43:38,608 INFO o.a.j.t.JMeterThread: Thread is done: Powerhouse Thread Group 1-25
2019-11-25 18:43:38,608 INFO o.a.j.t.JMeterThread: Thread finished: Powerhouse Thread Group 1-25
2019-11-25 18:43:38,613 INFO o.a.j.t.JMeterThread: Thread is done: Powerhouse Thread Group 1-11
2019-11-25 18:43:38,614 INFO o.a.j.t.JMeterThread: Thread finished: Powerhouse Thread Group 1-11
2019-11-25 18:43:38,625 INFO o.a.j.t.JMeterThread: Thread is done: Powerhouse Thread Group 1-12
2019-11-25 18:43:38,626 INFO o.a.j.t.JMeterThread: Thread is done: Powerhouse Thread Group 1-3
2019-11-25 18:43:38,626 INFO o.a.j.t.JMeterThread: Thread finished: Powerhouse Thread Group 1-12
2019-11-25 18:43:38,627 INFO o.a.j.t.JMeterThread: Thread finished: Powerhouse Thread Group 1-3
2019-11-25 18:43:38,628 INFO o.a.j.t.JMeterThread: Thread is done: Powerhouse Thread Group 1-15
2019-11-25 18:43:38,630 INFO o.a.j.t.JMeterThread: Thread finished: Powerhouse Thread Group 1-15
2019-11-25 18:43:38,634 INFO o.a.j.t.JMeterThread: Thread is done: Powerhouse Thread Group 1-13
2019-11-25 18:43:38,634 INFO o.a.j.t.JMeterThread: Thread finished: Powerhouse Thread Group 1-13
2019-11-25 18:43:38,635 INFO o.a.j.t.JMeterThread: Thread is done: Powerhouse Thread Group 1-19
2019-11-25 18:43:38,636 INFO o.a.j.t.JMeterThread: Thread finished: Powerhouse Thread Group 1-19
2019-11-25 18:43:38,636 INFO o.a.j.t.JMeterThread: Thread is done: Powerhouse Thread Group 1-8
2019-11-25 18:43:38,637 INFO o.a.j.t.JMeterThread: Thread finished: Powerhouse Thread Group 1-8
2019-11-25 18:43:38,637 INFO o.a.j.t.JMeterThread: Thread is done: Powerhouse Thread Group 1-21
2019-11-25 18:43:38,638 INFO o.a.j.t.JMeterThread: Thread finished: Powerhouse Thread Group 1-21
2019-11-25 18:43:38,643 INFO o.a.j.t.JMeterThread: Thread is done: Powerhouse Thread Group 1-24
2019-11-25 18:43:38,644 INFO o.a.j.t.JMeterThread: Thread finished: Powerhouse Thread Group 1-24
2019-11-25 18:43:38,644 INFO o.a.j.t.JMeterThread: Thread is done: Powerhouse Thread Group 1-4
2019-11-25 18:43:38,646 INFO o.a.j.t.JMeterThread: Thread is done: Powerhouse Thread Group 1-6
2019-11-25 18:43:38,646 INFO o.a.j.t.JMeterThread: Thread finished: Powerhouse Thread Group 1-6
2019-11-25 18:43:38,645 INFO o.a.j.t.JMeterThread: Thread is done: Powerhouse Thread Group 1-30
2019-11-25 18:43:38,646 INFO o.a.j.t.JMeterThread: Thread finished: Powerhouse Thread Group 1-4
2019-11-25 18:43:38,647 INFO o.a.j.t.JMeterThread: Thread is done: Powerhouse Thread Group 1-10
2019-11-25 18:43:38,647 INFO o.a.j.t.JMeterThread: Thread is done: Powerhouse Thread Group 1-7
2019-11-25 18:43:38,648 INFO o.a.j.t.JMeterThread: Thread finished: Powerhouse Thread Group 1-10
2019-11-25 18:43:38,647 INFO o.a.j.t.JMeterThread: Thread finished: Powerhouse Thread Group 1-30
2019-11-25 18:43:38,658 INFO o.a.j.t.JMeterThread: Thread finished: Powerhouse Thread Group 1-7
2019-11-25 18:43:38,658 INFO o.a.j.t.JMeterThread: Thread is done: Powerhouse Thread Group 1-1
2019-11-25 18:43:38,659 INFO o.a.j.t.JMeterThread: Thread finished: Powerhouse Thread Group 1-1
2019-11-25 18:43:38,659 INFO o.a.j.t.JMeterThread: Thread is done: Powerhouse Thread Group 1-23
2019-11-25 18:43:38,660 INFO o.a.j.t.JMeterThread: Thread finished: Powerhouse Thread Group 1-23
2019-11-25 18:43:38,660 INFO o.a.j.t.JMeterThread: Thread is done: Powerhouse Thread Group 1-29
2019-11-25 18:43:38,661 INFO o.a.j.t.JMeterThread: Thread finished: Powerhouse Thread Group 1-29
2019-11-25 18:43:38,663 INFO o.a.j.t.JMeterThread: Thread is done: Powerhouse Thread Group 1-18
2019-11-25 18:43:38,663 INFO o.a.j.t.JMeterThread: Thread finished: Powerhouse Thread Group 1-18
2019-11-25 18:43:38,685 INFO o.a.j.t.JMeterThread: Thread is done: Powerhouse Thread Group 1-16
2019-11-25 18:43:38,686 INFO o.a.j.t.JMeterThread: Thread is done: Powerhouse Thread Group 1-2
2019-11-25 18:43:38,686 INFO o.a.j.t.JMeterThread: Thread finished: Powerhouse Thread Group 1-16
2019-11-25 18:43:38,687 INFO o.a.j.t.JMeterThread: Thread finished: Powerhouse Thread Group 1-2
2019-11-25 18:43:38,697 INFO o.a.j.t.JMeterThread: Thread is done: Powerhouse Thread Group 1-26
2019-11-25 18:43:38,697 INFO o.a.j.t.JMeterThread: Thread finished: Powerhouse Thread Group 1-26
2019-11-25 18:43:38,700 INFO o.a.j.t.JMeterThread: Thread is done: Powerhouse Thread Group 1-31
2019-11-25 18:43:38,700 INFO o.a.j.t.JMeterThread: Thread finished: Powerhouse Thread Group 1-31
2019-11-25 18:43:38,702 INFO o.a.j.t.JMeterThread: Thread is done: Powerhouse Thread Group 1-32
2019-11-25 18:43:38,703 INFO o.a.j.t.JMeterThread: Thread finished: Powerhouse Thread Group 1-32
2019-11-25 18:43:38,723 INFO o.a.j.t.JMeterThread: Thread is done: Powerhouse Thread Group 1-33
2019-11-25 18:43:38,724 INFO o.a.j.t.JMeterThread: Thread finished: Powerhouse Thread Group 1-33
2019-11-25 18:43:38,751 INFO o.a.j.t.JMeterThread: Thread is done: Powerhouse Thread Group 1-34
2019-11-25 18:43:38,752 INFO o.a.j.t.JMeterThread: Thread finished: Powerhouse Thread Group 1-34
2019-11-25 18:43:38,753 INFO o.a.j.t.JMeterThread: Thread is done: Powerhouse Thread Group 1-35
2019-11-25 18:43:38,753 INFO o.a.j.t.JMeterThread: Thread finished: Powerhouse Thread Group 1-35
2019-11-25 18:43:38,779 INFO o.a.j.t.JMeterThread: Thread is done: Powerhouse Thread Group 1-36
2019-11-25 18:43:38,780 INFO o.a.j.t.JMeterThread: Thread finished: Powerhouse Thread Group 1-36
2019-11-25 18:43:38,795 INFO o.a.j.t.JMeterThread: Thread is done: Powerhouse Thread Group 1-37
2019-11-25 18:43:38,795 INFO o.a.j.t.JMeterThread: Thread finished: Powerhouse Thread Group 1-37
2019-11-25 18:43:38,814 INFO o.a.j.t.JMeterThread: Thread is done: Powerhouse Thread Group 1-38
2019-11-25 18:43:38,815 INFO o.a.j.t.JMeterThread: Thread finished: Powerhouse Thread Group 1-38
2019-11-25 18:43:38,862 INFO o.a.j.t.JMeterThread: Thread is done: Powerhouse Thread Group 1-39
2019-11-25 18:43:38,863 INFO o.a.j.t.JMeterThread: Thread finished: Powerhouse Thread Group 1-39
2019-11-25 18:43:38,865 INFO o.a.j.t.JMeterThread: Thread is done: Powerhouse Thread Group 1-40
2019-11-25 18:43:38,866 INFO o.a.j.t.JMeterThread: Thread finished: Powerhouse Thread Group 1-40
2019-11-25 18:43:38,880 INFO o.a.j.t.JMeterThread: Thread is done: Powerhouse Thread Group 1-42
2019-11-25 18:43:38,880 INFO o.a.j.t.JMeterThread: Thread finished: Powerhouse Thread Group 1-42
2019-11-25 18:43:38,885 INFO o.a.j.t.JMeterThread: Thread is done: Powerhouse Thread Group 1-41
2019-11-25 18:43:38,886 INFO o.a.j.t.JMeterThread: Thread finished: Powerhouse Thread Group 1-41
2019-11-25 18:43:38,891 INFO o.a.j.t.JMeterThread: Thread is done: Powerhouse Thread Group 1-43
2019-11-25 18:43:38,892 INFO o.a.j.t.JMeterThread: Thread finished: Powerhouse Thread Group 1-43
2019-11-25 18:43:38,895 INFO o.a.j.t.JMeterThread: Thread is done: Powerhouse Thread Group 1-44
2019-11-25 18:43:38,896 INFO o.a.j.t.JMeterThread: Thread finished: Powerhouse Thread Group 1-44
2019-11-25 18:43:38,909 INFO o.a.j.t.JMeterThread: Thread is done: Powerhouse Thread Group 1-45
2019-11-25 18:43:38,910 INFO o.a.j.t.JMeterThread: Thread finished: Powerhouse Thread Group 1-45
2019-11-25 18:43:38,925 INFO o.a.j.t.JMeterThread: Thread is done: Powerhouse Thread Group 1-46
2019-11-25 18:43:38,926 INFO o.a.j.t.JMeterThread: Thread finished: Powerhouse Thread Group 1-46
2019-11-25 18:43:38,943 INFO o.a.j.t.JMeterThread: Thread is done: Powerhouse Thread Group 1-47
2019-11-25 18:43:38,944 INFO o.a.j.t.JMeterThread: Thread finished: Powerhouse Thread Group 1-47
2019-11-25 18:43:38,959 INFO o.a.j.t.JMeterThread: Thread is done: Powerhouse Thread Group 1-48
2019-11-25 18:43:38,960 INFO o.a.j.t.JMeterThread: Thread finished: Powerhouse Thread Group 1-48
2019-11-25 18:43:38,991 INFO o.a.j.t.JMeterThread: Thread is done: Powerhouse Thread Group 1-50
2019-11-25 18:43:38,992 INFO o.a.j.t.JMeterThread: Thread finished: Powerhouse Thread Group 1-50
2019-11-25 18:43:39,004 INFO o.a.j.t.JMeterThread: Thread is done: Powerhouse Thread Group 1-49
2019-11-25 18:43:39,005 INFO o.a.j.t.JMeterThread: Thread finished: Powerhouse Thread Group 1-49
2019-11-25 18:43:39,014 INFO o.a.j.t.JMeterThread: Thread is done: Powerhouse Thread Group 1-51
2019-11-25 18:43:39,015 INFO o.a.j.t.JMeterThread: Thread finished: Powerhouse Thread Group 1-51
2019-11-25 18:43:39,035 INFO o.a.j.t.JMeterThread: Thread is done: Powerhouse Thread Group 1-52
2019-11-25 18:43:39,036 INFO o.a.j.t.JMeterThread: Thread finished: Powerhouse Thread Group 1-52
2019-11-25 18:43:39,056 INFO o.a.j.t.JMeterThread: Thread is done: Powerhouse Thread Group 1-53
2019-11-25 18:43:39,057 INFO o.a.j.t.JMeterThread: Thread finished: Powerhouse Thread Group 1-53
2019-11-25 18:43:39,058 INFO o.a.j.t.JMeterThread: Thread is done: Powerhouse Thread Group 1-54
2019-11-25 18:43:39,059 INFO o.a.j.t.JMeterThread: Thread finished: Powerhouse Thread Group 1-54
2019-11-25 18:43:39,061 INFO o.a.j.t.JMeterThread: Thread is done: Powerhouse Thread Group 1-55
2019-11-25 18:43:39,061 INFO o.a.j.t.JMeterThread: Thread finished: Powerhouse Thread Group 1-55
2019-11-25 18:43:39,062 INFO o.a.j.t.JMeterThread: Thread is done: Powerhouse Thread Group 1-57
2019-11-25 18:43:39,062 INFO o.a.j.t.JMeterThread: Thread finished: Powerhouse Thread Group 1-57
2019-11-25 18:43:39,065 INFO o.a.j.t.JMeterThread: Thread is done: Powerhouse Thread Group 1-56
2019-11-25 18:43:39,065 INFO o.a.j.t.JMeterThread: Thread finished: Powerhouse Thread Group 1-56
2019-11-25 18:43:39,069 INFO o.a.j.t.JMeterThread: Thread is done: Powerhouse Thread Group 1-58
2019-11-25 18:43:39,069 INFO o.a.j.t.JMeterThread: Thread finished: Powerhouse Thread Group 1-58
2019-11-25 18:43:39,077 INFO o.a.j.t.JMeterThread: Thread is done: Powerhouse Thread Group 1-59
2019-11-25 18:43:39,078 INFO o.a.j.t.JMeterThread: Thread finished: Powerhouse Thread Group 1-59
2019-11-25 18:43:39,091 INFO o.a.j.t.JMeterThread: Thread is done: Powerhouse Thread Group 1-60
2019-11-25 18:43:39,092 INFO o.a.j.t.JMeterThread: Thread finished: Powerhouse Thread Group 1-60
2019-11-25 18:43:39,105 INFO o.a.j.t.JMeterThread: Thread is done: Powerhouse Thread Group 1-61
2019-11-25 18:43:39,106 INFO o.a.j.t.JMeterThread: Thread finished: Powerhouse Thread Group 1-61
2019-11-25 18:43:39,111 INFO o.a.j.t.JMeterThread: Thread is done: Powerhouse Thread Group 1-62
2019-11-25 18:43:39,112 INFO o.a.j.t.JMeterThread: Thread finished: Powerhouse Thread Group 1-62
2019-11-25 18:43:39,127 INFO o.a.j.t.JMeterThread: Thread is done: Powerhouse Thread Group 1-63
2019-11-25 18:43:39,128 INFO o.a.j.t.JMeterThread: Thread finished: Powerhouse Thread Group 1-63
2019-11-25 18:43:39,141 INFO o.a.j.t.JMeterThread: Thread is done: Powerhouse Thread Group 1-64
2019-11-25 18:43:39,142 INFO o.a.j.t.JMeterThread: Thread finished: Powerhouse Thread Group 1-64
2019-11-25 18:43:39,160 INFO o.a.j.t.JMeterThread: Thread is done: Powerhouse Thread Group 1-65
2019-11-25 18:43:39,161 INFO o.a.j.t.JMeterThread: Thread finished: Powerhouse Thread Group 1-65
2019-11-25 18:43:39,165 INFO o.a.j.t.JMeterThread: Thread is done: Powerhouse Thread Group 1-66
2019-11-25 18:43:39,166 INFO o.a.j.t.JMeterThread: Thread finished: Powerhouse Thread Group 1-66
2019-11-25 18:43:39,181 INFO o.a.j.t.JMeterThread: Thread is done: Powerhouse Thread Group 1-67
2019-11-25 18:43:39,182 INFO o.a.j.t.JMeterThread: Thread finished: Powerhouse Thread Group 1-67
2019-11-25 18:43:39,190 INFO o.a.j.t.JMeterThread: Thread is done: Powerhouse Thread Group 1-68
2019-11-25 18:43:39,190 INFO o.a.j.t.JMeterThread: Thread finished: Powerhouse Thread Group 1-68
2019-11-25 18:43:39,196 INFO o.a.j.t.JMeterThread: Thread is done: Powerhouse Thread Group 1-75
2019-11-25 18:43:39,197 INFO o.a.j.t.JMeterThread: Thread finished: Powerhouse Thread Group 1-75
2019-11-25 18:43:39,197 INFO o.a.j.t.JMeterThread: Thread is done: Powerhouse Thread Group 1-73
2019-11-25 18:43:39,198 INFO o.a.j.t.JMeterThread: Thread finished: Powerhouse Thread Group 1-73
2019-11-25 18:43:39,198 INFO o.a.j.t.JMeterThread: Thread is done: Powerhouse Thread Group 1-72
2019-11-25 18:43:39,199 INFO o.a.j.t.JMeterThread: Thread finished: Powerhouse Thread Group 1-72
2019-11-25 18:43:39,199 INFO o.a.j.t.JMeterThread: Thread is done: Powerhouse Thread Group 1-71
2019-11-25 18:43:39,200 INFO o.a.j.t.JMeterThread: Thread finished: Powerhouse Thread Group 1-71
2019-11-25 18:43:39,201 INFO o.a.j.t.JMeterThread: Thread is done: Powerhouse Thread Group 1-69
2019-11-25 18:43:39,201 INFO o.a.j.t.JMeterThread: Thread finished: Powerhouse Thread Group 1-69
2019-11-25 18:43:39,201 INFO o.a.j.t.JMeterThread: Thread is done: Powerhouse Thread Group 1-77
2019-11-25 18:43:39,202 INFO o.a.j.t.JMeterThread: Thread finished: Powerhouse Thread Group 1-77
2019-11-25 18:43:39,202 INFO o.a.j.t.JMeterThread: Thread is done: Powerhouse Thread Group 1-74
2019-11-25 18:43:39,202 INFO o.a.j.t.JMeterThread: Thread finished: Powerhouse Thread Group 1-74
2019-11-25 18:43:39,203 INFO o.a.j.t.JMeterThread: Thread is done: Powerhouse Thread Group 1-76
2019-11-25 18:43:39,203 INFO o.a.j.t.JMeterThread: Thread finished: Powerhouse Thread Group 1-76
2019-11-25 18:43:39,203 INFO o.a.j.t.JMeterThread: Thread is done: Powerhouse Thread Group 1-70
2019-11-25 18:43:39,204 INFO o.a.j.t.JMeterThread: Thread finished: Powerhouse Thread Group 1-70
2019-11-25 18:43:39,214 INFO o.a.j.t.JMeterThread: Thread is done: Powerhouse Thread Group 1-78
2019-11-25 18:43:39,215 INFO o.a.j.t.JMeterThread: Thread finished: Powerhouse Thread Group 1-78
2019-11-25 18:43:39,220 INFO o.a.j.t.JMeterThread: Thread is done: Powerhouse Thread Group 1-79
2019-11-25 18:43:39,220 INFO o.a.j.t.JMeterThread: Thread finished: Powerhouse Thread Group 1-79
2019-11-25 18:43:39,230 INFO o.a.j.t.JMeterThread: Thread is done: Powerhouse Thread Group 1-80
2019-11-25 18:43:39,231 INFO o.a.j.t.JMeterThread: Thread finished: Powerhouse Thread Group 1-80
2019-11-25 18:43:39,232 INFO o.a.j.t.JMeterThread: Thread is done: Powerhouse Thread Group 1-81
2019-11-25 18:43:39,232 INFO o.a.j.t.JMeterThread: Thread finished: Powerhouse Thread Group 1-81
2019-11-25 18:43:39,242 INFO o.a.j.t.JMeterThread: Thread is done: Powerhouse Thread Group 1-82
2019-11-25 18:43:39,243 INFO o.a.j.t.JMeterThread: Thread finished: Powerhouse Thread Group 1-82
2019-11-25 18:43:39,250 INFO o.a.j.t.JMeterThread: Thread is done: Powerhouse Thread Group 1-83
2019-11-25 18:43:39,251 INFO o.a.j.t.JMeterThread: Thread finished: Powerhouse Thread Group 1-83
2019-11-25 18:43:39,257 INFO o.a.j.t.JMeterThread: Thread is done: Powerhouse Thread Group 1-84
2019-11-25 18:43:39,258 INFO o.a.j.t.JMeterThread: Thread finished: Powerhouse Thread Group 1-84
2019-11-25 18:43:39,266 INFO o.a.j.t.JMeterThread: Thread is done: Powerhouse Thread Group 1-85
2019-11-25 18:43:39,267 INFO o.a.j.t.JMeterThread: Thread finished: Powerhouse Thread Group 1-85
2019-11-25 18:43:39,271 INFO o.a.j.t.JMeterThread: Thread is done: Powerhouse Thread Group 1-86
2019-11-25 18:43:39,271 INFO o.a.j.t.JMeterThread: Thread finished: Powerhouse Thread Group 1-86
2019-11-25 18:43:39,271 INFO o.a.j.t.JMeterThread: Thread is done: Powerhouse Thread Group 1-97
2019-11-25 18:43:39,272 INFO o.a.j.t.JMeterThread: Thread finished: Powerhouse Thread Group 1-97
2019-11-25 18:43:39,275 INFO o.a.j.t.JMeterThread: Thread is done: Powerhouse Thread Group 1-98
2019-11-25 18:43:39,275 INFO o.a.j.t.JMeterThread: Thread finished: Powerhouse Thread Group 1-98
2019-11-25 18:43:39,275 INFO o.a.j.t.JMeterThread: Thread is done: Powerhouse Thread Group 1-87
2019-11-25 18:43:39,276 INFO o.a.j.t.JMeterThread: Thread finished: Powerhouse Thread Group 1-87
2019-11-25 18:43:39,276 INFO o.a.j.t.JMeterThread: Thread is done: Powerhouse Thread Group 1-99
2019-11-25 18:43:39,277 INFO o.a.j.t.JMeterThread: Thread finished: Powerhouse Thread Group 1-99
2019-11-25 18:43:39,279 INFO o.a.j.t.JMeterThread: Thread is done: Powerhouse Thread Group 1-100
2019-11-25 18:43:39,279 INFO o.a.j.t.JMeterThread: Thread finished: Powerhouse Thread Group 1-100
2019-11-25 18:43:39,283 INFO o.a.j.t.JMeterThread: Thread is done: Powerhouse Thread Group 1-88
2019-11-25 18:43:39,283 INFO o.a.j.t.JMeterThread: Thread is done: Powerhouse Thread Group 1-92
2019-11-25 18:43:39,284 INFO o.a.j.t.JMeterThread: Thread finished: Powerhouse Thread Group 1-92
2019-11-25 18:43:39,284 INFO o.a.j.t.JMeterThread: Thread is done: Powerhouse Thread Group 1-90
2019-11-25 18:43:39,283 INFO o.a.j.t.JMeterThread: Thread finished: Powerhouse Thread Group 1-88
2019-11-25 18:43:39,285 INFO o.a.j.t.JMeterThread: Thread is done: Powerhouse Thread Group 1-95
2019-11-25 18:43:39,286 INFO o.a.j.t.JMeterThread: Thread finished: Powerhouse Thread Group 1-95
2019-11-25 18:43:39,285 INFO o.a.j.t.JMeterThread: Thread finished: Powerhouse Thread Group 1-90
2019-11-25 18:43:39,285 INFO o.a.j.t.JMeterThread: Thread is done: Powerhouse Thread Group 1-96
2019-11-25 18:43:39,287 INFO o.a.j.t.JMeterThread: Thread finished: Powerhouse Thread Group 1-96
2019-11-25 18:43:39,287 INFO o.a.j.t.JMeterThread: Thread is done: Powerhouse Thread Group 1-89
2019-11-25 18:43:39,288 INFO o.a.j.t.JMeterThread: Thread finished: Powerhouse Thread Group 1-89
2019-11-25 18:43:39,290 INFO o.a.j.t.JMeterThread: Thread is done: Powerhouse Thread Group 1-91
2019-11-25 18:43:39,290 INFO o.a.j.t.JMeterThread: Thread finished: Powerhouse Thread Group 1-91
2019-11-25 18:43:39,290 INFO o.a.j.t.JMeterThread: Thread is done: Powerhouse Thread Group 1-94
2019-11-25 18:43:39,291 INFO o.a.j.t.JMeterThread: Thread finished: Powerhouse Thread Group 1-94
2019-11-25 18:43:39,291 INFO o.a.j.t.JMeterThread: Thread is done: Powerhouse Thread Group 1-93
2019-11-25 18:43:39,291 INFO o.a.j.t.JMeterThread: Thread finished: Powerhouse Thread Group 1-93
2019-11-25 18:43:39,292 INFO o.a.j.e.StandardJMeterEngine: Starting ThreadGroup: 2 : Powerhouse Thread Group - Search
2019-11-25 18:43:39,292 INFO o.a.j.e.StandardJMeterEngine: Starting 10 threads for group Powerhouse Thread Group - Search.
2019-11-25 18:43:39,292 INFO o.a.j.e.StandardJMeterEngine: Thread will continue on error
2019-11-25 18:43:39,293 INFO o.a.j.t.ThreadGroup: Starting thread group... number=2 threads=10 ramp-up=5 delayedStart=false
2019-11-25 18:43:39,293 INFO o.a.j.t.JMeterThread: Thread started: Powerhouse Thread Group - Search 2-1
2019-11-25 18:43:39,299 INFO o.a.j.t.ThreadGroup: Started thread group number 2
2019-11-25 18:43:39,299 INFO o.a.j.e.StandardJMeterEngine: All thread groups have been started
2019-11-25 18:43:39,300 INFO o.a.j.t.JMeterThread: Thread is done: Powerhouse Thread Group - Search 2-1
2019-11-25 18:43:39,301 INFO o.a.j.t.JMeterThread: Thread finished: Powerhouse Thread Group - Search 2-1
2019-11-25 18:43:39,795 INFO o.a.j.t.JMeterThread: Thread started: Powerhouse Thread Group - Search 2-2
2019-11-25 18:43:39,805 INFO o.a.j.t.JMeterThread: Thread is done: Powerhouse Thread Group - Search 2-2
2019-11-25 18:43:39,805 INFO o.a.j.t.JMeterThread: Thread finished: Powerhouse Thread Group - Search 2-2
2019-11-25 18:43:40,299 INFO o.a.j.t.JMeterThread: Thread started: Powerhouse Thread Group - Search 2-3
2019-11-25 18:43:40,310 INFO o.a.j.t.JMeterThread: Thread is done: Powerhouse Thread Group - Search 2-3
2019-11-25 18:43:40,310 INFO o.a.j.t.JMeterThread: Thread finished: Powerhouse Thread Group - Search 2-3
2019-11-25 18:43:40,801 INFO o.a.j.t.JMeterThread: Thread started: Powerhouse Thread Group - Search 2-4
2019-11-25 18:43:40,809 INFO o.a.j.t.JMeterThread: Thread is done: Powerhouse Thread Group - Search 2-4
2019-11-25 18:43:40,810 INFO o.a.j.t.JMeterThread: Thread finished: Powerhouse Thread Group - Search 2-4
2019-11-25 18:43:41,294 INFO o.a.j.t.JMeterThread: Thread started: Powerhouse Thread Group - Search 2-5
2019-11-25 18:43:41,302 INFO o.a.j.t.JMeterThread: Thread is done: Powerhouse Thread Group - Search 2-5
2019-11-25 18:43:41,302 INFO o.a.j.t.JMeterThread: Thread finished: Powerhouse Thread Group - Search 2-5
2019-11-25 18:43:41,798 INFO o.a.j.t.JMeterThread: Thread started: Powerhouse Thread Group - Search 2-6
2019-11-25 18:43:41,807 INFO o.a.j.t.JMeterThread: Thread is done: Powerhouse Thread Group - Search 2-6
2019-11-25 18:43:41,808 INFO o.a.j.t.JMeterThread: Thread finished: Powerhouse Thread Group - Search 2-6
2019-11-25 18:43:42,298 INFO o.a.j.t.JMeterThread: Thread started: Powerhouse Thread Group - Search 2-7
2019-11-25 18:43:42,305 INFO o.a.j.t.JMeterThread: Thread is done: Powerhouse Thread Group - Search 2-7
2019-11-25 18:43:42,305 INFO o.a.j.t.JMeterThread: Thread finished: Powerhouse Thread Group - Search 2-7
2019-11-25 18:43:42,799 INFO o.a.j.t.JMeterThread: Thread started: Powerhouse Thread Group - Search 2-8
2019-11-25 18:43:42,807 INFO o.a.j.t.JMeterThread: Thread is done: Powerhouse Thread Group - Search 2-8
2019-11-25 18:43:42,808 INFO o.a.j.t.JMeterThread: Thread finished: Powerhouse Thread Group - Search 2-8
2019-11-25 18:43:43,297 INFO o.a.j.t.JMeterThread: Thread started: Powerhouse Thread Group - Search 2-9
2019-11-25 18:43:43,307 INFO o.a.j.t.JMeterThread: Thread is done: Powerhouse Thread Group - Search 2-9
2019-11-25 18:43:43,308 INFO o.a.j.t.JMeterThread: Thread finished: Powerhouse Thread Group - Search 2-9
2019-11-25 18:43:43,796 INFO o.a.j.t.JMeterThread: Thread started: Powerhouse Thread Group - Search 2-10
2019-11-25 18:43:43,804 INFO o.a.j.t.JMeterThread: Thread is done: Powerhouse Thread Group - Search 2-10
2019-11-25 18:43:43,804 INFO o.a.j.t.JMeterThread: Thread finished: Powerhouse Thread Group - Search 2-10
2019-11-25 18:43:43,805 INFO o.a.j.e.StandardJMeterEngine: Notifying test listeners of end of test
2019-11-25 18:43:43,805 INFO o.a.j.s.FileServer: Close: a4.txt
2019-11-25 18:43:43,807 INFO o.a.j.s.FileServer: Close: a3.txt
2019-11-25 18:43:43,810 INFO o.a.j.r.Summariser: summary +   3102 in 00:00:14 =  224.6/s Avg:     0 Min:     0 Max:     1 Err:  3102 (100.00%) Active: 0 Started: 110 Finished: 110
2019-11-25 18:43:43,811 INFO o.a.j.r.Summariser: summary =  40010 in 00:02:05 =  321.0/s Avg:     0 Min:     0 Max:     1 Err: 40010 (100.00%)
2019-11-25 18:43:43,812 INFO o.a.j.JMeter: Generating Dashboard
2019-11-25 18:43:43,812 INFO o.a.j.r.d.ReportGenerator: Flushing result collector before report Generation
2019-11-25 18:43:43,888 INFO o.a.j.r.p.NormalizerSampleConsumer: Using format, 'ms', to parse timeStamp field
2019-11-25 18:43:46,400 INFO o.a.j.r.p.AbstractSampleConsumer: class org.apache.jmeter.report.processor.AggregateConsumer#stopProducing(): beginDate produced 0 samples
2019-11-25 18:43:46,400 INFO o.a.j.r.p.AbstractSampleConsumer: class org.apache.jmeter.report.processor.AggregateConsumer#stopProducing(): endDate produced 0 samples
2019-11-25 18:43:46,405 INFO o.a.j.r.p.AbstractSampleConsumer: class org.apache.jmeter.report.processor.ApdexSummaryConsumer#stopProducing(): apdexSummary produced 0 samples
2019-11-25 18:43:46,405 INFO o.a.j.r.p.AbstractSampleConsumer: class org.apache.jmeter.report.processor.RequestsSummaryConsumer#stopProducing(): requestsSummary produced 0 samples
2019-11-25 18:43:46,428 INFO o.a.j.r.p.AbstractSampleConsumer: class org.apache.jmeter.report.processor.StatisticsSummaryConsumer#stopProducing(): statisticsSummary produced 0 samples
2019-11-25 18:43:46,441 INFO o.a.j.r.p.AbstractSampleConsumer: class org.apache.jmeter.report.processor.Top5ErrorsBySamplerConsumer#stopProducing(): top5ErrorsBySampler produced 0 samples
2019-11-25 18:43:46,442 INFO o.a.j.r.p.AbstractSampleConsumer: class org.apache.jmeter.report.processor.ErrorsSummaryConsumer#stopProducing(): errorsSummary produced 0 samples
2019-11-25 18:43:46,443 INFO o.a.j.r.p.AbstractSampleConsumer: class org.apache.jmeter.report.processor.graph.impl.HitsPerSecondGraphConsumer#stopProducing(): hitsPerSecond produced 0 samples
2019-11-25 18:43:46,670 INFO o.a.j.r.p.AbstractSampleConsumer: class org.apache.jmeter.report.processor.graph.impl.LatencyVSRequestGraphConsumer#stopProducing(): latencyVsRequest produced 0 samples
2019-11-25 18:43:46,672 INFO o.a.j.r.p.AbstractSampleConsumer: class org.apache.jmeter.report.processor.graph.impl.SyntheticResponseTimeDistributionGraphConsumer#stopProducing(): syntheticResponseTimeDistribution produced 0 samples
2019-11-25 18:43:46,673 INFO o.a.j.r.p.AbstractSampleConsumer: class org.apache.jmeter.report.processor.graph.impl.BytesThroughputGraphConsumer#stopProducing(): bytesThroughputOverTime produced 0 samples
2019-11-25 18:43:46,673 INFO o.a.j.r.p.AbstractSampleConsumer: class org.apache.jmeter.report.processor.graph.impl.CodesPerSecondGraphConsumer#stopProducing(): codesPerSecond produced 0 samples
2019-11-25 18:43:46,846 INFO o.a.j.r.p.AbstractSampleConsumer: class org.apache.jmeter.report.processor.graph.impl.ResponseTimeVSRequestGraphConsumer#stopProducing(): responseTimeVsRequest produced 0 samples
2019-11-25 18:43:46,848 INFO o.a.j.r.p.AbstractSampleConsumer: class org.apache.jmeter.report.processor.FilterConsumer#stopProducing(): startIntervalControlerFilter produced 280070 samples
2019-11-25 18:43:46,848 INFO o.a.j.r.p.AbstractSampleConsumer: class org.apache.jmeter.report.processor.graph.impl.TotalTPSGraphConsumer#stopProducing(): totalTPS produced 0 samples
2019-11-25 18:43:46,849 INFO o.a.j.r.p.AbstractSampleConsumer: class org.apache.jmeter.report.processor.graph.impl.ActiveThreadsGraphConsumer#stopProducing(): activeThreadsOverTime produced 0 samples
2019-11-25 18:43:46,849 INFO o.a.j.r.p.AbstractSampleConsumer: class org.apache.jmeter.report.processor.graph.impl.TimeVSThreadGraphConsumer#stopProducing(): timeVsThreads produced 0 samples
2019-11-25 18:43:46,850 INFO o.a.j.r.p.AbstractSampleConsumer: class org.apache.jmeter.report.processor.graph.impl.ResponseTimeDistributionGraphConsumer#stopProducing(): responseTimeDistribution produced 0 samples
2019-11-25 18:43:46,851 INFO o.a.j.r.p.AbstractSampleConsumer: class org.apache.jmeter.report.processor.graph.impl.TransactionsPerSecondGraphConsumer#stopProducing(): transactionsPerSecond produced 0 samples
2019-11-25 18:43:46,851 INFO o.a.j.r.p.AbstractSampleConsumer: class org.apache.jmeter.report.processor.graph.impl.ResponseTimePercentilesGraphConsumer#stopProducing(): responseTimePercentiles produced 0 samples
2019-11-25 18:43:46,852 INFO o.a.j.r.p.AbstractSampleConsumer: class org.apache.jmeter.report.processor.graph.impl.ResponseTimePercentilesOverTimeGraphConsumer#stopProducing(): responseTimePercentilesOverTime produced 0 samples
2019-11-25 18:43:46,853 INFO o.a.j.r.p.AbstractSampleConsumer: class org.apache.jmeter.report.processor.graph.impl.ResponseTimeOverTimeGraphConsumer#stopProducing(): responseTimesOverTime produced 0 samples
2019-11-25 18:43:46,853 INFO o.a.j.r.p.AbstractSampleConsumer: class org.apache.jmeter.report.processor.graph.impl.ConnectTimeOverTimeGraphConsumer#stopProducing(): connectTimeOverTime produced 0 samples
2019-11-25 18:43:46,854 INFO o.a.j.r.p.AbstractSampleConsumer: class org.apache.jmeter.report.processor.graph.impl.LatencyOverTimeGraphConsumer#stopProducing(): latenciesOverTime produced 0 samples
2019-11-25 18:43:46,854 INFO o.a.j.r.p.AbstractSampleConsumer: class org.apache.jmeter.report.processor.FilterConsumer#stopProducing(): nameFilter produced 600150 samples
2019-11-25 18:43:46,855 INFO o.a.j.r.p.AbstractSampleConsumer: class org.apache.jmeter.report.processor.FilterConsumer#stopProducing(): dateRangeFilter produced 120030 samples
2019-11-25 18:43:46,855 INFO o.a.j.r.p.AbstractSampleConsumer: class org.apache.jmeter.report.processor.NormalizerSampleConsumer#stopProducing(): normalizer produced 40010 samples
2019-11-25 18:43:46,856 INFO o.a.j.r.p.CsvFileSampleSource: produce(): 40010 samples produced in 2s 919 ms on channel 0
2019-11-25 18:43:46,857 INFO o.a.j.r.d.ReportGenerator: Exporting data using exporter:'json' of className:'org.apache.jmeter.report.dashboard.JsonExporter'
2019-11-25 18:43:46,860 INFO o.a.j.r.d.JsonExporter: Found data for consumer statisticsSummaryin context
2019-11-25 18:43:46,861 INFO o.a.j.r.d.JsonExporter: Creating statistics for overall
2019-11-25 18:43:46,862 INFO o.a.j.r.d.JsonExporter: Creating statistics for other transactions
2019-11-25 18:43:46,863 INFO o.a.j.r.d.JsonExporter: Checking output folder
2019-11-25 18:43:46,866 INFO o.a.j.r.d.JsonExporter: Writing statistics JSON to /mnt/jmeter/tmp/jmeter_resource_20191126_001130/statistics.json
2019-11-25 18:43:47,176 INFO o.a.j.r.d.ReportGenerator: Exporting data using exporter:'html' of className:'org.apache.jmeter.report.dashboard.HtmlTemplateExporter'
2019-11-25 18:43:47,186 INFO o.a.j.r.d.HtmlTemplateExporter: Will generate dashboard in folder: /mnt/jmeter/tmp/jmeter_resource_20191126_001130
2019-11-25 18:43:47,310 INFO o.a.j.r.d.HtmlTemplateExporter: Report will be generated in: /mnt/jmeter/tmp/jmeter_resource_20191126_001130, creating folder structure
2019-11-25 18:43:47,323 INFO o.a.j.r.d.TemplateVisitor: Copying folder from '/opt/apache-jmeter-5.1.1/bin/report-template' to '/mnt/jmeter/tmp/jmeter_resource_20191126_001130', got message:[/mnt/jmeter/tmp/jmeter_resource_20191126_001130/statistics.json], found non empty folder with following content {}, will be ignored
2019-11-25 18:43:48,107 INFO o.a.j.JMeter: Dashboard generated
