2019-11-25 16:03:14,282 INFO o.a.j.u.JMeterUtils: Setting Locale to en_EN
2019-11-25 16:03:14,317 INFO o.a.j.JMeter: Loading user properties from: /opt/apache-jmeter-5.1.1/bin/user.properties
2019-11-25 16:03:14,318 INFO o.a.j.JMeter: Loading system properties from: /opt/apache-jmeter-5.1.1/bin/system.properties
2019-11-25 16:03:14,326 INFO o.a.j.JMeter: Copyright (c) 1998-2019 The Apache Software Foundation
2019-11-25 16:03:14,327 INFO o.a.j.JMeter: Version 5.1.1 r1855137
2019-11-25 16:03:14,327 INFO o.a.j.JMeter: java.version=1.8.0_222
2019-11-25 16:03:14,328 INFO o.a.j.JMeter: java.vm.name=OpenJDK 64-Bit Server VM
2019-11-25 16:03:14,328 INFO o.a.j.JMeter: os.name=Linux
2019-11-25 16:03:14,328 INFO o.a.j.JMeter: os.arch=amd64
2019-11-25 16:03:14,329 INFO o.a.j.JMeter: os.version=4.9.125-linuxkit
2019-11-25 16:03:14,329 INFO o.a.j.JMeter: file.encoding=UTF-8
2019-11-25 16:03:14,329 INFO o.a.j.JMeter: java.awt.headless=true
2019-11-25 16:03:14,330 INFO o.a.j.JMeter: Max memory     =327155712
2019-11-25 16:03:14,330 INFO o.a.j.JMeter: Available Processors =6
2019-11-25 16:03:14,336 INFO o.a.j.JMeter: Default Locale=English (EN)
2019-11-25 16:03:14,337 INFO o.a.j.JMeter: JMeter  Locale=English (EN)
2019-11-25 16:03:14,337 INFO o.a.j.JMeter: JMeterHome=/opt/apache-jmeter-5.1.1
2019-11-25 16:03:14,337 INFO o.a.j.JMeter: user.dir  =/opt/apache-jmeter-5.1.1
2019-11-25 16:03:14,338 INFO o.a.j.JMeter: PWD       =/opt/apache-jmeter-5.1.1
2019-11-25 16:03:14,341 ERROR o.a.j.u.JMeterUtils: Unable to get local host IP address.
java.net.UnknownHostException: linuxkit-025000000001: linuxkit-025000000001: Name does not resolve
	at java.net.InetAddress.getLocalHost(InetAddress.java:1506) ~[?:1.8.0_222]
	at org.apache.jmeter.util.JMeterUtils.getLocalHostDetails(JMeterUtils.java:1098) [ApacheJMeter_core.jar:5.1.1 r1855137]
	at org.apache.jmeter.util.JMeterUtils.getLocalHostIP(JMeterUtils.java:1064) [ApacheJMeter_core.jar:5.1.1 r1855137]
	at org.apache.jmeter.JMeter.start(JMeter.java:487) [ApacheJMeter_core.jar:5.1.1 r1855137]
	at sun.reflect.NativeMethodAccessorImpl.invoke0(Native Method) ~[?:1.8.0_222]
	at sun.reflect.NativeMethodAccessorImpl.invoke(NativeMethodAccessorImpl.java:62) ~[?:1.8.0_222]
	at sun.reflect.DelegatingMethodAccessorImpl.invoke(DelegatingMethodAccessorImpl.java:43) ~[?:1.8.0_222]
	at java.lang.reflect.Method.invoke(Method.java:498) ~[?:1.8.0_222]
	at org.apache.jmeter.NewDriver.main(NewDriver.java:253) [ApacheJMeter.jar:5.1.1 r1855137]
Caused by: java.net.UnknownHostException: linuxkit-025000000001: Name does not resolve
	at java.net.Inet6AddressImpl.lookupAllHostAddr(Native Method) ~[?:1.8.0_222]
	at java.net.InetAddress$2.lookupAllHostAddr(InetAddress.java:929) ~[?:1.8.0_222]
	at java.net.InetAddress.getAddressesFromNameService(InetAddress.java:1324) ~[?:1.8.0_222]
	at java.net.InetAddress.getLocalHost(InetAddress.java:1501) ~[?:1.8.0_222]
	... 8 more
2019-11-25 16:03:14,349 ERROR o.a.j.u.JMeterUtils: Unable to get local host IP address.
java.net.UnknownHostException: linuxkit-025000000001: linuxkit-025000000001: Name does not resolve
	at java.net.InetAddress.getLocalHost(InetAddress.java:1506) ~[?:1.8.0_222]
	at org.apache.jmeter.util.JMeterUtils.getLocalHostDetails(JMeterUtils.java:1098) [ApacheJMeter_core.jar:5.1.1 r1855137]
	at org.apache.jmeter.util.JMeterUtils.getLocalHostName(JMeterUtils.java:1077) [ApacheJMeter_core.jar:5.1.1 r1855137]
	at org.apache.jmeter.JMeter.start(JMeter.java:487) [ApacheJMeter_core.jar:5.1.1 r1855137]
	at sun.reflect.NativeMethodAccessorImpl.invoke0(Native Method) ~[?:1.8.0_222]
	at sun.reflect.NativeMethodAccessorImpl.invoke(NativeMethodAccessorImpl.java:62) ~[?:1.8.0_222]
	at sun.reflect.DelegatingMethodAccessorImpl.invoke(DelegatingMethodAccessorImpl.java:43) ~[?:1.8.0_222]
	at java.lang.reflect.Method.invoke(Method.java:498) ~[?:1.8.0_222]
	at org.apache.jmeter.NewDriver.main(NewDriver.java:253) [ApacheJMeter.jar:5.1.1 r1855137]
Caused by: java.net.UnknownHostException: linuxkit-025000000001: Name does not resolve
	at java.net.Inet6AddressImpl.lookupAllHostAddr(Native Method) ~[?:1.8.0_222]
	at java.net.InetAddress$2.lookupAllHostAddr(InetAddress.java:929) ~[?:1.8.0_222]
	at java.net.InetAddress.getAddressesFromNameService(InetAddress.java:1324) ~[?:1.8.0_222]
	at java.net.InetAddress.getLocalHost(InetAddress.java:1501) ~[?:1.8.0_222]
	... 8 more
2019-11-25 16:03:14,352 ERROR o.a.j.u.JMeterUtils: Unable to get local host IP address.
java.net.UnknownHostException: linuxkit-025000000001: linuxkit-025000000001: Name does not resolve
	at java.net.InetAddress.getLocalHost(InetAddress.java:1506) ~[?:1.8.0_222]
	at org.apache.jmeter.util.JMeterUtils.getLocalHostDetails(JMeterUtils.java:1098) [ApacheJMeter_core.jar:5.1.1 r1855137]
	at org.apache.jmeter.util.JMeterUtils.getLocalHostFullName(JMeterUtils.java:1090) [ApacheJMeter_core.jar:5.1.1 r1855137]
	at org.apache.jmeter.JMeter.start(JMeter.java:488) [ApacheJMeter_core.jar:5.1.1 r1855137]
	at sun.reflect.NativeMethodAccessorImpl.invoke0(Native Method) ~[?:1.8.0_222]
	at sun.reflect.NativeMethodAccessorImpl.invoke(NativeMethodAccessorImpl.java:62) ~[?:1.8.0_222]
	at sun.reflect.DelegatingMethodAccessorImpl.invoke(DelegatingMethodAccessorImpl.java:43) ~[?:1.8.0_222]
	at java.lang.reflect.Method.invoke(Method.java:498) ~[?:1.8.0_222]
	at org.apache.jmeter.NewDriver.main(NewDriver.java:253) [ApacheJMeter.jar:5.1.1 r1855137]
Caused by: java.net.UnknownHostException: linuxkit-025000000001: Name does not resolve
	at java.net.Inet6AddressImpl.lookupAllHostAddr(Native Method) ~[?:1.8.0_222]
	at java.net.InetAddress$2.lookupAllHostAddr(InetAddress.java:929) ~[?:1.8.0_222]
	at java.net.InetAddress.getAddressesFromNameService(InetAddress.java:1324) ~[?:1.8.0_222]
	at java.net.InetAddress.getLocalHost(InetAddress.java:1501) ~[?:1.8.0_222]
	... 8 more
2019-11-25 16:03:14,353 INFO o.a.j.JMeter: IP: null Name: null FullName: null
2019-11-25 16:03:14,358 INFO o.a.j.JMeter: Setting property 'jmeter.reportgenerator.outputdir' to:'/mnt/jmeter/tmp/jmeter_resource_20191125_213306'
2019-11-25 16:03:14,364 INFO o.a.j.s.FileServer: Default base='/opt/apache-jmeter-5.1.1'
2019-11-25 16:03:14,375 INFO o.a.j.s.FileServer: Set new base='/mnt/jmeter'
2019-11-25 16:03:14,646 INFO o.a.j.s.SaveService: Testplan (JMX) version: 2.2. Testlog (JTL) version: 2.2
2019-11-25 16:03:14,679 INFO o.a.j.s.SaveService: Using SaveService properties file encoding UTF-8
2019-11-25 16:03:14,688 INFO o.a.j.s.SaveService: Using SaveService properties version 5.0
2019-11-25 16:03:14,705 INFO o.a.j.s.SaveService: Loading file: /mnt/jmeter/pshool.jmx
2019-11-25 16:03:14,791 INFO o.a.j.p.h.s.HTTPSamplerBase: Parser for text/html is org.apache.jmeter.protocol.http.parser.LagartoBasedHtmlParser
2019-11-25 16:03:14,792 INFO o.a.j.p.h.s.HTTPSamplerBase: Parser for application/xhtml+xml is org.apache.jmeter.protocol.http.parser.LagartoBasedHtmlParser
2019-11-25 16:03:14,792 INFO o.a.j.p.h.s.HTTPSamplerBase: Parser for application/xml is org.apache.jmeter.protocol.http.parser.LagartoBasedHtmlParser
2019-11-25 16:03:14,792 INFO o.a.j.p.h.s.HTTPSamplerBase: Parser for text/xml is org.apache.jmeter.protocol.http.parser.LagartoBasedHtmlParser
2019-11-25 16:03:14,793 INFO o.a.j.p.h.s.HTTPSamplerBase: Parser for text/vnd.wap.wml is org.apache.jmeter.protocol.http.parser.RegexpHTMLParser
2019-11-25 16:03:14,793 INFO o.a.j.p.h.s.HTTPSamplerBase: Parser for text/css is org.apache.jmeter.protocol.http.parser.CssParser
2019-11-25 16:03:14,873 INFO o.a.j.JMeter: Creating summariser <summary>
2019-11-25 16:03:14,891 INFO o.a.j.r.d.ReportGenerator: ReportGenerator will use for Parsing the separator: ','
2019-11-25 16:03:14,893 INFO o.a.j.r.d.ReportGenerator: Will generate report at end of test from  results file: /mnt/jmeter/tmp/result_20191125_213306.jtl
2019-11-25 16:03:14,893 INFO o.a.j.r.d.ReportGenerator: Reading report generator properties from: /opt/apache-jmeter-5.1.1/bin/reportgenerator.properties
2019-11-25 16:03:14,895 INFO o.a.j.r.d.ReportGenerator: Merging with JMeter properties
2019-11-25 16:03:14,903 INFO o.a.j.r.c.ReportGeneratorConfiguration: Property 'jmeter.reportgenerator.temp_dir' not found, using default value 'temp' instead.
2019-11-25 16:03:14,910 INFO o.a.j.r.c.ReportGeneratorConfiguration: Property 'jmeter.reportgenerator.apdex_per_transaction' not found, using default value 'null' instead.
2019-11-25 16:03:14,910 INFO o.a.j.r.c.ReportGeneratorConfiguration: apdex_per_transaction : {} is empty, not APDEX per transaction customization
2019-11-25 16:03:14,911 INFO o.a.j.r.c.ReportGeneratorConfiguration: Property 'jmeter.reportgenerator.sample_filter' not found, using default value 'null' instead.
2019-11-25 16:03:14,911 INFO o.a.j.r.c.ReportGeneratorConfiguration: Property 'jmeter.reportgenerator.report_title' not found, using default value 'null' instead.
2019-11-25 16:03:14,912 INFO o.a.j.r.c.ReportGeneratorConfiguration: Property 'jmeter.reportgenerator.start_date' not found, using default value 'null' instead.
2019-11-25 16:03:14,912 INFO o.a.j.r.c.ReportGeneratorConfiguration: Property 'jmeter.reportgenerator.end_date' not found, using default value 'null' instead.
2019-11-25 16:03:14,913 INFO o.a.j.r.c.ReportGeneratorConfiguration: Property 'jmeter.reportgenerator.date_format' not found, using default value 'null' instead.
2019-11-25 16:03:14,913 INFO o.a.j.r.c.ReportGeneratorConfiguration: Will use date range start date: null, end date: null
2019-11-25 16:03:14,921 INFO o.a.j.r.c.ReportGeneratorConfiguration: Property 'jmeter.reportgenerator.graph.totalTPS.exclude_controllers' not found, using default value 'false' instead.
2019-11-25 16:03:14,922 INFO o.a.j.r.c.ReportGeneratorConfiguration: Property 'jmeter.reportgenerator.graph.activeThreadsOverTime.exclude_controllers' not found, using default value 'false' instead.
2019-11-25 16:03:14,923 INFO o.a.j.r.c.ReportGeneratorConfiguration: Property 'jmeter.reportgenerator.graph.timeVsThreads.exclude_controllers' not found, using default value 'false' instead.
2019-11-25 16:03:14,923 INFO o.a.j.r.c.ReportGeneratorConfiguration: Property 'jmeter.reportgenerator.graph.responseTimeDistribution.exclude_controllers' not found, using default value 'false' instead.
2019-11-25 16:03:14,923 INFO o.a.j.r.c.ReportGeneratorConfiguration: Property 'jmeter.reportgenerator.graph.transactionsPerSecond.exclude_controllers' not found, using default value 'false' instead.
2019-11-25 16:03:14,924 INFO o.a.j.r.c.ReportGeneratorConfiguration: Property 'jmeter.reportgenerator.graph.responseTimePercentiles.exclude_controllers' not found, using default value 'false' instead.
2019-11-25 16:03:14,924 INFO o.a.j.r.c.ReportGeneratorConfiguration: Property 'jmeter.reportgenerator.graph.responseTimePercentilesOverTime.exclude_controllers' not found, using default value 'false' instead.
2019-11-25 16:03:14,925 INFO o.a.j.r.c.ReportGeneratorConfiguration: Property 'jmeter.reportgenerator.graph.responseTimesOverTime.exclude_controllers' not found, using default value 'false' instead.
2019-11-25 16:03:14,925 INFO o.a.j.r.c.ReportGeneratorConfiguration: Property 'jmeter.reportgenerator.graph.connectTimeOverTime.exclude_controllers' not found, using default value 'false' instead.
2019-11-25 16:03:14,926 INFO o.a.j.r.c.ReportGeneratorConfiguration: Property 'jmeter.reportgenerator.graph.latenciesOverTime.exclude_controllers' not found, using default value 'false' instead.
2019-11-25 16:03:14,927 INFO o.a.j.r.c.ReportGeneratorConfiguration: Property 'jmeter.reportgenerator.exporter.json.filters_only_sample_series' not found, using default value 'true' instead.
2019-11-25 16:03:14,928 INFO o.a.j.r.c.ReportGeneratorConfiguration: Property 'jmeter.reportgenerator.exporter.json.series_filter' not found, using default value '' instead.
2019-11-25 16:03:14,928 INFO o.a.j.r.c.ReportGeneratorConfiguration: Property 'jmeter.reportgenerator.exporter.json.show_controllers_only' not found, using default value 'false' instead.
2019-11-25 16:03:14,930 INFO o.a.j.r.c.ReportGeneratorConfiguration: Property 'jmeter.reportgenerator.exporter.html.filters_only_sample_series' not found, using default value 'true' instead.
2019-11-25 16:03:14,930 INFO o.a.j.r.c.ReportGeneratorConfiguration: Property 'jmeter.reportgenerator.exporter.html.series_filter' not found, using default value '' instead.
2019-11-25 16:03:14,930 INFO o.a.j.r.c.ReportGeneratorConfiguration: Property 'jmeter.reportgenerator.exporter.html.show_controllers_only' not found, using default value 'false' instead.
2019-11-25 16:03:14,939 INFO o.a.j.e.StandardJMeterEngine: Running the test!
2019-11-25 16:03:14,945 ERROR o.a.j.u.JMeterUtils: Unable to get local host IP address.
java.net.UnknownHostException: linuxkit-025000000001: linuxkit-025000000001: Name does not resolve
	at java.net.InetAddress.getLocalHost(InetAddress.java:1506) ~[?:1.8.0_222]
	at org.apache.jmeter.util.JMeterUtils.getLocalHostDetails(JMeterUtils.java:1098) [ApacheJMeter_core.jar:5.1.1 r1855137]
	at org.apache.jmeter.util.JMeterUtils.getLocalHostName(JMeterUtils.java:1077) [ApacheJMeter_core.jar:5.1.1 r1855137]
	at org.apache.jmeter.samplers.SampleEvent.<clinit>(SampleEvent.java:52) [ApacheJMeter_core.jar:5.1.1 r1855137]
	at org.apache.jmeter.engine.StandardJMeterEngine.run(StandardJMeterEngine.java:357) [ApacheJMeter_core.jar:5.1.1 r1855137]
	at java.lang.Thread.run(Thread.java:748) [?:1.8.0_222]
Caused by: java.net.UnknownHostException: linuxkit-025000000001: Name does not resolve
	at java.net.Inet6AddressImpl.lookupAllHostAddr(Native Method) ~[?:1.8.0_222]
	at java.net.InetAddress$2.lookupAllHostAddr(InetAddress.java:929) ~[?:1.8.0_222]
	at java.net.InetAddress.getAddressesFromNameService(InetAddress.java:1324) ~[?:1.8.0_222]
	at java.net.InetAddress.getLocalHost(InetAddress.java:1501) ~[?:1.8.0_222]
	... 5 more
2019-11-25 16:03:14,950 INFO o.a.j.s.SampleEvent: List of sample_variables: []
2019-11-25 16:03:14,950 INFO o.a.j.s.SampleEvent: List of sample_variables: []
2019-11-25 16:03:14,975 INFO o.a.j.e.u.CompoundVariable: Note: Function class names must contain the string: '.functions.'
2019-11-25 16:03:14,975 INFO o.a.j.e.u.CompoundVariable: Note: Function class names must not contain the string: '.gui.'
2019-11-25 16:03:15,788 WARN o.a.j.r.ResultCollector: Unexpected EOF trying to find XML end marker in /mnt/jmeter/output/search_plan_results.jtl
2019-11-25 16:03:15,835 INFO o.a.j.JMeter: Running test (1574697795835)
2019-11-25 16:03:15,876 INFO o.a.j.e.StandardJMeterEngine: Starting ThreadGroup: 1 : Powerhouse Thread Group
2019-11-25 16:03:15,877 INFO o.a.j.e.StandardJMeterEngine: Starting 100 threads for group Powerhouse Thread Group.
2019-11-25 16:03:15,877 INFO o.a.j.e.StandardJMeterEngine: Thread will continue on error
2019-11-25 16:03:15,878 INFO o.a.j.t.ThreadGroup: Starting thread group... number=1 threads=100 ramp-up=1 delayedStart=false
2019-11-25 16:03:15,993 INFO o.a.j.t.JMeterThread: Thread started: Powerhouse Thread Group 1-2
2019-11-25 16:03:15,994 INFO o.a.j.t.JMeterThread: Thread started: Powerhouse Thread Group 1-1
2019-11-25 16:03:16,005 INFO o.a.j.t.JMeterThread: Thread started: Powerhouse Thread Group 1-3
2019-11-25 16:03:16,007 INFO o.a.j.s.FileServer: Stored: a3.txt
2019-11-25 16:03:16,011 INFO o.a.j.t.JMeterThread: Thread started: Powerhouse Thread Group 1-4
2019-11-25 16:03:16,015 INFO o.a.j.s.FileServer: Stored: a4.txt
2019-11-25 16:03:16,017 INFO o.a.j.t.JMeterThread: Thread started: Powerhouse Thread Group 1-5
2019-11-25 16:03:16,020 INFO o.a.j.t.JMeterThread: Thread started: Powerhouse Thread Group 1-9
2019-11-25 16:03:16,033 INFO o.a.j.t.JMeterThread: Thread started: Powerhouse Thread Group 1-6
2019-11-25 16:03:16,033 INFO o.a.j.t.JMeterThread: Thread started: Powerhouse Thread Group 1-7
2019-11-25 16:03:16,035 INFO o.a.j.t.JMeterThread: Thread started: Powerhouse Thread Group 1-8
2019-11-25 16:03:16,035 INFO o.a.j.t.JMeterThread: Thread started: Powerhouse Thread Group 1-15
2019-11-25 16:03:16,037 INFO o.a.j.t.JMeterThread: Thread started: Powerhouse Thread Group 1-11
2019-11-25 16:03:16,043 INFO o.a.j.t.JMeterThread: Thread started: Powerhouse Thread Group 1-10
2019-11-25 16:03:16,054 INFO o.a.j.t.JMeterThread: Thread started: Powerhouse Thread Group 1-13
2019-11-25 16:03:16,058 INFO o.a.j.t.JMeterThread: Thread started: Powerhouse Thread Group 1-14
2019-11-25 16:03:16,060 INFO o.a.j.t.JMeterThread: Thread started: Powerhouse Thread Group 1-12
2019-11-25 16:03:16,064 INFO o.a.j.t.ThreadGroup: Started thread group number 1
2019-11-25 16:03:16,065 INFO o.a.j.e.StandardJMeterEngine: Starting ThreadGroup: 2 : Powerhouse Thread Group - Search
2019-11-25 16:03:16,065 INFO o.a.j.e.StandardJMeterEngine: Starting 1 threads for group Powerhouse Thread Group - Search.
2019-11-25 16:03:16,066 INFO o.a.j.e.StandardJMeterEngine: Thread will continue on error
2019-11-25 16:03:16,066 INFO o.a.j.t.ThreadGroup: Starting thread group... number=2 threads=1 ramp-up=1 delayedStart=false
2019-11-25 16:03:16,067 INFO o.a.j.t.JMeterThread: Thread started: Powerhouse Thread Group 1-17
2019-11-25 16:03:16,067 INFO o.a.j.t.ThreadGroup: Started thread group number 2
2019-11-25 16:03:16,068 INFO o.a.j.e.StandardJMeterEngine: All thread groups have been started
2019-11-25 16:03:16,067 INFO o.a.j.t.JMeterThread: Thread started: Powerhouse Thread Group - Search 2-1
2019-11-25 16:03:16,070 INFO o.a.j.t.JMeterThread: Thread started: Powerhouse Thread Group 1-18
2019-11-25 16:03:16,070 ERROR o.a.j.u.JMeterUtils: Unable to get local host IP address.
java.net.UnknownHostException: linuxkit-025000000001: linuxkit-025000000001: Name does not resolve
	at java.net.InetAddress.getLocalHost(InetAddress.java:1506) ~[?:1.8.0_222]
	at org.apache.jmeter.util.JMeterUtils.getLocalHostDetails(JMeterUtils.java:1098) [ApacheJMeter_core.jar:5.1.1 r1855137]
	at org.apache.jmeter.util.JMeterUtils.getLocalHostName(JMeterUtils.java:1077) [ApacheJMeter_core.jar:5.1.1 r1855137]
	at org.apache.jmeter.protocol.http.sampler.HTTPHCAbstractImpl.<clinit>(HTTPHCAbstractImpl.java:138) [ApacheJMeter_http.jar:5.1.1 r1855137]
	at org.apache.jmeter.protocol.http.sampler.HTTPSamplerFactory.getImplementation(HTTPSamplerFactory.java:97) [ApacheJMeter_http.jar:5.1.1 r1855137]
	at org.apache.jmeter.protocol.http.sampler.HTTPSamplerProxy.sample(HTTPSamplerProxy.java:62) [ApacheJMeter_http.jar:5.1.1 r1855137]
	at org.apache.jmeter.protocol.http.sampler.HTTPSamplerBase.sample(HTTPSamplerBase.java:1231) [ApacheJMeter_http.jar:5.1.1 r1855137]
	at org.apache.jmeter.protocol.http.sampler.HTTPSamplerBase.sample(HTTPSamplerBase.java:1220) [ApacheJMeter_http.jar:5.1.1 r1855137]
	at org.apache.jmeter.threads.JMeterThread.doSampling(JMeterThread.java:622) [ApacheJMeter_core.jar:5.1.1 r1855137]
	at org.apache.jmeter.threads.JMeterThread.executeSamplePackage(JMeterThread.java:546) [ApacheJMeter_core.jar:5.1.1 r1855137]
	at org.apache.jmeter.threads.JMeterThread.processSampler(JMeterThread.java:486) [ApacheJMeter_core.jar:5.1.1 r1855137]
	at org.apache.jmeter.threads.JMeterThread.run(JMeterThread.java:253) [ApacheJMeter_core.jar:5.1.1 r1855137]
	at java.lang.Thread.run(Thread.java:748) [?:1.8.0_222]
Caused by: java.net.UnknownHostException: linuxkit-025000000001: Name does not resolve
	at java.net.Inet6AddressImpl.lookupAllHostAddr(Native Method) ~[?:1.8.0_222]
	at java.net.InetAddress$2.lookupAllHostAddr(InetAddress.java:929) ~[?:1.8.0_222]
	at java.net.InetAddress.getAddressesFromNameService(InetAddress.java:1324) ~[?:1.8.0_222]
	at java.net.InetAddress.getLocalHost(InetAddress.java:1501) ~[?:1.8.0_222]
	... 12 more
2019-11-25 16:03:16,072 INFO o.a.j.p.h.s.HTTPHCAbstractImpl: Local host = null
2019-11-25 16:03:16,077 INFO o.a.j.t.JMeterThread: Thread started: Powerhouse Thread Group 1-16
2019-11-25 16:03:16,079 INFO o.a.j.t.JMeterThread: Thread started: Powerhouse Thread Group 1-19
2019-11-25 16:03:16,086 INFO o.a.j.t.JMeterThread: Thread started: Powerhouse Thread Group 1-20
2019-11-25 16:03:16,090 INFO o.a.j.p.h.s.HTTPHC4Impl: HTTP request retry count = 0
2019-11-25 16:03:16,093 INFO o.a.j.t.JMeterThread: Thread started: Powerhouse Thread Group 1-21
2019-11-25 16:03:16,094 INFO o.a.j.s.SampleResult: Note: Sample TimeStamps are START times
2019-11-25 16:03:16,094 INFO o.a.j.s.SampleResult: sampleresult.default.encoding is set to ISO-8859-1
2019-11-25 16:03:16,095 INFO o.a.j.s.SampleResult: sampleresult.useNanoTime=true
2019-11-25 16:03:16,095 INFO o.a.j.s.SampleResult: sampleresult.nanoThreadSleep=5000
2019-11-25 16:03:16,101 INFO o.a.j.t.JMeterThread: Thread started: Powerhouse Thread Group 1-22
2019-11-25 16:03:16,110 INFO o.a.j.t.JMeterThread: Thread started: Powerhouse Thread Group 1-23
2019-11-25 16:03:16,131 INFO o.a.j.t.JMeterThread: Thread started: Powerhouse Thread Group 1-25
2019-11-25 16:03:16,132 INFO o.a.j.t.JMeterThread: Thread started: Powerhouse Thread Group 1-24
2019-11-25 16:03:16,151 INFO o.a.j.t.JMeterThread: Thread started: Powerhouse Thread Group 1-26
2019-11-25 16:03:16,157 INFO o.a.j.t.JMeterThread: Thread started: Powerhouse Thread Group 1-27
2019-11-25 16:03:16,157 INFO o.a.j.t.JMeterThread: Thread started: Powerhouse Thread Group 1-28
2019-11-25 16:03:16,164 INFO o.a.j.t.JMeterThread: Thread started: Powerhouse Thread Group 1-29
2019-11-25 16:03:16,173 INFO o.a.j.t.JMeterThread: Thread started: Powerhouse Thread Group 1-30
2019-11-25 16:03:16,184 INFO o.a.j.t.JMeterThread: Thread started: Powerhouse Thread Group 1-31
2019-11-25 16:03:16,194 INFO o.a.j.t.JMeterThread: Thread started: Powerhouse Thread Group 1-32
2019-11-25 16:03:16,205 INFO o.a.j.t.JMeterThread: Thread started: Powerhouse Thread Group 1-33
2019-11-25 16:03:16,214 INFO o.a.j.t.JMeterThread: Thread started: Powerhouse Thread Group 1-34
2019-11-25 16:03:16,225 INFO o.a.j.t.JMeterThread: Thread started: Powerhouse Thread Group 1-35
2019-11-25 16:03:16,238 INFO o.a.j.t.JMeterThread: Thread started: Powerhouse Thread Group 1-36
2019-11-25 16:03:16,248 INFO o.a.j.t.JMeterThread: Thread started: Powerhouse Thread Group 1-37
2019-11-25 16:03:16,259 INFO o.a.j.t.JMeterThread: Thread started: Powerhouse Thread Group 1-38
2019-11-25 16:03:16,271 INFO o.a.j.t.JMeterThread: Thread started: Powerhouse Thread Group 1-39
2019-11-25 16:03:16,271 INFO o.a.j.t.JMeterThread: Thread started: Powerhouse Thread Group 1-40
2019-11-25 16:03:16,280 INFO o.a.j.t.JMeterThread: Thread started: Powerhouse Thread Group 1-41
2019-11-25 16:03:16,293 INFO o.a.j.t.JMeterThread: Thread started: Powerhouse Thread Group 1-42
2019-11-25 16:03:16,301 INFO o.a.j.t.JMeterThread: Thread started: Powerhouse Thread Group 1-43
2019-11-25 16:03:16,311 INFO o.a.j.t.JMeterThread: Thread started: Powerhouse Thread Group 1-44
2019-11-25 16:03:16,324 INFO o.a.j.t.JMeterThread: Thread started: Powerhouse Thread Group 1-45
2019-11-25 16:03:16,330 INFO o.a.j.t.JMeterThread: Thread started: Powerhouse Thread Group 1-46
2019-11-25 16:03:16,341 INFO o.a.j.t.JMeterThread: Thread started: Powerhouse Thread Group 1-47
2019-11-25 16:03:16,350 INFO o.a.j.t.JMeterThread: Thread started: Powerhouse Thread Group 1-48
2019-11-25 16:03:16,361 INFO o.a.j.t.JMeterThread: Thread started: Powerhouse Thread Group 1-49
2019-11-25 16:03:16,371 INFO o.a.j.t.JMeterThread: Thread started: Powerhouse Thread Group 1-50
2019-11-25 16:03:16,400 INFO o.a.j.t.JMeterThread: Thread started: Powerhouse Thread Group 1-51
2019-11-25 16:03:16,399 INFO o.a.j.t.JMeterThread: Thread started: Powerhouse Thread Group 1-52
2019-11-25 16:03:16,401 INFO o.a.j.t.JMeterThread: Thread started: Powerhouse Thread Group 1-53
2019-11-25 16:03:16,408 INFO o.a.j.t.JMeterThread: Thread is done: Powerhouse Thread Group - Search 2-1
2019-11-25 16:03:16,409 INFO o.a.j.t.JMeterThread: Thread finished: Powerhouse Thread Group - Search 2-1
2019-11-25 16:03:16,412 INFO o.a.j.t.JMeterThread: Thread started: Powerhouse Thread Group 1-54
2019-11-25 16:03:16,420 INFO o.a.j.t.JMeterThread: Thread started: Powerhouse Thread Group 1-55
2019-11-25 16:03:16,433 INFO o.a.j.t.JMeterThread: Thread started: Powerhouse Thread Group 1-56
2019-11-25 16:03:16,443 INFO o.a.j.t.JMeterThread: Thread started: Powerhouse Thread Group 1-57
2019-11-25 16:03:16,459 INFO o.a.j.t.JMeterThread: Thread started: Powerhouse Thread Group 1-58
2019-11-25 16:03:16,467 INFO o.a.j.t.JMeterThread: Thread started: Powerhouse Thread Group 1-59
2019-11-25 16:03:16,477 INFO o.a.j.t.JMeterThread: Thread started: Powerhouse Thread Group 1-60
2019-11-25 16:03:16,480 INFO o.a.j.t.JMeterThread: Thread started: Powerhouse Thread Group 1-61
2019-11-25 16:03:16,497 INFO o.a.j.t.JMeterThread: Thread started: Powerhouse Thread Group 1-62
2019-11-25 16:03:16,501 INFO o.a.j.t.JMeterThread: Thread started: Powerhouse Thread Group 1-63
2019-11-25 16:03:16,510 INFO o.a.j.t.JMeterThread: Thread started: Powerhouse Thread Group 1-64
2019-11-25 16:03:16,520 INFO o.a.j.t.JMeterThread: Thread started: Powerhouse Thread Group 1-65
2019-11-25 16:03:16,531 INFO o.a.j.t.JMeterThread: Thread started: Powerhouse Thread Group 1-66
2019-11-25 16:03:16,543 INFO o.a.j.t.JMeterThread: Thread started: Powerhouse Thread Group 1-67
2019-11-25 16:03:16,553 INFO o.a.j.t.JMeterThread: Thread started: Powerhouse Thread Group 1-68
2019-11-25 16:03:16,561 INFO o.a.j.t.JMeterThread: Thread started: Powerhouse Thread Group 1-69
2019-11-25 16:03:16,575 INFO o.a.j.t.JMeterThread: Thread started: Powerhouse Thread Group 1-70
2019-11-25 16:03:16,582 INFO o.a.j.t.JMeterThread: Thread started: Powerhouse Thread Group 1-71
2019-11-25 16:03:16,590 INFO o.a.j.t.JMeterThread: Thread started: Powerhouse Thread Group 1-72
2019-11-25 16:03:16,600 INFO o.a.j.t.JMeterThread: Thread started: Powerhouse Thread Group 1-73
2019-11-25 16:03:16,612 INFO o.a.j.t.JMeterThread: Thread started: Powerhouse Thread Group 1-74
2019-11-25 16:03:16,621 INFO o.a.j.t.JMeterThread: Thread started: Powerhouse Thread Group 1-75
2019-11-25 16:03:16,630 INFO o.a.j.t.JMeterThread: Thread started: Powerhouse Thread Group 1-76
2019-11-25 16:03:16,640 INFO o.a.j.t.JMeterThread: Thread started: Powerhouse Thread Group 1-77
2019-11-25 16:03:16,651 INFO o.a.j.t.JMeterThread: Thread started: Powerhouse Thread Group 1-78
2019-11-25 16:03:16,660 INFO o.a.j.t.JMeterThread: Thread started: Powerhouse Thread Group 1-79
2019-11-25 16:03:16,680 INFO o.a.j.t.JMeterThread: Thread started: Powerhouse Thread Group 1-81
2019-11-25 16:03:16,681 INFO o.a.j.t.JMeterThread: Thread started: Powerhouse Thread Group 1-80
2019-11-25 16:03:16,691 INFO o.a.j.t.JMeterThread: Thread started: Powerhouse Thread Group 1-82
2019-11-25 16:03:16,704 INFO o.a.j.t.JMeterThread: Thread started: Powerhouse Thread Group 1-83
2019-11-25 16:03:16,908 INFO o.a.j.t.JMeterThread: Thread started: Powerhouse Thread Group 1-89
2019-11-25 16:03:16,908 INFO o.a.j.t.JMeterThread: Thread started: Powerhouse Thread Group 1-85
2019-11-25 16:03:16,908 INFO o.a.j.t.JMeterThread: Thread started: Powerhouse Thread Group 1-86
2019-11-25 16:03:16,908 INFO o.a.j.t.JMeterThread: Thread started: Powerhouse Thread Group 1-87
2019-11-25 16:03:16,912 INFO o.a.j.t.JMeterThread: Thread started: Powerhouse Thread Group 1-88
2019-11-25 16:03:16,909 INFO o.a.j.t.JMeterThread: Thread started: Powerhouse Thread Group 1-98
2019-11-25 16:03:16,710 INFO o.a.j.t.JMeterThread: Thread started: Powerhouse Thread Group 1-84
2019-11-25 16:03:16,908 INFO o.a.j.t.JMeterThread: Thread started: Powerhouse Thread Group 1-96
2019-11-25 16:03:16,909 INFO o.a.j.t.JMeterThread: Thread started: Powerhouse Thread Group 1-94
2019-11-25 16:03:16,909 INFO o.a.j.t.JMeterThread: Thread started: Powerhouse Thread Group 1-93
2019-11-25 16:03:16,909 INFO o.a.j.t.JMeterThread: Thread started: Powerhouse Thread Group 1-91
2019-11-25 16:03:16,909 INFO o.a.j.t.JMeterThread: Thread started: Powerhouse Thread Group 1-92
2019-11-25 16:03:16,909 INFO o.a.j.t.JMeterThread: Thread started: Powerhouse Thread Group 1-90
2019-11-25 16:03:16,910 INFO o.a.j.t.JMeterThread: Thread started: Powerhouse Thread Group 1-100
2019-11-25 16:03:16,910 INFO o.a.j.t.JMeterThread: Thread started: Powerhouse Thread Group 1-99
2019-11-25 16:03:16,910 INFO o.a.j.t.JMeterThread: Thread started: Powerhouse Thread Group 1-97
2019-11-25 16:03:16,910 INFO o.a.j.t.JMeterThread: Thread started: Powerhouse Thread Group 1-95
2019-11-25 16:03:18,190 INFO o.a.j.u.JsseSSLManager: Using default SSL protocol: TLS
2019-11-25 16:03:18,191 INFO o.a.j.u.JsseSSLManager: SSL session context: per-thread
2019-11-25 16:03:30,004 INFO o.a.j.r.Summariser: summary +    831 in 00:00:14 =   58.7/s Avg:  1509 Min:     0 Max:  4136 Err:     1 (0.12%) Active: 100 Started: 101 Finished: 1
2019-11-25 16:04:00,006 INFO o.a.j.r.Summariser: summary +   3178 in 00:00:30 =  105.9/s Avg:   939 Min:    56 Max:  1807 Err:     0 (0.00%) Active: 100 Started: 101 Finished: 1
2019-11-25 16:04:00,009 INFO o.a.j.r.Summariser: summary =   4009 in 00:00:44 =   90.8/s Avg:  1057 Min:     0 Max:  4136 Err:     1 (0.02%)
