2019-11-25 17:40:35,237 INFO o.a.j.u.JMeterUtils: Setting Locale to en_EN
2019-11-25 17:40:35,287 INFO o.a.j.JMeter: Loading user properties from: /opt/apache-jmeter-5.1.1/bin/user.properties
2019-11-25 17:40:35,288 INFO o.a.j.JMeter: Loading system properties from: /opt/apache-jmeter-5.1.1/bin/system.properties
2019-11-25 17:40:35,301 INFO o.a.j.JMeter: Copyright (c) 1998-2019 The Apache Software Foundation
2019-11-25 17:40:35,302 INFO o.a.j.JMeter: Version 5.1.1 r1855137
2019-11-25 17:40:35,302 INFO o.a.j.JMeter: java.version=1.8.0_222
2019-11-25 17:40:35,303 INFO o.a.j.JMeter: java.vm.name=OpenJDK 64-Bit Server VM
2019-11-25 17:40:35,303 INFO o.a.j.JMeter: os.name=Linux
2019-11-25 17:40:35,304 INFO o.a.j.JMeter: os.arch=amd64
2019-11-25 17:40:35,305 INFO o.a.j.JMeter: os.version=4.9.125-linuxkit
2019-11-25 17:40:35,305 INFO o.a.j.JMeter: file.encoding=UTF-8
2019-11-25 17:40:35,306 INFO o.a.j.JMeter: java.awt.headless=true
2019-11-25 17:40:35,306 INFO o.a.j.JMeter: Max memory     =394264576
2019-11-25 17:40:35,307 INFO o.a.j.JMeter: Available Processors =6
2019-11-25 17:40:35,319 INFO o.a.j.JMeter: Default Locale=English (EN)
2019-11-25 17:40:35,320 INFO o.a.j.JMeter: JMeter  Locale=English (EN)
2019-11-25 17:40:35,321 INFO o.a.j.JMeter: JMeterHome=/opt/apache-jmeter-5.1.1
2019-11-25 17:40:35,322 INFO o.a.j.JMeter: user.dir  =/opt/apache-jmeter-5.1.1
2019-11-25 17:40:35,322 INFO o.a.j.JMeter: PWD       =/opt/apache-jmeter-5.1.1
2019-11-25 17:40:35,325 ERROR o.a.j.u.JMeterUtils: Unable to get local host IP address.
java.net.UnknownHostException: linuxkit-025000000001: linuxkit-025000000001: Name does not resolve
	at java.net.InetAddress.getLocalHost(InetAddress.java:1506) ~[?:1.8.0_222]
	at org.apache.jmeter.util.JMeterUtils.getLocalHostDetails(JMeterUtils.java:1098) [ApacheJMeter_core.jar:5.1.1 r1855137]
	at org.apache.jmeter.util.JMeterUtils.getLocalHostIP(JMeterUtils.java:1064) [ApacheJMeter_core.jar:5.1.1 r1855137]
	at org.apache.jmeter.JMeter.start(JMeter.java:487) [ApacheJMeter_core.jar:5.1.1 r1855137]
	at sun.reflect.NativeMethodAccessorImpl.invoke0(Native Method) ~[?:1.8.0_222]
	at sun.reflect.NativeMethodAccessorImpl.invoke(NativeMethodAccessorImpl.java:62) ~[?:1.8.0_222]
	at sun.reflect.DelegatingMethodAccessorImpl.invoke(DelegatingMethodAccessorImpl.java:43) ~[?:1.8.0_222]
	at java.lang.reflect.Method.invoke(Method.java:498) ~[?:1.8.0_222]
	at org.apache.jmeter.NewDriver.main(NewDriver.java:253) [ApacheJMeter.jar:5.1.1 r1855137]
Caused by: java.net.UnknownHostException: linuxkit-025000000001: Name does not resolve
	at java.net.Inet6AddressImpl.lookupAllHostAddr(Native Method) ~[?:1.8.0_222]
	at java.net.InetAddress$2.lookupAllHostAddr(InetAddress.java:929) ~[?:1.8.0_222]
	at java.net.InetAddress.getAddressesFromNameService(InetAddress.java:1324) ~[?:1.8.0_222]
	at java.net.InetAddress.getLocalHost(InetAddress.java:1501) ~[?:1.8.0_222]
	... 8 more
2019-11-25 17:40:35,336 ERROR o.a.j.u.JMeterUtils: Unable to get local host IP address.
java.net.UnknownHostException: linuxkit-025000000001: linuxkit-025000000001: Name does not resolve
	at java.net.InetAddress.getLocalHost(InetAddress.java:1506) ~[?:1.8.0_222]
	at org.apache.jmeter.util.JMeterUtils.getLocalHostDetails(JMeterUtils.java:1098) [ApacheJMeter_core.jar:5.1.1 r1855137]
	at org.apache.jmeter.util.JMeterUtils.getLocalHostName(JMeterUtils.java:1077) [ApacheJMeter_core.jar:5.1.1 r1855137]
	at org.apache.jmeter.JMeter.start(JMeter.java:487) [ApacheJMeter_core.jar:5.1.1 r1855137]
	at sun.reflect.NativeMethodAccessorImpl.invoke0(Native Method) ~[?:1.8.0_222]
	at sun.reflect.NativeMethodAccessorImpl.invoke(NativeMethodAccessorImpl.java:62) ~[?:1.8.0_222]
	at sun.reflect.DelegatingMethodAccessorImpl.invoke(DelegatingMethodAccessorImpl.java:43) ~[?:1.8.0_222]
	at java.lang.reflect.Method.invoke(Method.java:498) ~[?:1.8.0_222]
	at org.apache.jmeter.NewDriver.main(NewDriver.java:253) [ApacheJMeter.jar:5.1.1 r1855137]
Caused by: java.net.UnknownHostException: linuxkit-025000000001: Name does not resolve
	at java.net.Inet6AddressImpl.lookupAllHostAddr(Native Method) ~[?:1.8.0_222]
	at java.net.InetAddress$2.lookupAllHostAddr(InetAddress.java:929) ~[?:1.8.0_222]
	at java.net.InetAddress.getAddressesFromNameService(InetAddress.java:1324) ~[?:1.8.0_222]
	at java.net.InetAddress.getLocalHost(InetAddress.java:1501) ~[?:1.8.0_222]
	... 8 more
2019-11-25 17:40:35,339 ERROR o.a.j.u.JMeterUtils: Unable to get local host IP address.
java.net.UnknownHostException: linuxkit-025000000001: linuxkit-025000000001: Name does not resolve
	at java.net.InetAddress.getLocalHost(InetAddress.java:1506) ~[?:1.8.0_222]
	at org.apache.jmeter.util.JMeterUtils.getLocalHostDetails(JMeterUtils.java:1098) [ApacheJMeter_core.jar:5.1.1 r1855137]
	at org.apache.jmeter.util.JMeterUtils.getLocalHostFullName(JMeterUtils.java:1090) [ApacheJMeter_core.jar:5.1.1 r1855137]
	at org.apache.jmeter.JMeter.start(JMeter.java:488) [ApacheJMeter_core.jar:5.1.1 r1855137]
	at sun.reflect.NativeMethodAccessorImpl.invoke0(Native Method) ~[?:1.8.0_222]
	at sun.reflect.NativeMethodAccessorImpl.invoke(NativeMethodAccessorImpl.java:62) ~[?:1.8.0_222]
	at sun.reflect.DelegatingMethodAccessorImpl.invoke(DelegatingMethodAccessorImpl.java:43) ~[?:1.8.0_222]
	at java.lang.reflect.Method.invoke(Method.java:498) ~[?:1.8.0_222]
	at org.apache.jmeter.NewDriver.main(NewDriver.java:253) [ApacheJMeter.jar:5.1.1 r1855137]
Caused by: java.net.UnknownHostException: linuxkit-025000000001: Name does not resolve
	at java.net.Inet6AddressImpl.lookupAllHostAddr(Native Method) ~[?:1.8.0_222]
	at java.net.InetAddress$2.lookupAllHostAddr(InetAddress.java:929) ~[?:1.8.0_222]
	at java.net.InetAddress.getAddressesFromNameService(InetAddress.java:1324) ~[?:1.8.0_222]
	at java.net.InetAddress.getLocalHost(InetAddress.java:1501) ~[?:1.8.0_222]
	... 8 more
2019-11-25 17:40:35,341 INFO o.a.j.JMeter: IP: null Name: null FullName: null
2019-11-25 17:40:35,349 INFO o.a.j.JMeter: Setting property 'jmeter.reportgenerator.outputdir' to:'/mnt/jmeter/tmp/jmeter_resource_20191125_231026'
2019-11-25 17:40:35,357 INFO o.a.j.s.FileServer: Default base='/opt/apache-jmeter-5.1.1'
2019-11-25 17:40:35,378 INFO o.a.j.s.FileServer: Set new base='/mnt/jmeter'
2019-11-25 17:40:35,798 INFO o.a.j.s.SaveService: Testplan (JMX) version: 2.2. Testlog (JTL) version: 2.2
2019-11-25 17:40:35,839 INFO o.a.j.s.SaveService: Using SaveService properties file encoding UTF-8
2019-11-25 17:40:35,852 INFO o.a.j.s.SaveService: Using SaveService properties version 5.0
2019-11-25 17:40:35,874 INFO o.a.j.s.SaveService: Loading file: /mnt/jmeter/pshool.jmx
2019-11-25 17:40:35,993 INFO o.a.j.p.h.s.HTTPSamplerBase: Parser for text/html is org.apache.jmeter.protocol.http.parser.LagartoBasedHtmlParser
2019-11-25 17:40:35,994 INFO o.a.j.p.h.s.HTTPSamplerBase: Parser for application/xhtml+xml is org.apache.jmeter.protocol.http.parser.LagartoBasedHtmlParser
2019-11-25 17:40:35,994 INFO o.a.j.p.h.s.HTTPSamplerBase: Parser for application/xml is org.apache.jmeter.protocol.http.parser.LagartoBasedHtmlParser
2019-11-25 17:40:35,995 INFO o.a.j.p.h.s.HTTPSamplerBase: Parser for text/xml is org.apache.jmeter.protocol.http.parser.LagartoBasedHtmlParser
2019-11-25 17:40:35,996 INFO o.a.j.p.h.s.HTTPSamplerBase: Parser for text/vnd.wap.wml is org.apache.jmeter.protocol.http.parser.RegexpHTMLParser
2019-11-25 17:40:35,996 INFO o.a.j.p.h.s.HTTPSamplerBase: Parser for text/css is org.apache.jmeter.protocol.http.parser.CssParser
2019-11-25 17:40:36,111 INFO o.a.j.JMeter: Creating summariser <summary>
2019-11-25 17:40:36,138 INFO o.a.j.r.d.ReportGenerator: ReportGenerator will use for Parsing the separator: ','
2019-11-25 17:40:36,140 INFO o.a.j.r.d.ReportGenerator: Will generate report at end of test from  results file: /mnt/jmeter/tmp/result_20191125_231026.jtl
2019-11-25 17:40:36,140 INFO o.a.j.r.d.ReportGenerator: Reading report generator properties from: /opt/apache-jmeter-5.1.1/bin/reportgenerator.properties
2019-11-25 17:40:36,142 INFO o.a.j.r.d.ReportGenerator: Merging with JMeter properties
2019-11-25 17:40:36,156 INFO o.a.j.r.c.ReportGeneratorConfiguration: Property 'jmeter.reportgenerator.temp_dir' not found, using default value 'temp' instead.
2019-11-25 17:40:36,169 INFO o.a.j.r.c.ReportGeneratorConfiguration: Property 'jmeter.reportgenerator.apdex_per_transaction' not found, using default value 'null' instead.
2019-11-25 17:40:36,170 INFO o.a.j.r.c.ReportGeneratorConfiguration: apdex_per_transaction : {} is empty, not APDEX per transaction customization
2019-11-25 17:40:36,170 INFO o.a.j.r.c.ReportGeneratorConfiguration: Property 'jmeter.reportgenerator.sample_filter' not found, using default value 'null' instead.
2019-11-25 17:40:36,171 INFO o.a.j.r.c.ReportGeneratorConfiguration: Property 'jmeter.reportgenerator.report_title' not found, using default value 'null' instead.
2019-11-25 17:40:36,171 INFO o.a.j.r.c.ReportGeneratorConfiguration: Property 'jmeter.reportgenerator.start_date' not found, using default value 'null' instead.
2019-11-25 17:40:36,172 INFO o.a.j.r.c.ReportGeneratorConfiguration: Property 'jmeter.reportgenerator.end_date' not found, using default value 'null' instead.
2019-11-25 17:40:36,172 INFO o.a.j.r.c.ReportGeneratorConfiguration: Property 'jmeter.reportgenerator.date_format' not found, using default value 'null' instead.
2019-11-25 17:40:36,173 INFO o.a.j.r.c.ReportGeneratorConfiguration: Will use date range start date: null, end date: null
2019-11-25 17:40:36,184 INFO o.a.j.r.c.ReportGeneratorConfiguration: Property 'jmeter.reportgenerator.graph.totalTPS.exclude_controllers' not found, using default value 'false' instead.
2019-11-25 17:40:36,185 INFO o.a.j.r.c.ReportGeneratorConfiguration: Property 'jmeter.reportgenerator.graph.activeThreadsOverTime.exclude_controllers' not found, using default value 'false' instead.
2019-11-25 17:40:36,186 INFO o.a.j.r.c.ReportGeneratorConfiguration: Property 'jmeter.reportgenerator.graph.timeVsThreads.exclude_controllers' not found, using default value 'false' instead.
2019-11-25 17:40:36,186 INFO o.a.j.r.c.ReportGeneratorConfiguration: Property 'jmeter.reportgenerator.graph.responseTimeDistribution.exclude_controllers' not found, using default value 'false' instead.
2019-11-25 17:40:36,187 INFO o.a.j.r.c.ReportGeneratorConfiguration: Property 'jmeter.reportgenerator.graph.transactionsPerSecond.exclude_controllers' not found, using default value 'false' instead.
2019-11-25 17:40:36,188 INFO o.a.j.r.c.ReportGeneratorConfiguration: Property 'jmeter.reportgenerator.graph.responseTimePercentiles.exclude_controllers' not found, using default value 'false' instead.
2019-11-25 17:40:36,189 INFO o.a.j.r.c.ReportGeneratorConfiguration: Property 'jmeter.reportgenerator.graph.responseTimePercentilesOverTime.exclude_controllers' not found, using default value 'false' instead.
2019-11-25 17:40:36,190 INFO o.a.j.r.c.ReportGeneratorConfiguration: Property 'jmeter.reportgenerator.graph.responseTimesOverTime.exclude_controllers' not found, using default value 'false' instead.
2019-11-25 17:40:36,191 INFO o.a.j.r.c.ReportGeneratorConfiguration: Property 'jmeter.reportgenerator.graph.connectTimeOverTime.exclude_controllers' not found, using default value 'false' instead.
2019-11-25 17:40:36,192 INFO o.a.j.r.c.ReportGeneratorConfiguration: Property 'jmeter.reportgenerator.graph.latenciesOverTime.exclude_controllers' not found, using default value 'false' instead.
2019-11-25 17:40:36,196 INFO o.a.j.r.c.ReportGeneratorConfiguration: Property 'jmeter.reportgenerator.exporter.json.filters_only_sample_series' not found, using default value 'true' instead.
2019-11-25 17:40:36,196 INFO o.a.j.r.c.ReportGeneratorConfiguration: Property 'jmeter.reportgenerator.exporter.json.series_filter' not found, using default value '' instead.
2019-11-25 17:40:36,197 INFO o.a.j.r.c.ReportGeneratorConfiguration: Property 'jmeter.reportgenerator.exporter.json.show_controllers_only' not found, using default value 'false' instead.
2019-11-25 17:40:36,199 INFO o.a.j.r.c.ReportGeneratorConfiguration: Property 'jmeter.reportgenerator.exporter.html.filters_only_sample_series' not found, using default value 'true' instead.
2019-11-25 17:40:36,199 INFO o.a.j.r.c.ReportGeneratorConfiguration: Property 'jmeter.reportgenerator.exporter.html.series_filter' not found, using default value '' instead.
2019-11-25 17:40:36,200 INFO o.a.j.r.c.ReportGeneratorConfiguration: Property 'jmeter.reportgenerator.exporter.html.show_controllers_only' not found, using default value 'false' instead.
2019-11-25 17:40:36,214 INFO o.a.j.e.StandardJMeterEngine: Running the test!
2019-11-25 17:40:36,223 ERROR o.a.j.u.JMeterUtils: Unable to get local host IP address.
java.net.UnknownHostException: linuxkit-025000000001: linuxkit-025000000001: Name does not resolve
	at java.net.InetAddress.getLocalHost(InetAddress.java:1506) ~[?:1.8.0_222]
	at org.apache.jmeter.util.JMeterUtils.getLocalHostDetails(JMeterUtils.java:1098) [ApacheJMeter_core.jar:5.1.1 r1855137]
	at org.apache.jmeter.util.JMeterUtils.getLocalHostName(JMeterUtils.java:1077) [ApacheJMeter_core.jar:5.1.1 r1855137]
	at org.apache.jmeter.samplers.SampleEvent.<clinit>(SampleEvent.java:52) [ApacheJMeter_core.jar:5.1.1 r1855137]
	at org.apache.jmeter.engine.StandardJMeterEngine.run(StandardJMeterEngine.java:357) [ApacheJMeter_core.jar:5.1.1 r1855137]
	at java.lang.Thread.run(Thread.java:748) [?:1.8.0_222]
Caused by: java.net.UnknownHostException: linuxkit-025000000001: Name does not resolve
	at java.net.Inet6AddressImpl.lookupAllHostAddr(Native Method) ~[?:1.8.0_222]
	at java.net.InetAddress$2.lookupAllHostAddr(InetAddress.java:929) ~[?:1.8.0_222]
	at java.net.InetAddress.getAddressesFromNameService(InetAddress.java:1324) ~[?:1.8.0_222]
	at java.net.InetAddress.getLocalHost(InetAddress.java:1501) ~[?:1.8.0_222]
	... 5 more
2019-11-25 17:40:36,229 INFO o.a.j.s.SampleEvent: List of sample_variables: []
2019-11-25 17:40:36,229 INFO o.a.j.s.SampleEvent: List of sample_variables: []
2019-11-25 17:40:36,251 INFO o.a.j.e.u.CompoundVariable: Note: Function class names must contain the string: '.functions.'
2019-11-25 17:40:36,252 INFO o.a.j.e.u.CompoundVariable: Note: Function class names must not contain the string: '.gui.'
2019-11-25 17:40:37,351 WARN o.a.j.r.ResultCollector: Unexpected EOF trying to find XML end marker in /mnt/jmeter/output/search_plan_results.jtl
2019-11-25 17:40:37,405 INFO o.a.j.JMeter: Running test (1574703637405)
2019-11-25 17:40:37,460 INFO o.a.j.e.StandardJMeterEngine: Starting ThreadGroup: 1 : Powerhouse Thread Group
2019-11-25 17:40:37,461 INFO o.a.j.e.StandardJMeterEngine: Starting 100 threads for group Powerhouse Thread Group.
2019-11-25 17:40:37,462 INFO o.a.j.e.StandardJMeterEngine: Thread will continue on error
2019-11-25 17:40:37,462 INFO o.a.j.t.ThreadGroup: Starting thread group... number=1 threads=100 ramp-up=1 delayedStart=false
2019-11-25 17:40:37,680 INFO o.a.j.t.ThreadGroup: Started thread group number 1
2019-11-25 17:40:37,681 INFO o.a.j.e.StandardJMeterEngine: Starting ThreadGroup: 2 : Powerhouse Thread Group - Search
2019-11-25 17:40:37,681 INFO o.a.j.e.StandardJMeterEngine: Starting 1 threads for group Powerhouse Thread Group - Search.
2019-11-25 17:40:37,682 INFO o.a.j.e.StandardJMeterEngine: Thread will continue on error
2019-11-25 17:40:37,683 INFO o.a.j.t.ThreadGroup: Starting thread group... number=2 threads=1 ramp-up=1 delayedStart=false
2019-11-25 17:40:37,684 INFO o.a.j.t.ThreadGroup: Started thread group number 2
2019-11-25 17:40:37,685 INFO o.a.j.e.StandardJMeterEngine: All thread groups have been started
2019-11-25 17:40:37,687 INFO o.a.j.t.JMeterThread: Thread started: Powerhouse Thread Group - Search 2-1
2019-11-25 17:40:37,729 INFO o.a.j.t.JMeterThread: Thread started: Powerhouse Thread Group 1-5
2019-11-25 17:40:37,731 INFO o.a.j.s.FileServer: Stored: a3.txt
2019-11-25 17:40:37,738 INFO o.a.j.t.JMeterThread: Thread started: Powerhouse Thread Group 1-2
2019-11-25 17:40:37,740 INFO o.a.j.t.JMeterThread: Thread started: Powerhouse Thread Group 1-1
2019-11-25 17:40:37,740 INFO o.a.j.t.JMeterThread: Thread started: Powerhouse Thread Group 1-3
2019-11-25 17:40:37,761 INFO o.a.j.t.JMeterThread: Thread started: Powerhouse Thread Group 1-6
2019-11-25 17:40:37,769 INFO o.a.j.s.FileServer: Stored: a4.txt
2019-11-25 17:40:37,772 INFO o.a.j.t.JMeterThread: Thread started: Powerhouse Thread Group 1-4
2019-11-25 17:40:37,773 INFO o.a.j.t.JMeterThread: Thread started: Powerhouse Thread Group 1-7
2019-11-25 17:40:37,785 INFO o.a.j.t.JMeterThread: Thread started: Powerhouse Thread Group 1-8
2019-11-25 17:40:37,787 INFO o.a.j.t.JMeterThread: Thread started: Powerhouse Thread Group 1-9
2019-11-25 17:40:37,809 INFO o.a.j.t.JMeterThread: Thread started: Powerhouse Thread Group 1-11
2019-11-25 17:40:37,815 INFO o.a.j.t.JMeterThread: Thread started: Powerhouse Thread Group 1-10
2019-11-25 17:40:37,821 INFO o.a.j.t.JMeterThread: Thread started: Powerhouse Thread Group 1-13
2019-11-25 17:40:37,827 INFO o.a.j.t.JMeterThread: Thread started: Powerhouse Thread Group 1-14
2019-11-25 17:40:37,829 INFO o.a.j.t.JMeterThread: Thread started: Powerhouse Thread Group 1-12
2019-11-25 17:40:37,832 ERROR o.a.j.u.JMeterUtils: Unable to get local host IP address.
java.net.UnknownHostException: linuxkit-025000000001: linuxkit-025000000001: Name does not resolve
	at java.net.InetAddress.getLocalHost(InetAddress.java:1506) ~[?:1.8.0_222]
	at org.apache.jmeter.util.JMeterUtils.getLocalHostDetails(JMeterUtils.java:1098) [ApacheJMeter_core.jar:5.1.1 r1855137]
	at org.apache.jmeter.util.JMeterUtils.getLocalHostName(JMeterUtils.java:1077) [ApacheJMeter_core.jar:5.1.1 r1855137]
	at org.apache.jmeter.protocol.http.sampler.HTTPHCAbstractImpl.<clinit>(HTTPHCAbstractImpl.java:138) [ApacheJMeter_http.jar:5.1.1 r1855137]
	at org.apache.jmeter.protocol.http.sampler.HTTPSamplerFactory.getImplementation(HTTPSamplerFactory.java:97) [ApacheJMeter_http.jar:5.1.1 r1855137]
	at org.apache.jmeter.protocol.http.sampler.HTTPSamplerProxy.sample(HTTPSamplerProxy.java:62) [ApacheJMeter_http.jar:5.1.1 r1855137]
	at org.apache.jmeter.protocol.http.sampler.HTTPSamplerBase.sample(HTTPSamplerBase.java:1231) [ApacheJMeter_http.jar:5.1.1 r1855137]
	at org.apache.jmeter.protocol.http.sampler.HTTPSamplerBase.sample(HTTPSamplerBase.java:1220) [ApacheJMeter_http.jar:5.1.1 r1855137]
	at org.apache.jmeter.threads.JMeterThread.doSampling(JMeterThread.java:622) [ApacheJMeter_core.jar:5.1.1 r1855137]
	at org.apache.jmeter.threads.JMeterThread.executeSamplePackage(JMeterThread.java:546) [ApacheJMeter_core.jar:5.1.1 r1855137]
	at org.apache.jmeter.threads.JMeterThread.processSampler(JMeterThread.java:486) [ApacheJMeter_core.jar:5.1.1 r1855137]
	at org.apache.jmeter.threads.JMeterThread.run(JMeterThread.java:253) [ApacheJMeter_core.jar:5.1.1 r1855137]
	at java.lang.Thread.run(Thread.java:748) [?:1.8.0_222]
Caused by: java.net.UnknownHostException: linuxkit-025000000001: Name does not resolve
	at java.net.Inet6AddressImpl.lookupAllHostAddr(Native Method) ~[?:1.8.0_222]
	at java.net.InetAddress$2.lookupAllHostAddr(InetAddress.java:929) ~[?:1.8.0_222]
	at java.net.InetAddress.getAddressesFromNameService(InetAddress.java:1324) ~[?:1.8.0_222]
	at java.net.InetAddress.getLocalHost(InetAddress.java:1501) ~[?:1.8.0_222]
	... 12 more
2019-11-25 17:40:37,834 INFO o.a.j.t.JMeterThread: Thread started: Powerhouse Thread Group 1-15
2019-11-25 17:40:37,834 INFO o.a.j.p.h.s.HTTPHCAbstractImpl: Local host = null
2019-11-25 17:40:37,842 INFO o.a.j.t.JMeterThread: Thread started: Powerhouse Thread Group 1-17
2019-11-25 17:40:37,843 INFO o.a.j.t.JMeterThread: Thread started: Powerhouse Thread Group 1-16
2019-11-25 17:40:37,852 INFO o.a.j.t.JMeterThread: Thread started: Powerhouse Thread Group 1-18
2019-11-25 17:40:37,868 INFO o.a.j.p.h.s.HTTPHC4Impl: HTTP request retry count = 0
2019-11-25 17:40:37,872 INFO o.a.j.t.JMeterThread: Thread started: Powerhouse Thread Group 1-19
2019-11-25 17:40:37,874 INFO o.a.j.s.SampleResult: Note: Sample TimeStamps are START times
2019-11-25 17:40:37,874 INFO o.a.j.s.SampleResult: sampleresult.default.encoding is set to ISO-8859-1
2019-11-25 17:40:37,875 INFO o.a.j.s.SampleResult: sampleresult.useNanoTime=true
2019-11-25 17:40:37,876 INFO o.a.j.s.SampleResult: sampleresult.nanoThreadSleep=5000
2019-11-25 17:40:37,895 INFO o.a.j.t.JMeterThread: Thread started: Powerhouse Thread Group 1-22
2019-11-25 17:40:37,897 INFO o.a.j.t.JMeterThread: Thread started: Powerhouse Thread Group 1-20
2019-11-25 17:40:37,883 INFO o.a.j.t.JMeterThread: Thread started: Powerhouse Thread Group 1-21
2019-11-25 17:40:37,918 INFO o.a.j.t.JMeterThread: Thread started: Powerhouse Thread Group 1-24
2019-11-25 17:40:37,927 INFO o.a.j.t.JMeterThread: Thread started: Powerhouse Thread Group 1-25
2019-11-25 17:40:37,928 INFO o.a.j.t.JMeterThread: Thread started: Powerhouse Thread Group 1-23
2019-11-25 17:40:37,939 INFO o.a.j.t.JMeterThread: Thread started: Powerhouse Thread Group 1-27
2019-11-25 17:40:37,954 INFO o.a.j.t.JMeterThread: Thread started: Powerhouse Thread Group 1-29
2019-11-25 17:40:37,957 INFO o.a.j.t.JMeterThread: Thread started: Powerhouse Thread Group 1-28
2019-11-25 17:40:37,957 INFO o.a.j.t.JMeterThread: Thread started: Powerhouse Thread Group 1-26
2019-11-25 17:40:37,976 INFO o.a.j.t.JMeterThread: Thread started: Powerhouse Thread Group 1-30
2019-11-25 17:40:37,979 INFO o.a.j.t.JMeterThread: Thread started: Powerhouse Thread Group 1-32
2019-11-25 17:40:37,984 INFO o.a.j.t.JMeterThread: Thread started: Powerhouse Thread Group 1-31
2019-11-25 17:40:38,001 INFO o.a.j.t.JMeterThread: Thread started: Powerhouse Thread Group 1-33
2019-11-25 17:40:38,009 INFO o.a.j.t.JMeterThread: Thread started: Powerhouse Thread Group 1-34
2019-11-25 17:40:38,013 INFO o.a.j.t.JMeterThread: Thread started: Powerhouse Thread Group 1-37
2019-11-25 17:40:38,019 INFO o.a.j.t.JMeterThread: Thread started: Powerhouse Thread Group 1-35
2019-11-25 17:40:38,021 INFO o.a.j.t.JMeterThread: Thread started: Powerhouse Thread Group 1-38
2019-11-25 17:40:38,025 INFO o.a.j.t.JMeterThread: Thread started: Powerhouse Thread Group 1-36
2019-11-25 17:40:38,034 INFO o.a.j.t.JMeterThread: Thread started: Powerhouse Thread Group 1-39
2019-11-25 17:40:38,041 INFO o.a.j.t.JMeterThread: Thread started: Powerhouse Thread Group 1-40
2019-11-25 17:40:38,053 INFO o.a.j.t.JMeterThread: Thread started: Powerhouse Thread Group 1-43
2019-11-25 17:40:38,053 INFO o.a.j.t.JMeterThread: Thread started: Powerhouse Thread Group 1-41
2019-11-25 17:40:38,060 INFO o.a.j.t.JMeterThread: Thread started: Powerhouse Thread Group 1-42
2019-11-25 17:40:38,071 INFO o.a.j.t.JMeterThread: Thread started: Powerhouse Thread Group 1-45
2019-11-25 17:40:38,081 INFO o.a.j.t.JMeterThread: Thread started: Powerhouse Thread Group 1-44
2019-11-25 17:40:38,091 INFO o.a.j.t.JMeterThread: Thread started: Powerhouse Thread Group 1-47
2019-11-25 17:40:38,094 INFO o.a.j.t.JMeterThread: Thread started: Powerhouse Thread Group 1-46
2019-11-25 17:40:38,096 INFO o.a.j.t.JMeterThread: Thread started: Powerhouse Thread Group 1-48
2019-11-25 17:40:38,100 INFO o.a.j.t.JMeterThread: Thread started: Powerhouse Thread Group 1-49
2019-11-25 17:40:38,126 INFO o.a.j.t.JMeterThread: Thread started: Powerhouse Thread Group 1-51
2019-11-25 17:40:38,128 INFO o.a.j.t.JMeterThread: Thread started: Powerhouse Thread Group 1-52
2019-11-25 17:40:38,134 INFO o.a.j.t.JMeterThread: Thread started: Powerhouse Thread Group 1-50
2019-11-25 17:40:38,150 INFO o.a.j.t.JMeterThread: Thread started: Powerhouse Thread Group 1-55
2019-11-25 17:40:38,151 INFO o.a.j.t.JMeterThread: Thread started: Powerhouse Thread Group 1-54
2019-11-25 17:40:38,158 INFO o.a.j.t.JMeterThread: Thread started: Powerhouse Thread Group 1-53
2019-11-25 17:40:38,160 INFO o.a.j.t.JMeterThread: Thread started: Powerhouse Thread Group 1-56
2019-11-25 17:40:38,180 INFO o.a.j.t.JMeterThread: Thread started: Powerhouse Thread Group 1-58
2019-11-25 17:40:38,193 INFO o.a.j.t.JMeterThread: Thread started: Powerhouse Thread Group 1-57
2019-11-25 17:40:38,215 INFO o.a.j.t.JMeterThread: Thread started: Powerhouse Thread Group 1-59
2019-11-25 17:40:38,225 INFO o.a.j.t.JMeterThread: Thread started: Powerhouse Thread Group 1-60
2019-11-25 17:40:38,225 INFO o.a.j.t.JMeterThread: Thread started: Powerhouse Thread Group 1-62
2019-11-25 17:40:38,230 INFO o.a.j.t.JMeterThread: Thread started: Powerhouse Thread Group 1-61
2019-11-25 17:40:38,245 INFO o.a.j.t.JMeterThread: Thread started: Powerhouse Thread Group 1-65
2019-11-25 17:40:38,247 INFO o.a.j.t.JMeterThread: Thread started: Powerhouse Thread Group 1-64
2019-11-25 17:40:38,253 INFO o.a.j.t.JMeterThread: Thread started: Powerhouse Thread Group 1-63
2019-11-25 17:40:38,267 INFO o.a.j.t.JMeterThread: Thread started: Powerhouse Thread Group 1-66
2019-11-25 17:40:38,271 INFO o.a.j.t.JMeterThread: Thread started: Powerhouse Thread Group 1-67
2019-11-25 17:40:38,283 INFO o.a.j.t.JMeterThread: Thread started: Powerhouse Thread Group 1-69
2019-11-25 17:40:38,289 INFO o.a.j.t.JMeterThread: Thread started: Powerhouse Thread Group 1-68
2019-11-25 17:40:38,289 INFO o.a.j.t.JMeterThread: Thread started: Powerhouse Thread Group 1-71
2019-11-25 17:40:38,296 INFO o.a.j.t.JMeterThread: Thread started: Powerhouse Thread Group 1-70
2019-11-25 17:40:38,336 INFO o.a.j.t.JMeterThread: Thread started: Powerhouse Thread Group 1-72
2019-11-25 17:40:38,341 INFO o.a.j.t.JMeterThread: Thread started: Powerhouse Thread Group 1-73
2019-11-25 17:40:38,345 INFO o.a.j.t.JMeterThread: Thread started: Powerhouse Thread Group 1-74
2019-11-25 17:40:38,350 INFO o.a.j.t.JMeterThread: Thread started: Powerhouse Thread Group 1-75
2019-11-25 17:40:38,351 INFO o.a.j.t.JMeterThread: Thread started: Powerhouse Thread Group 1-77
2019-11-25 17:40:38,363 INFO o.a.j.t.JMeterThread: Thread started: Powerhouse Thread Group 1-80
2019-11-25 17:40:38,365 INFO o.a.j.t.JMeterThread: Thread started: Powerhouse Thread Group 1-78
2019-11-25 17:40:38,373 INFO o.a.j.t.JMeterThread: Thread started: Powerhouse Thread Group 1-79
2019-11-25 17:40:38,378 INFO o.a.j.t.JMeterThread: Thread started: Powerhouse Thread Group 1-81
2019-11-25 17:40:38,366 INFO o.a.j.t.JMeterThread: Thread started: Powerhouse Thread Group 1-76
2019-11-25 17:40:38,385 INFO o.a.j.t.JMeterThread: Thread started: Powerhouse Thread Group 1-89
2019-11-25 17:40:38,384 INFO o.a.j.t.JMeterThread: Thread started: Powerhouse Thread Group 1-84
2019-11-25 17:40:38,388 INFO o.a.j.t.JMeterThread: Thread started: Powerhouse Thread Group 1-82
2019-11-25 17:40:38,396 INFO o.a.j.t.JMeterThread: Thread started: Powerhouse Thread Group 1-83
2019-11-25 17:40:38,406 INFO o.a.j.t.JMeterThread: Thread started: Powerhouse Thread Group 1-85
2019-11-25 17:40:38,408 INFO o.a.j.t.JMeterThread: Thread started: Powerhouse Thread Group 1-86
2019-11-25 17:40:38,418 INFO o.a.j.t.JMeterThread: Thread started: Powerhouse Thread Group 1-87
2019-11-25 17:40:38,419 INFO o.a.j.t.JMeterThread: Thread started: Powerhouse Thread Group 1-91
2019-11-25 17:40:38,424 INFO o.a.j.t.JMeterThread: Thread started: Powerhouse Thread Group 1-88
2019-11-25 17:40:38,429 INFO o.a.j.t.JMeterThread: Thread started: Powerhouse Thread Group 1-90
2019-11-25 17:40:38,449 INFO o.a.j.t.JMeterThread: Thread started: Powerhouse Thread Group 1-92
2019-11-25 17:40:38,467 INFO o.a.j.t.JMeterThread: Thread started: Powerhouse Thread Group 1-94
2019-11-25 17:40:38,469 INFO o.a.j.t.JMeterThread: Thread started: Powerhouse Thread Group 1-93
2019-11-25 17:40:38,478 INFO o.a.j.t.JMeterThread: Thread started: Powerhouse Thread Group 1-95
2019-11-25 17:40:38,514 INFO o.a.j.t.JMeterThread: Thread started: Powerhouse Thread Group 1-98
2019-11-25 17:40:38,514 INFO o.a.j.t.JMeterThread: Thread started: Powerhouse Thread Group 1-96
2019-11-25 17:40:38,514 INFO o.a.j.t.JMeterThread: Thread started: Powerhouse Thread Group 1-97
2019-11-25 17:40:38,523 INFO o.a.j.t.JMeterThread: Thread started: Powerhouse Thread Group 1-99
2019-11-25 17:40:38,539 INFO o.a.j.t.JMeterThread: Thread started: Powerhouse Thread Group 1-100
2019-11-25 17:40:38,570 INFO o.a.j.t.JMeterThread: Thread is done: Powerhouse Thread Group - Search 2-1
2019-11-25 17:40:38,571 INFO o.a.j.t.JMeterThread: Thread finished: Powerhouse Thread Group - Search 2-1
