2019-11-25 15:59:42,723 INFO o.a.j.u.JMeterUtils: Setting Locale to en_EN
2019-11-25 15:59:42,775 INFO o.a.j.JMeter: Loading user properties from: /opt/apache-jmeter-5.1.1/bin/user.properties
2019-11-25 15:59:42,777 INFO o.a.j.JMeter: Loading system properties from: /opt/apache-jmeter-5.1.1/bin/system.properties
2019-11-25 15:59:42,795 INFO o.a.j.JMeter: Copyright (c) 1998-2019 The Apache Software Foundation
2019-11-25 15:59:42,796 INFO o.a.j.JMeter: Version 5.1.1 r1855137
2019-11-25 15:59:42,797 INFO o.a.j.JMeter: java.version=1.8.0_222
2019-11-25 15:59:42,798 INFO o.a.j.JMeter: java.vm.name=OpenJDK 64-Bit Server VM
2019-11-25 15:59:42,798 INFO o.a.j.JMeter: os.name=Linux
2019-11-25 15:59:42,799 INFO o.a.j.JMeter: os.arch=amd64
2019-11-25 15:59:42,800 INFO o.a.j.JMeter: os.version=4.9.125-linuxkit
2019-11-25 15:59:42,800 INFO o.a.j.JMeter: file.encoding=UTF-8
2019-11-25 15:59:42,801 INFO o.a.j.JMeter: java.awt.headless=true
2019-11-25 15:59:42,802 INFO o.a.j.JMeter: Max memory     =234881024
2019-11-25 15:59:42,803 INFO o.a.j.JMeter: Available Processors =6
2019-11-25 15:59:42,812 INFO o.a.j.JMeter: Default Locale=English (EN)
2019-11-25 15:59:42,813 INFO o.a.j.JMeter: JMeter  Locale=English (EN)
2019-11-25 15:59:42,815 INFO o.a.j.JMeter: JMeterHome=/opt/apache-jmeter-5.1.1
2019-11-25 15:59:42,815 INFO o.a.j.JMeter: user.dir  =/opt/apache-jmeter-5.1.1
2019-11-25 15:59:42,816 INFO o.a.j.JMeter: PWD       =/opt/apache-jmeter-5.1.1
2019-11-25 15:59:42,819 ERROR o.a.j.u.JMeterUtils: Unable to get local host IP address.
java.net.UnknownHostException: linuxkit-025000000001: linuxkit-025000000001: Name does not resolve
	at java.net.InetAddress.getLocalHost(InetAddress.java:1506) ~[?:1.8.0_222]
	at org.apache.jmeter.util.JMeterUtils.getLocalHostDetails(JMeterUtils.java:1098) [ApacheJMeter_core.jar:5.1.1 r1855137]
	at org.apache.jmeter.util.JMeterUtils.getLocalHostIP(JMeterUtils.java:1064) [ApacheJMeter_core.jar:5.1.1 r1855137]
	at org.apache.jmeter.JMeter.start(JMeter.java:487) [ApacheJMeter_core.jar:5.1.1 r1855137]
	at sun.reflect.NativeMethodAccessorImpl.invoke0(Native Method) ~[?:1.8.0_222]
	at sun.reflect.NativeMethodAccessorImpl.invoke(NativeMethodAccessorImpl.java:62) ~[?:1.8.0_222]
	at sun.reflect.DelegatingMethodAccessorImpl.invoke(DelegatingMethodAccessorImpl.java:43) ~[?:1.8.0_222]
	at java.lang.reflect.Method.invoke(Method.java:498) ~[?:1.8.0_222]
	at org.apache.jmeter.NewDriver.main(NewDriver.java:253) [ApacheJMeter.jar:5.1.1 r1855137]
Caused by: java.net.UnknownHostException: linuxkit-025000000001: Name does not resolve
	at java.net.Inet6AddressImpl.lookupAllHostAddr(Native Method) ~[?:1.8.0_222]
	at java.net.InetAddress$2.lookupAllHostAddr(InetAddress.java:929) ~[?:1.8.0_222]
	at java.net.InetAddress.getAddressesFromNameService(InetAddress.java:1324) ~[?:1.8.0_222]
	at java.net.InetAddress.getLocalHost(InetAddress.java:1501) ~[?:1.8.0_222]
	... 8 more
2019-11-25 15:59:42,828 ERROR o.a.j.u.JMeterUtils: Unable to get local host IP address.
java.net.UnknownHostException: linuxkit-025000000001: linuxkit-025000000001: Name does not resolve
	at java.net.InetAddress.getLocalHost(InetAddress.java:1506) ~[?:1.8.0_222]
	at org.apache.jmeter.util.JMeterUtils.getLocalHostDetails(JMeterUtils.java:1098) [ApacheJMeter_core.jar:5.1.1 r1855137]
	at org.apache.jmeter.util.JMeterUtils.getLocalHostName(JMeterUtils.java:1077) [ApacheJMeter_core.jar:5.1.1 r1855137]
	at org.apache.jmeter.JMeter.start(JMeter.java:487) [ApacheJMeter_core.jar:5.1.1 r1855137]
	at sun.reflect.NativeMethodAccessorImpl.invoke0(Native Method) ~[?:1.8.0_222]
	at sun.reflect.NativeMethodAccessorImpl.invoke(NativeMethodAccessorImpl.java:62) ~[?:1.8.0_222]
	at sun.reflect.DelegatingMethodAccessorImpl.invoke(DelegatingMethodAccessorImpl.java:43) ~[?:1.8.0_222]
	at java.lang.reflect.Method.invoke(Method.java:498) ~[?:1.8.0_222]
	at org.apache.jmeter.NewDriver.main(NewDriver.java:253) [ApacheJMeter.jar:5.1.1 r1855137]
Caused by: java.net.UnknownHostException: linuxkit-025000000001: Name does not resolve
	at java.net.Inet6AddressImpl.lookupAllHostAddr(Native Method) ~[?:1.8.0_222]
	at java.net.InetAddress$2.lookupAllHostAddr(InetAddress.java:929) ~[?:1.8.0_222]
	at java.net.InetAddress.getAddressesFromNameService(InetAddress.java:1324) ~[?:1.8.0_222]
	at java.net.InetAddress.getLocalHost(InetAddress.java:1501) ~[?:1.8.0_222]
	... 8 more
2019-11-25 15:59:42,832 ERROR o.a.j.u.JMeterUtils: Unable to get local host IP address.
java.net.UnknownHostException: linuxkit-025000000001: linuxkit-025000000001: Name does not resolve
	at java.net.InetAddress.getLocalHost(InetAddress.java:1506) ~[?:1.8.0_222]
	at org.apache.jmeter.util.JMeterUtils.getLocalHostDetails(JMeterUtils.java:1098) [ApacheJMeter_core.jar:5.1.1 r1855137]
	at org.apache.jmeter.util.JMeterUtils.getLocalHostFullName(JMeterUtils.java:1090) [ApacheJMeter_core.jar:5.1.1 r1855137]
	at org.apache.jmeter.JMeter.start(JMeter.java:488) [ApacheJMeter_core.jar:5.1.1 r1855137]
	at sun.reflect.NativeMethodAccessorImpl.invoke0(Native Method) ~[?:1.8.0_222]
	at sun.reflect.NativeMethodAccessorImpl.invoke(NativeMethodAccessorImpl.java:62) ~[?:1.8.0_222]
	at sun.reflect.DelegatingMethodAccessorImpl.invoke(DelegatingMethodAccessorImpl.java:43) ~[?:1.8.0_222]
	at java.lang.reflect.Method.invoke(Method.java:498) ~[?:1.8.0_222]
	at org.apache.jmeter.NewDriver.main(NewDriver.java:253) [ApacheJMeter.jar:5.1.1 r1855137]
Caused by: java.net.UnknownHostException: linuxkit-025000000001: Name does not resolve
	at java.net.Inet6AddressImpl.lookupAllHostAddr(Native Method) ~[?:1.8.0_222]
	at java.net.InetAddress$2.lookupAllHostAddr(InetAddress.java:929) ~[?:1.8.0_222]
	at java.net.InetAddress.getAddressesFromNameService(InetAddress.java:1324) ~[?:1.8.0_222]
	at java.net.InetAddress.getLocalHost(InetAddress.java:1501) ~[?:1.8.0_222]
	... 8 more
2019-11-25 15:59:42,834 INFO o.a.j.JMeter: IP: null Name: null FullName: null
2019-11-25 15:59:42,841 INFO o.a.j.JMeter: Setting property 'jmeter.reportgenerator.outputdir' to:'/mnt/jmeter/tmp/jmeter_resource_20191125_212933'
2019-11-25 15:59:42,851 INFO o.a.j.s.FileServer: Default base='/opt/apache-jmeter-5.1.1'
2019-11-25 15:59:42,865 INFO o.a.j.s.FileServer: Set new base='/mnt/jmeter'
2019-11-25 15:59:43,245 INFO o.a.j.s.SaveService: Testplan (JMX) version: 2.2. Testlog (JTL) version: 2.2
2019-11-25 15:59:43,292 INFO o.a.j.s.SaveService: Using SaveService properties file encoding UTF-8
2019-11-25 15:59:43,310 INFO o.a.j.s.SaveService: Using SaveService properties version 5.0
2019-11-25 15:59:43,344 INFO o.a.j.s.SaveService: Loading file: /mnt/jmeter/pshool.jmx
2019-11-25 15:59:43,457 INFO o.a.j.p.h.s.HTTPSamplerBase: Parser for text/html is org.apache.jmeter.protocol.http.parser.LagartoBasedHtmlParser
2019-11-25 15:59:43,458 INFO o.a.j.p.h.s.HTTPSamplerBase: Parser for application/xhtml+xml is org.apache.jmeter.protocol.http.parser.LagartoBasedHtmlParser
2019-11-25 15:59:43,459 INFO o.a.j.p.h.s.HTTPSamplerBase: Parser for application/xml is org.apache.jmeter.protocol.http.parser.LagartoBasedHtmlParser
2019-11-25 15:59:43,459 INFO o.a.j.p.h.s.HTTPSamplerBase: Parser for text/xml is org.apache.jmeter.protocol.http.parser.LagartoBasedHtmlParser
2019-11-25 15:59:43,460 INFO o.a.j.p.h.s.HTTPSamplerBase: Parser for text/vnd.wap.wml is org.apache.jmeter.protocol.http.parser.RegexpHTMLParser
2019-11-25 15:59:43,460 INFO o.a.j.p.h.s.HTTPSamplerBase: Parser for text/css is org.apache.jmeter.protocol.http.parser.CssParser
2019-11-25 15:59:43,543 INFO o.a.j.JMeter: Creating summariser <summary>
2019-11-25 15:59:43,563 INFO o.a.j.r.d.ReportGenerator: ReportGenerator will use for Parsing the separator: ','
2019-11-25 15:59:43,565 INFO o.a.j.r.d.ReportGenerator: Will generate report at end of test from  results file: /mnt/jmeter/tmp/result_20191125_212933.jtl
2019-11-25 15:59:43,565 INFO o.a.j.r.d.ReportGenerator: Reading report generator properties from: /opt/apache-jmeter-5.1.1/bin/reportgenerator.properties
2019-11-25 15:59:43,569 INFO o.a.j.r.d.ReportGenerator: Merging with JMeter properties
2019-11-25 15:59:43,583 INFO o.a.j.r.c.ReportGeneratorConfiguration: Property 'jmeter.reportgenerator.temp_dir' not found, using default value 'temp' instead.
2019-11-25 15:59:43,596 INFO o.a.j.r.c.ReportGeneratorConfiguration: Property 'jmeter.reportgenerator.apdex_per_transaction' not found, using default value 'null' instead.
2019-11-25 15:59:43,597 INFO o.a.j.r.c.ReportGeneratorConfiguration: apdex_per_transaction : {} is empty, not APDEX per transaction customization
2019-11-25 15:59:43,599 INFO o.a.j.r.c.ReportGeneratorConfiguration: Property 'jmeter.reportgenerator.sample_filter' not found, using default value 'null' instead.
2019-11-25 15:59:43,599 INFO o.a.j.r.c.ReportGeneratorConfiguration: Property 'jmeter.reportgenerator.report_title' not found, using default value 'null' instead.
2019-11-25 15:59:43,600 INFO o.a.j.r.c.ReportGeneratorConfiguration: Property 'jmeter.reportgenerator.start_date' not found, using default value 'null' instead.
2019-11-25 15:59:43,601 INFO o.a.j.r.c.ReportGeneratorConfiguration: Property 'jmeter.reportgenerator.end_date' not found, using default value 'null' instead.
2019-11-25 15:59:43,601 INFO o.a.j.r.c.ReportGeneratorConfiguration: Property 'jmeter.reportgenerator.date_format' not found, using default value 'null' instead.
2019-11-25 15:59:43,603 INFO o.a.j.r.c.ReportGeneratorConfiguration: Will use date range start date: null, end date: null
2019-11-25 15:59:43,615 INFO o.a.j.r.c.ReportGeneratorConfiguration: Property 'jmeter.reportgenerator.graph.totalTPS.exclude_controllers' not found, using default value 'false' instead.
2019-11-25 15:59:43,617 INFO o.a.j.r.c.ReportGeneratorConfiguration: Property 'jmeter.reportgenerator.graph.activeThreadsOverTime.exclude_controllers' not found, using default value 'false' instead.
2019-11-25 15:59:43,618 INFO o.a.j.r.c.ReportGeneratorConfiguration: Property 'jmeter.reportgenerator.graph.timeVsThreads.exclude_controllers' not found, using default value 'false' instead.
2019-11-25 15:59:43,619 INFO o.a.j.r.c.ReportGeneratorConfiguration: Property 'jmeter.reportgenerator.graph.responseTimeDistribution.exclude_controllers' not found, using default value 'false' instead.
2019-11-25 15:59:43,619 INFO o.a.j.r.c.ReportGeneratorConfiguration: Property 'jmeter.reportgenerator.graph.transactionsPerSecond.exclude_controllers' not found, using default value 'false' instead.
2019-11-25 15:59:43,621 INFO o.a.j.r.c.ReportGeneratorConfiguration: Property 'jmeter.reportgenerator.graph.responseTimePercentiles.exclude_controllers' not found, using default value 'false' instead.
2019-11-25 15:59:43,622 INFO o.a.j.r.c.ReportGeneratorConfiguration: Property 'jmeter.reportgenerator.graph.responseTimePercentilesOverTime.exclude_controllers' not found, using default value 'false' instead.
2019-11-25 15:59:43,624 INFO o.a.j.r.c.ReportGeneratorConfiguration: Property 'jmeter.reportgenerator.graph.responseTimesOverTime.exclude_controllers' not found, using default value 'false' instead.
2019-11-25 15:59:43,626 INFO o.a.j.r.c.ReportGeneratorConfiguration: Property 'jmeter.reportgenerator.graph.connectTimeOverTime.exclude_controllers' not found, using default value 'false' instead.
2019-11-25 15:59:43,627 INFO o.a.j.r.c.ReportGeneratorConfiguration: Property 'jmeter.reportgenerator.graph.latenciesOverTime.exclude_controllers' not found, using default value 'false' instead.
2019-11-25 15:59:43,630 INFO o.a.j.r.c.ReportGeneratorConfiguration: Property 'jmeter.reportgenerator.exporter.json.filters_only_sample_series' not found, using default value 'true' instead.
2019-11-25 15:59:43,631 INFO o.a.j.r.c.ReportGeneratorConfiguration: Property 'jmeter.reportgenerator.exporter.json.series_filter' not found, using default value '' instead.
2019-11-25 15:59:43,632 INFO o.a.j.r.c.ReportGeneratorConfiguration: Property 'jmeter.reportgenerator.exporter.json.show_controllers_only' not found, using default value 'false' instead.
2019-11-25 15:59:43,640 INFO o.a.j.r.c.ReportGeneratorConfiguration: Property 'jmeter.reportgenerator.exporter.html.filters_only_sample_series' not found, using default value 'true' instead.
2019-11-25 15:59:43,642 INFO o.a.j.r.c.ReportGeneratorConfiguration: Property 'jmeter.reportgenerator.exporter.html.series_filter' not found, using default value '' instead.
2019-11-25 15:59:43,643 INFO o.a.j.r.c.ReportGeneratorConfiguration: Property 'jmeter.reportgenerator.exporter.html.show_controllers_only' not found, using default value 'false' instead.
2019-11-25 15:59:43,656 INFO o.a.j.e.StandardJMeterEngine: Running the test!
2019-11-25 15:59:43,663 ERROR o.a.j.u.JMeterUtils: Unable to get local host IP address.
java.net.UnknownHostException: linuxkit-025000000001: linuxkit-025000000001: Name does not resolve
	at java.net.InetAddress.getLocalHost(InetAddress.java:1506) ~[?:1.8.0_222]
	at org.apache.jmeter.util.JMeterUtils.getLocalHostDetails(JMeterUtils.java:1098) [ApacheJMeter_core.jar:5.1.1 r1855137]
	at org.apache.jmeter.util.JMeterUtils.getLocalHostName(JMeterUtils.java:1077) [ApacheJMeter_core.jar:5.1.1 r1855137]
	at org.apache.jmeter.samplers.SampleEvent.<clinit>(SampleEvent.java:52) [ApacheJMeter_core.jar:5.1.1 r1855137]
	at org.apache.jmeter.engine.StandardJMeterEngine.run(StandardJMeterEngine.java:357) [ApacheJMeter_core.jar:5.1.1 r1855137]
	at java.lang.Thread.run(Thread.java:748) [?:1.8.0_222]
Caused by: java.net.UnknownHostException: linuxkit-025000000001: Name does not resolve
	at java.net.Inet6AddressImpl.lookupAllHostAddr(Native Method) ~[?:1.8.0_222]
	at java.net.InetAddress$2.lookupAllHostAddr(InetAddress.java:929) ~[?:1.8.0_222]
	at java.net.InetAddress.getAddressesFromNameService(InetAddress.java:1324) ~[?:1.8.0_222]
	at java.net.InetAddress.getLocalHost(InetAddress.java:1501) ~[?:1.8.0_222]
	... 5 more
2019-11-25 15:59:43,667 INFO o.a.j.s.SampleEvent: List of sample_variables: []
2019-11-25 15:59:43,668 INFO o.a.j.s.SampleEvent: List of sample_variables: []
2019-11-25 15:59:43,687 INFO o.a.j.e.u.CompoundVariable: Note: Function class names must contain the string: '.functions.'
2019-11-25 15:59:43,688 INFO o.a.j.e.u.CompoundVariable: Note: Function class names must not contain the string: '.gui.'
2019-11-25 15:59:44,660 INFO o.a.j.JMeter: Running test (1574697584660)
2019-11-25 15:59:44,700 INFO o.a.j.e.StandardJMeterEngine: Starting ThreadGroup: 1 : Powerhouse Thread Group
2019-11-25 15:59:44,701 INFO o.a.j.e.StandardJMeterEngine: Starting 100 threads for group Powerhouse Thread Group.
2019-11-25 15:59:44,701 INFO o.a.j.e.StandardJMeterEngine: Thread will continue on error
2019-11-25 15:59:44,702 INFO o.a.j.t.ThreadGroup: Starting thread group... number=1 threads=100 ramp-up=1 delayedStart=false
2019-11-25 15:59:44,848 INFO o.a.j.t.JMeterThread: Thread started: Powerhouse Thread Group 1-4
2019-11-25 15:59:44,855 INFO o.a.j.t.JMeterThread: Thread started: Powerhouse Thread Group 1-2
2019-11-25 15:59:44,860 INFO o.a.j.t.JMeterThread: Thread started: Powerhouse Thread Group 1-5
2019-11-25 15:59:44,874 INFO o.a.j.t.JMeterThread: Thread started: Powerhouse Thread Group 1-9
2019-11-25 15:59:44,877 INFO o.a.j.t.JMeterThread: Thread started: Powerhouse Thread Group 1-1
2019-11-25 15:59:44,886 INFO o.a.j.t.JMeterThread: Thread started: Powerhouse Thread Group 1-3
2019-11-25 15:59:44,909 INFO o.a.j.s.FileServer: Stored: a3.txt
2019-11-25 15:59:44,912 INFO o.a.j.t.JMeterThread: Thread started: Powerhouse Thread Group 1-7
2019-11-25 15:59:44,914 INFO o.a.j.t.ThreadGroup: Started thread group number 1
2019-11-25 15:59:44,913 INFO o.a.j.t.JMeterThread: Thread started: Powerhouse Thread Group 1-13
2019-11-25 15:59:44,916 INFO o.a.j.e.StandardJMeterEngine: Starting ThreadGroup: 2 : Powerhouse Thread Group - Search
2019-11-25 15:59:44,917 INFO o.a.j.e.StandardJMeterEngine: Starting 1 threads for group Powerhouse Thread Group - Search.
2019-11-25 15:59:44,918 INFO o.a.j.e.StandardJMeterEngine: Thread will continue on error
2019-11-25 15:59:44,919 INFO o.a.j.t.ThreadGroup: Starting thread group... number=2 threads=1 ramp-up=1 delayedStart=false
2019-11-25 15:59:44,921 INFO o.a.j.t.ThreadGroup: Started thread group number 2
2019-11-25 15:59:44,921 INFO o.a.j.e.StandardJMeterEngine: All thread groups have been started
2019-11-25 15:59:44,921 INFO o.a.j.t.JMeterThread: Thread started: Powerhouse Thread Group - Search 2-1
2019-11-25 15:59:44,921 INFO o.a.j.t.JMeterThread: Thread started: Powerhouse Thread Group 1-8
2019-11-25 15:59:44,942 INFO o.a.j.t.JMeterThread: Thread started: Powerhouse Thread Group 1-14
2019-11-25 15:59:44,943 INFO o.a.j.t.JMeterThread: Thread started: Powerhouse Thread Group 1-15
2019-11-25 15:59:44,942 INFO o.a.j.t.JMeterThread: Thread started: Powerhouse Thread Group 1-6
2019-11-25 15:59:44,948 INFO o.a.j.t.JMeterThread: Thread started: Powerhouse Thread Group 1-20
2019-11-25 15:59:44,949 INFO o.a.j.t.JMeterThread: Thread started: Powerhouse Thread Group 1-10
2019-11-25 15:59:44,948 INFO o.a.j.s.FileServer: Stored: a4.txt
2019-11-25 15:59:44,951 INFO o.a.j.t.JMeterThread: Thread started: Powerhouse Thread Group 1-12
2019-11-25 15:59:44,972 INFO o.a.j.t.JMeterThread: Thread started: Powerhouse Thread Group 1-11
2019-11-25 15:59:44,989 INFO o.a.j.t.JMeterThread: Thread started: Powerhouse Thread Group 1-16
2019-11-25 15:59:44,990 INFO o.a.j.t.JMeterThread: Thread started: Powerhouse Thread Group 1-18
2019-11-25 15:59:44,996 INFO o.a.j.t.JMeterThread: Thread started: Powerhouse Thread Group 1-17
2019-11-25 15:59:45,000 INFO o.a.j.t.JMeterThread: Thread started: Powerhouse Thread Group 1-24
2019-11-25 15:59:45,002 ERROR o.a.j.u.JMeterUtils: Unable to get local host IP address.
java.net.UnknownHostException: linuxkit-025000000001: linuxkit-025000000001: Name does not resolve
	at java.net.InetAddress.getLocalHost(InetAddress.java:1506) ~[?:1.8.0_222]
	at org.apache.jmeter.util.JMeterUtils.getLocalHostDetails(JMeterUtils.java:1098) [ApacheJMeter_core.jar:5.1.1 r1855137]
	at org.apache.jmeter.util.JMeterUtils.getLocalHostName(JMeterUtils.java:1077) [ApacheJMeter_core.jar:5.1.1 r1855137]
	at org.apache.jmeter.protocol.http.sampler.HTTPHCAbstractImpl.<clinit>(HTTPHCAbstractImpl.java:138) [ApacheJMeter_http.jar:5.1.1 r1855137]
	at org.apache.jmeter.protocol.http.sampler.HTTPSamplerFactory.getImplementation(HTTPSamplerFactory.java:97) [ApacheJMeter_http.jar:5.1.1 r1855137]
	at org.apache.jmeter.protocol.http.sampler.HTTPSamplerProxy.sample(HTTPSamplerProxy.java:62) [ApacheJMeter_http.jar:5.1.1 r1855137]
	at org.apache.jmeter.protocol.http.sampler.HTTPSamplerBase.sample(HTTPSamplerBase.java:1231) [ApacheJMeter_http.jar:5.1.1 r1855137]
	at org.apache.jmeter.protocol.http.sampler.HTTPSamplerBase.sample(HTTPSamplerBase.java:1220) [ApacheJMeter_http.jar:5.1.1 r1855137]
	at org.apache.jmeter.threads.JMeterThread.doSampling(JMeterThread.java:622) [ApacheJMeter_core.jar:5.1.1 r1855137]
	at org.apache.jmeter.threads.JMeterThread.executeSamplePackage(JMeterThread.java:546) [ApacheJMeter_core.jar:5.1.1 r1855137]
	at org.apache.jmeter.threads.JMeterThread.processSampler(JMeterThread.java:486) [ApacheJMeter_core.jar:5.1.1 r1855137]
	at org.apache.jmeter.threads.JMeterThread.run(JMeterThread.java:253) [ApacheJMeter_core.jar:5.1.1 r1855137]
	at java.lang.Thread.run(Thread.java:748) [?:1.8.0_222]
Caused by: java.net.UnknownHostException: linuxkit-025000000001: Name does not resolve
	at java.net.Inet6AddressImpl.lookupAllHostAddr(Native Method) ~[?:1.8.0_222]
	at java.net.InetAddress$2.lookupAllHostAddr(InetAddress.java:929) ~[?:1.8.0_222]
	at java.net.InetAddress.getAddressesFromNameService(InetAddress.java:1324) ~[?:1.8.0_222]
	at java.net.InetAddress.getLocalHost(InetAddress.java:1501) ~[?:1.8.0_222]
	... 12 more
2019-11-25 15:59:45,004 INFO o.a.j.p.h.s.HTTPHCAbstractImpl: Local host = null
2019-11-25 15:59:45,006 INFO o.a.j.t.JMeterThread: Thread started: Powerhouse Thread Group 1-19
2019-11-25 15:59:45,022 INFO o.a.j.t.JMeterThread: Thread started: Powerhouse Thread Group 1-21
2019-11-25 15:59:45,031 INFO o.a.j.t.JMeterThread: Thread started: Powerhouse Thread Group 1-22
2019-11-25 15:59:45,033 INFO o.a.j.p.h.s.HTTPHC4Impl: HTTP request retry count = 0
2019-11-25 15:59:45,034 INFO o.a.j.t.JMeterThread: Thread started: Powerhouse Thread Group 1-23
2019-11-25 15:59:45,034 INFO o.a.j.t.JMeterThread: Thread started: Powerhouse Thread Group 1-26
2019-11-25 15:59:45,040 INFO o.a.j.s.SampleResult: Note: Sample TimeStamps are START times
2019-11-25 15:59:45,041 INFO o.a.j.s.SampleResult: sampleresult.default.encoding is set to ISO-8859-1
2019-11-25 15:59:45,041 INFO o.a.j.s.SampleResult: sampleresult.useNanoTime=true
2019-11-25 15:59:45,042 INFO o.a.j.s.SampleResult: sampleresult.nanoThreadSleep=5000
2019-11-25 15:59:45,062 INFO o.a.j.t.JMeterThread: Thread started: Powerhouse Thread Group 1-25
2019-11-25 15:59:45,077 INFO o.a.j.t.JMeterThread: Thread started: Powerhouse Thread Group 1-27
2019-11-25 15:59:45,078 INFO o.a.j.t.JMeterThread: Thread started: Powerhouse Thread Group 1-28
2019-11-25 15:59:45,089 INFO o.a.j.t.JMeterThread: Thread started: Powerhouse Thread Group 1-29
2019-11-25 15:59:45,098 INFO o.a.j.t.JMeterThread: Thread started: Powerhouse Thread Group 1-30
2019-11-25 15:59:45,104 INFO o.a.j.t.JMeterThread: Thread started: Powerhouse Thread Group 1-31
2019-11-25 15:59:45,109 INFO o.a.j.t.JMeterThread: Thread started: Powerhouse Thread Group 1-32
2019-11-25 15:59:45,120 INFO o.a.j.t.JMeterThread: Thread started: Powerhouse Thread Group 1-33
2019-11-25 15:59:45,125 INFO o.a.j.t.JMeterThread: Thread started: Powerhouse Thread Group 1-34
2019-11-25 15:59:45,135 INFO o.a.j.t.JMeterThread: Thread started: Powerhouse Thread Group 1-35
2019-11-25 15:59:45,146 INFO o.a.j.t.JMeterThread: Thread started: Powerhouse Thread Group 1-36
2019-11-25 15:59:45,146 INFO o.a.j.t.JMeterThread: Thread started: Powerhouse Thread Group 1-37
2019-11-25 15:59:45,156 INFO o.a.j.t.JMeterThread: Thread started: Powerhouse Thread Group 1-39
2019-11-25 15:59:45,169 INFO o.a.j.t.JMeterThread: Thread started: Powerhouse Thread Group 1-38
2019-11-25 15:59:45,172 INFO o.a.j.t.JMeterThread: Thread started: Powerhouse Thread Group 1-41
2019-11-25 15:59:45,173 INFO o.a.j.t.JMeterThread: Thread started: Powerhouse Thread Group 1-42
2019-11-25 15:59:45,179 INFO o.a.j.t.JMeterThread: Thread started: Powerhouse Thread Group 1-40
2019-11-25 15:59:45,180 INFO o.a.j.t.JMeterThread: Thread started: Powerhouse Thread Group 1-43
2019-11-25 15:59:45,185 INFO o.a.j.t.JMeterThread: Thread started: Powerhouse Thread Group 1-44
2019-11-25 15:59:45,196 INFO o.a.j.t.JMeterThread: Thread started: Powerhouse Thread Group 1-45
2019-11-25 15:59:45,202 INFO o.a.j.t.JMeterThread: Thread started: Powerhouse Thread Group 1-46
2019-11-25 15:59:45,221 INFO o.a.j.t.JMeterThread: Thread started: Powerhouse Thread Group 1-48
2019-11-25 15:59:45,232 INFO o.a.j.t.JMeterThread: Thread started: Powerhouse Thread Group 1-47
2019-11-25 15:59:45,250 INFO o.a.j.t.JMeterThread: Thread started: Powerhouse Thread Group 1-49
2019-11-25 15:59:45,252 INFO o.a.j.t.JMeterThread: Thread started: Powerhouse Thread Group 1-50
2019-11-25 15:59:45,269 INFO o.a.j.t.JMeterThread: Thread started: Powerhouse Thread Group 1-51
2019-11-25 15:59:45,294 INFO o.a.j.t.JMeterThread: Thread started: Powerhouse Thread Group 1-53
2019-11-25 15:59:45,297 INFO o.a.j.t.JMeterThread: Thread started: Powerhouse Thread Group 1-52
2019-11-25 15:59:45,298 INFO o.a.j.t.JMeterThread: Thread started: Powerhouse Thread Group 1-54
2019-11-25 15:59:45,314 INFO o.a.j.t.JMeterThread: Thread started: Powerhouse Thread Group 1-55
2019-11-25 15:59:45,323 INFO o.a.j.t.JMeterThread: Thread started: Powerhouse Thread Group 1-56
2019-11-25 15:59:45,329 INFO o.a.j.t.JMeterThread: Thread started: Powerhouse Thread Group 1-57
2019-11-25 15:59:45,334 INFO o.a.j.t.JMeterThread: Thread started: Powerhouse Thread Group 1-58
2019-11-25 15:59:45,353 INFO o.a.j.t.JMeterThread: Thread started: Powerhouse Thread Group 1-59
2019-11-25 15:59:45,353 INFO o.a.j.t.JMeterThread: Thread started: Powerhouse Thread Group 1-60
2019-11-25 15:59:45,395 INFO o.a.j.t.JMeterThread: Thread started: Powerhouse Thread Group 1-65
2019-11-25 15:59:45,395 INFO o.a.j.t.JMeterThread: Thread started: Powerhouse Thread Group 1-62
2019-11-25 15:59:45,395 INFO o.a.j.t.JMeterThread: Thread started: Powerhouse Thread Group 1-66
2019-11-25 15:59:45,395 INFO o.a.j.t.JMeterThread: Thread started: Powerhouse Thread Group 1-64
2019-11-25 15:59:45,395 INFO o.a.j.t.JMeterThread: Thread started: Powerhouse Thread Group 1-63
2019-11-25 15:59:45,395 INFO o.a.j.t.JMeterThread: Thread started: Powerhouse Thread Group 1-61
2019-11-25 15:59:45,404 INFO o.a.j.t.JMeterThread: Thread started: Powerhouse Thread Group 1-67
2019-11-25 15:59:45,418 INFO o.a.j.t.JMeterThread: Thread started: Powerhouse Thread Group 1-68
2019-11-25 15:59:45,425 INFO o.a.j.t.JMeterThread: Thread started: Powerhouse Thread Group 1-69
2019-11-25 15:59:45,435 INFO o.a.j.t.JMeterThread: Thread started: Powerhouse Thread Group 1-70
2019-11-25 15:59:45,439 INFO o.a.j.t.JMeterThread: Thread started: Powerhouse Thread Group 1-71
2019-11-25 15:59:45,445 INFO o.a.j.t.JMeterThread: Thread started: Powerhouse Thread Group 1-75
2019-11-25 15:59:45,456 INFO o.a.j.t.JMeterThread: Thread started: Powerhouse Thread Group 1-72
2019-11-25 15:59:45,467 INFO o.a.j.t.JMeterThread: Thread started: Powerhouse Thread Group 1-73
2019-11-25 15:59:45,480 INFO o.a.j.t.JMeterThread: Thread started: Powerhouse Thread Group 1-74
2019-11-25 15:59:45,495 INFO o.a.j.t.JMeterThread: Thread started: Powerhouse Thread Group 1-76
2019-11-25 15:59:45,503 INFO o.a.j.t.JMeterThread: Thread started: Powerhouse Thread Group 1-81
2019-11-25 15:59:45,503 INFO o.a.j.t.JMeterThread: Thread started: Powerhouse Thread Group 1-80
2019-11-25 15:59:45,506 INFO o.a.j.t.JMeterThread: Thread started: Powerhouse Thread Group 1-77
2019-11-25 15:59:45,513 INFO o.a.j.t.JMeterThread: Thread started: Powerhouse Thread Group 1-78
2019-11-25 15:59:45,514 INFO o.a.j.t.JMeterThread: Thread started: Powerhouse Thread Group 1-82
2019-11-25 15:59:45,521 INFO o.a.j.t.JMeterThread: Thread started: Powerhouse Thread Group 1-79
2019-11-25 15:59:45,524 INFO o.a.j.t.JMeterThread: Thread started: Powerhouse Thread Group 1-83
2019-11-25 15:59:45,533 INFO o.a.j.t.JMeterThread: Thread started: Powerhouse Thread Group 1-84
2019-11-25 15:59:45,543 INFO o.a.j.t.JMeterThread: Thread started: Powerhouse Thread Group 1-85
2019-11-25 15:59:45,551 INFO o.a.j.t.JMeterThread: Thread is done: Powerhouse Thread Group - Search 2-1
2019-11-25 15:59:45,551 INFO o.a.j.t.JMeterThread: Thread finished: Powerhouse Thread Group - Search 2-1
2019-11-25 15:59:45,553 INFO o.a.j.t.JMeterThread: Thread started: Powerhouse Thread Group 1-86
2019-11-25 15:59:45,566 INFO o.a.j.t.JMeterThread: Thread started: Powerhouse Thread Group 1-87
2019-11-25 15:59:45,585 INFO o.a.j.t.JMeterThread: Thread started: Powerhouse Thread Group 1-88
2019-11-25 15:59:45,585 INFO o.a.j.t.JMeterThread: Thread started: Powerhouse Thread Group 1-89
2019-11-25 15:59:45,594 INFO o.a.j.t.JMeterThread: Thread started: Powerhouse Thread Group 1-90
2019-11-25 15:59:45,605 INFO o.a.j.t.JMeterThread: Thread started: Powerhouse Thread Group 1-91
2019-11-25 15:59:45,629 INFO o.a.j.t.JMeterThread: Thread started: Powerhouse Thread Group 1-93
2019-11-25 15:59:45,637 INFO o.a.j.t.JMeterThread: Thread started: Powerhouse Thread Group 1-92
2019-11-25 15:59:45,653 INFO o.a.j.t.JMeterThread: Thread started: Powerhouse Thread Group 1-94
2019-11-25 15:59:45,657 INFO o.a.j.t.JMeterThread: Thread started: Powerhouse Thread Group 1-96
2019-11-25 15:59:45,659 INFO o.a.j.t.JMeterThread: Thread started: Powerhouse Thread Group 1-95
2019-11-25 15:59:45,693 INFO o.a.j.t.JMeterThread: Thread started: Powerhouse Thread Group 1-99
2019-11-25 15:59:45,695 INFO o.a.j.t.JMeterThread: Thread started: Powerhouse Thread Group 1-98
2019-11-25 15:59:45,694 INFO o.a.j.t.JMeterThread: Thread started: Powerhouse Thread Group 1-100
2019-11-25 15:59:45,693 INFO o.a.j.t.JMeterThread: Thread started: Powerhouse Thread Group 1-97
2019-11-25 15:59:45,713 INFO o.a.j.u.JsseSSLManager: Using default SSL protocol: TLS
2019-11-25 15:59:45,714 INFO o.a.j.u.JsseSSLManager: SSL session context: per-thread
2019-11-25 16:00:00,011 INFO o.a.j.r.Summariser: summary +   4878 in 00:00:15 =  317.8/s Avg:     4 Min:     0 Max:   290 Err:  4878 (100.00%) Active: 100 Started: 101 Finished: 1
2019-11-25 16:00:30,002 INFO o.a.j.r.Summariser: summary +   9999 in 00:00:30 =  333.4/s Avg:     0 Min:     0 Max:    37 Err:  9999 (100.00%) Active: 100 Started: 101 Finished: 1
2019-11-25 16:00:30,004 INFO o.a.j.r.Summariser: summary =  14877 in 00:00:45 =  328.1/s Avg:     1 Min:     0 Max:   290 Err: 14877 (100.00%)
2019-11-25 16:01:00,001 INFO o.a.j.r.Summariser: summary +  10001 in 00:00:30 =  333.4/s Avg:     0 Min:     0 Max:    24 Err: 10001 (100.00%) Active: 100 Started: 101 Finished: 1
2019-11-25 16:01:00,003 INFO o.a.j.r.Summariser: summary =  24878 in 00:01:15 =  330.2/s Avg:     1 Min:     0 Max:   290 Err: 24878 (100.00%)
2019-11-25 16:01:30,003 INFO o.a.j.r.Summariser: summary +  10001 in 00:00:30 =  333.3/s Avg:     0 Min:     0 Max:    18 Err: 10001 (100.00%) Active: 100 Started: 101 Finished: 1
2019-11-25 16:01:30,004 INFO o.a.j.r.Summariser: summary =  34879 in 00:01:45 =  331.1/s Avg:     1 Min:     0 Max:   290 Err: 34879 (100.00%)
