2019-11-25 17:41:43,833 INFO o.a.j.u.JMeterUtils: Setting Locale to en_EN
2019-11-25 17:41:43,880 INFO o.a.j.JMeter: Loading user properties from: /opt/apache-jmeter-5.1.1/bin/user.properties
2019-11-25 17:41:43,881 INFO o.a.j.JMeter: Loading system properties from: /opt/apache-jmeter-5.1.1/bin/system.properties
2019-11-25 17:41:43,892 INFO o.a.j.JMeter: Copyright (c) 1998-2019 The Apache Software Foundation
2019-11-25 17:41:43,893 INFO o.a.j.JMeter: Version 5.1.1 r1855137
2019-11-25 17:41:43,893 INFO o.a.j.JMeter: java.version=1.8.0_222
2019-11-25 17:41:43,894 INFO o.a.j.JMeter: java.vm.name=OpenJDK 64-Bit Server VM
2019-11-25 17:41:43,894 INFO o.a.j.JMeter: os.name=Linux
2019-11-25 17:41:43,895 INFO o.a.j.JMeter: os.arch=amd64
2019-11-25 17:41:43,895 INFO o.a.j.JMeter: os.version=4.9.125-linuxkit
2019-11-25 17:41:43,896 INFO o.a.j.JMeter: file.encoding=UTF-8
2019-11-25 17:41:43,896 INFO o.a.j.JMeter: java.awt.headless=true
2019-11-25 17:41:43,897 INFO o.a.j.JMeter: Max memory     =402653184
2019-11-25 17:41:43,897 INFO o.a.j.JMeter: Available Processors =6
2019-11-25 17:41:43,906 INFO o.a.j.JMeter: Default Locale=English (EN)
2019-11-25 17:41:43,907 INFO o.a.j.JMeter: JMeter  Locale=English (EN)
2019-11-25 17:41:43,907 INFO o.a.j.JMeter: JMeterHome=/opt/apache-jmeter-5.1.1
2019-11-25 17:41:43,908 INFO o.a.j.JMeter: user.dir  =/opt/apache-jmeter-5.1.1
2019-11-25 17:41:43,908 INFO o.a.j.JMeter: PWD       =/opt/apache-jmeter-5.1.1
2019-11-25 17:41:43,910 ERROR o.a.j.u.JMeterUtils: Unable to get local host IP address.
java.net.UnknownHostException: linuxkit-025000000001: linuxkit-025000000001: Name does not resolve
	at java.net.InetAddress.getLocalHost(InetAddress.java:1506) ~[?:1.8.0_222]
	at org.apache.jmeter.util.JMeterUtils.getLocalHostDetails(JMeterUtils.java:1098) [ApacheJMeter_core.jar:5.1.1 r1855137]
	at org.apache.jmeter.util.JMeterUtils.getLocalHostIP(JMeterUtils.java:1064) [ApacheJMeter_core.jar:5.1.1 r1855137]
	at org.apache.jmeter.JMeter.start(JMeter.java:487) [ApacheJMeter_core.jar:5.1.1 r1855137]
	at sun.reflect.NativeMethodAccessorImpl.invoke0(Native Method) ~[?:1.8.0_222]
	at sun.reflect.NativeMethodAccessorImpl.invoke(NativeMethodAccessorImpl.java:62) ~[?:1.8.0_222]
	at sun.reflect.DelegatingMethodAccessorImpl.invoke(DelegatingMethodAccessorImpl.java:43) ~[?:1.8.0_222]
	at java.lang.reflect.Method.invoke(Method.java:498) ~[?:1.8.0_222]
	at org.apache.jmeter.NewDriver.main(NewDriver.java:253) [ApacheJMeter.jar:5.1.1 r1855137]
Caused by: java.net.UnknownHostException: linuxkit-025000000001: Name does not resolve
	at java.net.Inet6AddressImpl.lookupAllHostAddr(Native Method) ~[?:1.8.0_222]
	at java.net.InetAddress$2.lookupAllHostAddr(InetAddress.java:929) ~[?:1.8.0_222]
	at java.net.InetAddress.getAddressesFromNameService(InetAddress.java:1324) ~[?:1.8.0_222]
	at java.net.InetAddress.getLocalHost(InetAddress.java:1501) ~[?:1.8.0_222]
	... 8 more
2019-11-25 17:41:43,923 ERROR o.a.j.u.JMeterUtils: Unable to get local host IP address.
java.net.UnknownHostException: linuxkit-025000000001: linuxkit-025000000001: Name does not resolve
	at java.net.InetAddress.getLocalHost(InetAddress.java:1506) ~[?:1.8.0_222]
	at org.apache.jmeter.util.JMeterUtils.getLocalHostDetails(JMeterUtils.java:1098) [ApacheJMeter_core.jar:5.1.1 r1855137]
	at org.apache.jmeter.util.JMeterUtils.getLocalHostName(JMeterUtils.java:1077) [ApacheJMeter_core.jar:5.1.1 r1855137]
	at org.apache.jmeter.JMeter.start(JMeter.java:487) [ApacheJMeter_core.jar:5.1.1 r1855137]
	at sun.reflect.NativeMethodAccessorImpl.invoke0(Native Method) ~[?:1.8.0_222]
	at sun.reflect.NativeMethodAccessorImpl.invoke(NativeMethodAccessorImpl.java:62) ~[?:1.8.0_222]
	at sun.reflect.DelegatingMethodAccessorImpl.invoke(DelegatingMethodAccessorImpl.java:43) ~[?:1.8.0_222]
	at java.lang.reflect.Method.invoke(Method.java:498) ~[?:1.8.0_222]
	at org.apache.jmeter.NewDriver.main(NewDriver.java:253) [ApacheJMeter.jar:5.1.1 r1855137]
Caused by: java.net.UnknownHostException: linuxkit-025000000001: Name does not resolve
	at java.net.Inet6AddressImpl.lookupAllHostAddr(Native Method) ~[?:1.8.0_222]
	at java.net.InetAddress$2.lookupAllHostAddr(InetAddress.java:929) ~[?:1.8.0_222]
	at java.net.InetAddress.getAddressesFromNameService(InetAddress.java:1324) ~[?:1.8.0_222]
	at java.net.InetAddress.getLocalHost(InetAddress.java:1501) ~[?:1.8.0_222]
	... 8 more
2019-11-25 17:41:43,927 ERROR o.a.j.u.JMeterUtils: Unable to get local host IP address.
java.net.UnknownHostException: linuxkit-025000000001: linuxkit-025000000001: Name does not resolve
	at java.net.InetAddress.getLocalHost(InetAddress.java:1506) ~[?:1.8.0_222]
	at org.apache.jmeter.util.JMeterUtils.getLocalHostDetails(JMeterUtils.java:1098) [ApacheJMeter_core.jar:5.1.1 r1855137]
	at org.apache.jmeter.util.JMeterUtils.getLocalHostFullName(JMeterUtils.java:1090) [ApacheJMeter_core.jar:5.1.1 r1855137]
	at org.apache.jmeter.JMeter.start(JMeter.java:488) [ApacheJMeter_core.jar:5.1.1 r1855137]
	at sun.reflect.NativeMethodAccessorImpl.invoke0(Native Method) ~[?:1.8.0_222]
	at sun.reflect.NativeMethodAccessorImpl.invoke(NativeMethodAccessorImpl.java:62) ~[?:1.8.0_222]
	at sun.reflect.DelegatingMethodAccessorImpl.invoke(DelegatingMethodAccessorImpl.java:43) ~[?:1.8.0_222]
	at java.lang.reflect.Method.invoke(Method.java:498) ~[?:1.8.0_222]
	at org.apache.jmeter.NewDriver.main(NewDriver.java:253) [ApacheJMeter.jar:5.1.1 r1855137]
Caused by: java.net.UnknownHostException: linuxkit-025000000001: Name does not resolve
	at java.net.Inet6AddressImpl.lookupAllHostAddr(Native Method) ~[?:1.8.0_222]
	at java.net.InetAddress$2.lookupAllHostAddr(InetAddress.java:929) ~[?:1.8.0_222]
	at java.net.InetAddress.getAddressesFromNameService(InetAddress.java:1324) ~[?:1.8.0_222]
	at java.net.InetAddress.getLocalHost(InetAddress.java:1501) ~[?:1.8.0_222]
	... 8 more
2019-11-25 17:41:43,929 INFO o.a.j.JMeter: IP: null Name: null FullName: null
2019-11-25 17:41:43,936 INFO o.a.j.JMeter: Setting property 'jmeter.reportgenerator.outputdir' to:'/mnt/jmeter/tmp/jmeter_resource_20191125_231136'
2019-11-25 17:41:43,944 INFO o.a.j.s.FileServer: Default base='/opt/apache-jmeter-5.1.1'
2019-11-25 17:41:43,960 INFO o.a.j.s.FileServer: Set new base='/mnt/jmeter'
2019-11-25 17:41:44,350 INFO o.a.j.s.SaveService: Testplan (JMX) version: 2.2. Testlog (JTL) version: 2.2
2019-11-25 17:41:44,393 INFO o.a.j.s.SaveService: Using SaveService properties file encoding UTF-8
2019-11-25 17:41:44,406 INFO o.a.j.s.SaveService: Using SaveService properties version 5.0
2019-11-25 17:41:44,429 INFO o.a.j.s.SaveService: Loading file: /mnt/jmeter/pshool.jmx
2019-11-25 17:41:44,543 INFO o.a.j.p.h.s.HTTPSamplerBase: Parser for text/html is org.apache.jmeter.protocol.http.parser.LagartoBasedHtmlParser
2019-11-25 17:41:44,543 INFO o.a.j.p.h.s.HTTPSamplerBase: Parser for application/xhtml+xml is org.apache.jmeter.protocol.http.parser.LagartoBasedHtmlParser
2019-11-25 17:41:44,544 INFO o.a.j.p.h.s.HTTPSamplerBase: Parser for application/xml is org.apache.jmeter.protocol.http.parser.LagartoBasedHtmlParser
2019-11-25 17:41:44,545 INFO o.a.j.p.h.s.HTTPSamplerBase: Parser for text/xml is org.apache.jmeter.protocol.http.parser.LagartoBasedHtmlParser
2019-11-25 17:41:44,545 INFO o.a.j.p.h.s.HTTPSamplerBase: Parser for text/vnd.wap.wml is org.apache.jmeter.protocol.http.parser.RegexpHTMLParser
2019-11-25 17:41:44,545 INFO o.a.j.p.h.s.HTTPSamplerBase: Parser for text/css is org.apache.jmeter.protocol.http.parser.CssParser
2019-11-25 17:41:44,656 INFO o.a.j.JMeter: Creating summariser <summary>
2019-11-25 17:41:44,678 INFO o.a.j.r.d.ReportGenerator: ReportGenerator will use for Parsing the separator: ','
2019-11-25 17:41:44,679 INFO o.a.j.r.d.ReportGenerator: Will generate report at end of test from  results file: /mnt/jmeter/tmp/result_20191125_231136.jtl
2019-11-25 17:41:44,680 INFO o.a.j.r.d.ReportGenerator: Reading report generator properties from: /opt/apache-jmeter-5.1.1/bin/reportgenerator.properties
2019-11-25 17:41:44,681 INFO o.a.j.r.d.ReportGenerator: Merging with JMeter properties
2019-11-25 17:41:44,694 INFO o.a.j.r.c.ReportGeneratorConfiguration: Property 'jmeter.reportgenerator.temp_dir' not found, using default value 'temp' instead.
2019-11-25 17:41:44,704 INFO o.a.j.r.c.ReportGeneratorConfiguration: Property 'jmeter.reportgenerator.apdex_per_transaction' not found, using default value 'null' instead.
2019-11-25 17:41:44,705 INFO o.a.j.r.c.ReportGeneratorConfiguration: apdex_per_transaction : {} is empty, not APDEX per transaction customization
2019-11-25 17:41:44,706 INFO o.a.j.r.c.ReportGeneratorConfiguration: Property 'jmeter.reportgenerator.sample_filter' not found, using default value 'null' instead.
2019-11-25 17:41:44,706 INFO o.a.j.r.c.ReportGeneratorConfiguration: Property 'jmeter.reportgenerator.report_title' not found, using default value 'null' instead.
2019-11-25 17:41:44,707 INFO o.a.j.r.c.ReportGeneratorConfiguration: Property 'jmeter.reportgenerator.start_date' not found, using default value 'null' instead.
2019-11-25 17:41:44,707 INFO o.a.j.r.c.ReportGeneratorConfiguration: Property 'jmeter.reportgenerator.end_date' not found, using default value 'null' instead.
2019-11-25 17:41:44,708 INFO o.a.j.r.c.ReportGeneratorConfiguration: Property 'jmeter.reportgenerator.date_format' not found, using default value 'null' instead.
2019-11-25 17:41:44,709 INFO o.a.j.r.c.ReportGeneratorConfiguration: Will use date range start date: null, end date: null
2019-11-25 17:41:44,720 INFO o.a.j.r.c.ReportGeneratorConfiguration: Property 'jmeter.reportgenerator.graph.totalTPS.exclude_controllers' not found, using default value 'false' instead.
2019-11-25 17:41:44,721 INFO o.a.j.r.c.ReportGeneratorConfiguration: Property 'jmeter.reportgenerator.graph.activeThreadsOverTime.exclude_controllers' not found, using default value 'false' instead.
2019-11-25 17:41:44,722 INFO o.a.j.r.c.ReportGeneratorConfiguration: Property 'jmeter.reportgenerator.graph.timeVsThreads.exclude_controllers' not found, using default value 'false' instead.
2019-11-25 17:41:44,722 INFO o.a.j.r.c.ReportGeneratorConfiguration: Property 'jmeter.reportgenerator.graph.responseTimeDistribution.exclude_controllers' not found, using default value 'false' instead.
2019-11-25 17:41:44,723 INFO o.a.j.r.c.ReportGeneratorConfiguration: Property 'jmeter.reportgenerator.graph.transactionsPerSecond.exclude_controllers' not found, using default value 'false' instead.
2019-11-25 17:41:44,724 INFO o.a.j.r.c.ReportGeneratorConfiguration: Property 'jmeter.reportgenerator.graph.responseTimePercentiles.exclude_controllers' not found, using default value 'false' instead.
2019-11-25 17:41:44,724 INFO o.a.j.r.c.ReportGeneratorConfiguration: Property 'jmeter.reportgenerator.graph.responseTimePercentilesOverTime.exclude_controllers' not found, using default value 'false' instead.
2019-11-25 17:41:44,725 INFO o.a.j.r.c.ReportGeneratorConfiguration: Property 'jmeter.reportgenerator.graph.responseTimesOverTime.exclude_controllers' not found, using default value 'false' instead.
2019-11-25 17:41:44,726 INFO o.a.j.r.c.ReportGeneratorConfiguration: Property 'jmeter.reportgenerator.graph.connectTimeOverTime.exclude_controllers' not found, using default value 'false' instead.
2019-11-25 17:41:44,726 INFO o.a.j.r.c.ReportGeneratorConfiguration: Property 'jmeter.reportgenerator.graph.latenciesOverTime.exclude_controllers' not found, using default value 'false' instead.
2019-11-25 17:41:44,730 INFO o.a.j.r.c.ReportGeneratorConfiguration: Property 'jmeter.reportgenerator.exporter.json.filters_only_sample_series' not found, using default value 'true' instead.
2019-11-25 17:41:44,730 INFO o.a.j.r.c.ReportGeneratorConfiguration: Property 'jmeter.reportgenerator.exporter.json.series_filter' not found, using default value '' instead.
2019-11-25 17:41:44,731 INFO o.a.j.r.c.ReportGeneratorConfiguration: Property 'jmeter.reportgenerator.exporter.json.show_controllers_only' not found, using default value 'false' instead.
2019-11-25 17:41:44,733 INFO o.a.j.r.c.ReportGeneratorConfiguration: Property 'jmeter.reportgenerator.exporter.html.filters_only_sample_series' not found, using default value 'true' instead.
2019-11-25 17:41:44,734 INFO o.a.j.r.c.ReportGeneratorConfiguration: Property 'jmeter.reportgenerator.exporter.html.series_filter' not found, using default value '' instead.
2019-11-25 17:41:44,735 INFO o.a.j.r.c.ReportGeneratorConfiguration: Property 'jmeter.reportgenerator.exporter.html.show_controllers_only' not found, using default value 'false' instead.
2019-11-25 17:41:44,747 INFO o.a.j.e.StandardJMeterEngine: Running the test!
2019-11-25 17:41:44,759 ERROR o.a.j.u.JMeterUtils: Unable to get local host IP address.
java.net.UnknownHostException: linuxkit-025000000001: linuxkit-025000000001: Name does not resolve
	at java.net.InetAddress.getLocalHost(InetAddress.java:1506) ~[?:1.8.0_222]
	at org.apache.jmeter.util.JMeterUtils.getLocalHostDetails(JMeterUtils.java:1098) [ApacheJMeter_core.jar:5.1.1 r1855137]
	at org.apache.jmeter.util.JMeterUtils.getLocalHostName(JMeterUtils.java:1077) [ApacheJMeter_core.jar:5.1.1 r1855137]
	at org.apache.jmeter.samplers.SampleEvent.<clinit>(SampleEvent.java:52) [ApacheJMeter_core.jar:5.1.1 r1855137]
	at org.apache.jmeter.engine.StandardJMeterEngine.run(StandardJMeterEngine.java:357) [ApacheJMeter_core.jar:5.1.1 r1855137]
	at java.lang.Thread.run(Thread.java:748) [?:1.8.0_222]
Caused by: java.net.UnknownHostException: linuxkit-025000000001: Name does not resolve
	at java.net.Inet6AddressImpl.lookupAllHostAddr(Native Method) ~[?:1.8.0_222]
	at java.net.InetAddress$2.lookupAllHostAddr(InetAddress.java:929) ~[?:1.8.0_222]
	at java.net.InetAddress.getAddressesFromNameService(InetAddress.java:1324) ~[?:1.8.0_222]
	at java.net.InetAddress.getLocalHost(InetAddress.java:1501) ~[?:1.8.0_222]
	... 5 more
2019-11-25 17:41:44,765 INFO o.a.j.s.SampleEvent: List of sample_variables: []
2019-11-25 17:41:44,765 INFO o.a.j.s.SampleEvent: List of sample_variables: []
2019-11-25 17:41:44,786 INFO o.a.j.e.u.CompoundVariable: Note: Function class names must contain the string: '.functions.'
2019-11-25 17:41:44,787 INFO o.a.j.e.u.CompoundVariable: Note: Function class names must not contain the string: '.gui.'
2019-11-25 17:41:45,814 WARN o.a.j.r.ResultCollector: Unexpected EOF trying to find XML end marker in /mnt/jmeter/output/search_plan_results.jtl
2019-11-25 17:41:45,863 INFO o.a.j.JMeter: Running test (1574703705863)
2019-11-25 17:41:45,915 INFO o.a.j.e.StandardJMeterEngine: Starting ThreadGroup: 1 : Powerhouse Thread Group
2019-11-25 17:41:45,916 INFO o.a.j.e.StandardJMeterEngine: Starting 100 threads for group Powerhouse Thread Group.
2019-11-25 17:41:45,917 INFO o.a.j.e.StandardJMeterEngine: Thread will continue on error
2019-11-25 17:41:45,918 INFO o.a.j.t.ThreadGroup: Starting thread group... number=1 threads=100 ramp-up=1 delayedStart=false
2019-11-25 17:41:46,043 INFO o.a.j.t.JMeterThread: Thread started: Powerhouse Thread Group 1-2
2019-11-25 17:41:46,059 INFO o.a.j.t.JMeterThread: Thread started: Powerhouse Thread Group 1-7
2019-11-25 17:41:46,088 INFO o.a.j.t.JMeterThread: Thread started: Powerhouse Thread Group 1-3
2019-11-25 17:41:46,090 INFO o.a.j.t.JMeterThread: Thread started: Powerhouse Thread Group 1-4
2019-11-25 17:41:46,100 INFO o.a.j.t.JMeterThread: Thread started: Powerhouse Thread Group 1-1
2019-11-25 17:41:46,104 INFO o.a.j.s.FileServer: Stored: a3.txt
2019-11-25 17:41:46,108 INFO o.a.j.t.JMeterThread: Thread started: Powerhouse Thread Group 1-9
2019-11-25 17:41:46,112 INFO o.a.j.t.JMeterThread: Thread started: Powerhouse Thread Group 1-6
2019-11-25 17:41:46,112 INFO o.a.j.s.FileServer: Stored: a4.txt
2019-11-25 17:41:46,114 INFO o.a.j.t.JMeterThread: Thread started: Powerhouse Thread Group 1-5
2019-11-25 17:41:46,122 INFO o.a.j.t.JMeterThread: Thread started: Powerhouse Thread Group 1-8
2019-11-25 17:41:46,123 INFO o.a.j.t.ThreadGroup: Started thread group number 1
2019-11-25 17:41:46,123 INFO o.a.j.e.StandardJMeterEngine: Starting ThreadGroup: 2 : Powerhouse Thread Group - Search
2019-11-25 17:41:46,125 INFO o.a.j.e.StandardJMeterEngine: Starting 1 threads for group Powerhouse Thread Group - Search.
2019-11-25 17:41:46,125 INFO o.a.j.e.StandardJMeterEngine: Thread will continue on error
2019-11-25 17:41:46,126 INFO o.a.j.t.ThreadGroup: Starting thread group... number=2 threads=1 ramp-up=1 delayedStart=false
2019-11-25 17:41:46,129 INFO o.a.j.t.ThreadGroup: Started thread group number 2
2019-11-25 17:41:46,129 INFO o.a.j.e.StandardJMeterEngine: All thread groups have been started
2019-11-25 17:41:46,131 INFO o.a.j.t.JMeterThread: Thread started: Powerhouse Thread Group - Search 2-1
2019-11-25 17:41:46,138 INFO o.a.j.t.JMeterThread: Thread started: Powerhouse Thread Group 1-16
2019-11-25 17:41:46,139 INFO o.a.j.t.JMeterThread: Thread started: Powerhouse Thread Group 1-10
2019-11-25 17:41:46,142 INFO o.a.j.t.JMeterThread: Thread started: Powerhouse Thread Group 1-11
2019-11-25 17:41:46,151 INFO o.a.j.t.JMeterThread: Thread started: Powerhouse Thread Group 1-12
2019-11-25 17:41:46,161 INFO o.a.j.t.JMeterThread: Thread started: Powerhouse Thread Group 1-13
2019-11-25 17:41:46,172 INFO o.a.j.t.JMeterThread: Thread started: Powerhouse Thread Group 1-15
2019-11-25 17:41:46,176 INFO o.a.j.t.JMeterThread: Thread started: Powerhouse Thread Group 1-14
2019-11-25 17:41:46,180 ERROR o.a.j.u.JMeterUtils: Unable to get local host IP address.
java.net.UnknownHostException: linuxkit-025000000001: linuxkit-025000000001: Name does not resolve
	at java.net.InetAddress.getLocalHost(InetAddress.java:1506) ~[?:1.8.0_222]
	at org.apache.jmeter.util.JMeterUtils.getLocalHostDetails(JMeterUtils.java:1098) [ApacheJMeter_core.jar:5.1.1 r1855137]
	at org.apache.jmeter.util.JMeterUtils.getLocalHostName(JMeterUtils.java:1077) [ApacheJMeter_core.jar:5.1.1 r1855137]
	at org.apache.jmeter.protocol.http.sampler.HTTPHCAbstractImpl.<clinit>(HTTPHCAbstractImpl.java:138) [ApacheJMeter_http.jar:5.1.1 r1855137]
	at org.apache.jmeter.protocol.http.sampler.HTTPSamplerFactory.getImplementation(HTTPSamplerFactory.java:97) [ApacheJMeter_http.jar:5.1.1 r1855137]
	at org.apache.jmeter.protocol.http.sampler.HTTPSamplerProxy.sample(HTTPSamplerProxy.java:62) [ApacheJMeter_http.jar:5.1.1 r1855137]
	at org.apache.jmeter.protocol.http.sampler.HTTPSamplerBase.sample(HTTPSamplerBase.java:1231) [ApacheJMeter_http.jar:5.1.1 r1855137]
	at org.apache.jmeter.protocol.http.sampler.HTTPSamplerBase.sample(HTTPSamplerBase.java:1220) [ApacheJMeter_http.jar:5.1.1 r1855137]
	at org.apache.jmeter.threads.JMeterThread.doSampling(JMeterThread.java:622) [ApacheJMeter_core.jar:5.1.1 r1855137]
	at org.apache.jmeter.threads.JMeterThread.executeSamplePackage(JMeterThread.java:546) [ApacheJMeter_core.jar:5.1.1 r1855137]
	at org.apache.jmeter.threads.JMeterThread.processSampler(JMeterThread.java:486) [ApacheJMeter_core.jar:5.1.1 r1855137]
	at org.apache.jmeter.threads.JMeterThread.run(JMeterThread.java:253) [ApacheJMeter_core.jar:5.1.1 r1855137]
	at java.lang.Thread.run(Thread.java:748) [?:1.8.0_222]
Caused by: java.net.UnknownHostException: linuxkit-025000000001: Name does not resolve
	at java.net.Inet6AddressImpl.lookupAllHostAddr(Native Method) ~[?:1.8.0_222]
	at java.net.InetAddress$2.lookupAllHostAddr(InetAddress.java:929) ~[?:1.8.0_222]
	at java.net.InetAddress.getAddressesFromNameService(InetAddress.java:1324) ~[?:1.8.0_222]
	at java.net.InetAddress.getLocalHost(InetAddress.java:1501) ~[?:1.8.0_222]
	... 12 more
2019-11-25 17:41:46,181 INFO o.a.j.p.h.s.HTTPHCAbstractImpl: Local host = null
2019-11-25 17:41:46,200 INFO o.a.j.t.JMeterThread: Thread started: Powerhouse Thread Group 1-17
2019-11-25 17:41:46,211 INFO o.a.j.p.h.s.HTTPHC4Impl: HTTP request retry count = 0
2019-11-25 17:41:46,211 INFO o.a.j.t.JMeterThread: Thread started: Powerhouse Thread Group 1-25
2019-11-25 17:41:46,212 INFO o.a.j.t.JMeterThread: Thread started: Powerhouse Thread Group 1-18
2019-11-25 17:41:46,217 INFO o.a.j.s.SampleResult: Note: Sample TimeStamps are START times
2019-11-25 17:41:46,218 INFO o.a.j.s.SampleResult: sampleresult.default.encoding is set to ISO-8859-1
2019-11-25 17:41:46,219 INFO o.a.j.s.SampleResult: sampleresult.useNanoTime=true
2019-11-25 17:41:46,219 INFO o.a.j.s.SampleResult: sampleresult.nanoThreadSleep=5000
2019-11-25 17:41:46,220 INFO o.a.j.t.JMeterThread: Thread started: Powerhouse Thread Group 1-19
2019-11-25 17:41:46,223 INFO o.a.j.t.JMeterThread: Thread started: Powerhouse Thread Group 1-20
2019-11-25 17:41:46,229 INFO o.a.j.t.JMeterThread: Thread started: Powerhouse Thread Group 1-21
2019-11-25 17:41:46,229 INFO o.a.j.t.JMeterThread: Thread started: Powerhouse Thread Group 1-27
2019-11-25 17:41:46,239 INFO o.a.j.t.JMeterThread: Thread started: Powerhouse Thread Group 1-22
2019-11-25 17:41:46,242 INFO o.a.j.t.JMeterThread: Thread started: Powerhouse Thread Group 1-24
2019-11-25 17:41:46,246 INFO o.a.j.t.JMeterThread: Thread started: Powerhouse Thread Group 1-23
2019-11-25 17:41:46,281 INFO o.a.j.t.JMeterThread: Thread started: Powerhouse Thread Group 1-26
2019-11-25 17:41:46,303 INFO o.a.j.t.JMeterThread: Thread started: Powerhouse Thread Group 1-28
2019-11-25 17:41:46,304 INFO o.a.j.t.JMeterThread: Thread started: Powerhouse Thread Group 1-39
2019-11-25 17:41:46,313 INFO o.a.j.t.JMeterThread: Thread started: Powerhouse Thread Group 1-29
2019-11-25 17:41:46,316 INFO o.a.j.t.JMeterThread: Thread started: Powerhouse Thread Group 1-30
2019-11-25 17:41:46,323 INFO o.a.j.t.JMeterThread: Thread started: Powerhouse Thread Group 1-31
2019-11-25 17:41:46,326 INFO o.a.j.t.JMeterThread: Thread started: Powerhouse Thread Group 1-32
2019-11-25 17:41:46,331 INFO o.a.j.t.JMeterThread: Thread started: Powerhouse Thread Group 1-34
2019-11-25 17:41:46,334 INFO o.a.j.t.JMeterThread: Thread started: Powerhouse Thread Group 1-33
2019-11-25 17:41:46,332 INFO o.a.j.t.JMeterThread: Thread started: Powerhouse Thread Group 1-35
2019-11-25 17:41:46,340 INFO o.a.j.t.JMeterThread: Thread started: Powerhouse Thread Group 1-36
2019-11-25 17:41:46,345 INFO o.a.j.t.JMeterThread: Thread started: Powerhouse Thread Group 1-37
2019-11-25 17:41:46,355 INFO o.a.j.t.JMeterThread: Thread started: Powerhouse Thread Group 1-38
2019-11-25 17:41:46,362 INFO o.a.j.t.JMeterThread: Thread started: Powerhouse Thread Group 1-40
2019-11-25 17:41:46,369 INFO o.a.j.t.JMeterThread: Thread started: Powerhouse Thread Group 1-41
2019-11-25 17:41:46,378 INFO o.a.j.t.JMeterThread: Thread started: Powerhouse Thread Group 1-42
2019-11-25 17:41:46,397 INFO o.a.j.t.JMeterThread: Thread started: Powerhouse Thread Group 1-43
2019-11-25 17:41:46,404 INFO o.a.j.t.JMeterThread: Thread started: Powerhouse Thread Group 1-44
2019-11-25 17:41:46,416 INFO o.a.j.t.JMeterThread: Thread started: Powerhouse Thread Group 1-45
2019-11-25 17:41:46,421 INFO o.a.j.t.JMeterThread: Thread started: Powerhouse Thread Group 1-48
2019-11-25 17:41:46,423 INFO o.a.j.t.JMeterThread: Thread started: Powerhouse Thread Group 1-46
2019-11-25 17:41:46,436 INFO o.a.j.t.JMeterThread: Thread started: Powerhouse Thread Group 1-47
2019-11-25 17:41:46,439 INFO o.a.j.t.JMeterThread: Thread started: Powerhouse Thread Group 1-49
2019-11-25 17:41:46,448 INFO o.a.j.t.JMeterThread: Thread started: Powerhouse Thread Group 1-51
2019-11-25 17:41:46,453 INFO o.a.j.t.JMeterThread: Thread started: Powerhouse Thread Group 1-52
2019-11-25 17:41:46,448 INFO o.a.j.t.JMeterThread: Thread started: Powerhouse Thread Group 1-50
2019-11-25 17:41:46,469 INFO o.a.j.t.JMeterThread: Thread started: Powerhouse Thread Group 1-54
2019-11-25 17:41:46,475 INFO o.a.j.t.JMeterThread: Thread started: Powerhouse Thread Group 1-53
2019-11-25 17:41:46,490 INFO o.a.j.t.JMeterThread: Thread started: Powerhouse Thread Group 1-55
2019-11-25 17:41:46,500 INFO o.a.j.t.JMeterThread: Thread started: Powerhouse Thread Group 1-57
2019-11-25 17:41:46,502 INFO o.a.j.t.JMeterThread: Thread started: Powerhouse Thread Group 1-56
2019-11-25 17:41:46,509 INFO o.a.j.t.JMeterThread: Thread started: Powerhouse Thread Group 1-58
2019-11-25 17:41:46,520 INFO o.a.j.t.JMeterThread: Thread started: Powerhouse Thread Group 1-59
2019-11-25 17:41:46,529 INFO o.a.j.t.JMeterThread: Thread started: Powerhouse Thread Group 1-60
2019-11-25 17:41:46,539 INFO o.a.j.t.JMeterThread: Thread started: Powerhouse Thread Group 1-61
2019-11-25 17:41:46,549 INFO o.a.j.t.JMeterThread: Thread started: Powerhouse Thread Group 1-62
2019-11-25 17:41:46,558 INFO o.a.j.t.JMeterThread: Thread started: Powerhouse Thread Group 1-63
2019-11-25 17:41:46,569 INFO o.a.j.t.JMeterThread: Thread started: Powerhouse Thread Group 1-64
2019-11-25 17:41:46,579 INFO o.a.j.t.JMeterThread: Thread started: Powerhouse Thread Group 1-65
2019-11-25 17:41:46,587 INFO o.a.j.t.JMeterThread: Thread started: Powerhouse Thread Group 1-66
2019-11-25 17:41:46,593 INFO o.a.j.t.JMeterThread: Thread is done: Powerhouse Thread Group - Search 2-1
2019-11-25 17:41:46,594 INFO o.a.j.t.JMeterThread: Thread finished: Powerhouse Thread Group - Search 2-1
2019-11-25 17:41:46,601 INFO o.a.j.t.JMeterThread: Thread started: Powerhouse Thread Group 1-67
2019-11-25 17:41:46,615 INFO o.a.j.t.JMeterThread: Thread started: Powerhouse Thread Group 1-69
2019-11-25 17:41:46,615 INFO o.a.j.t.JMeterThread: Thread started: Powerhouse Thread Group 1-68
2019-11-25 17:41:46,619 INFO o.a.j.t.JMeterThread: Thread started: Powerhouse Thread Group 1-70
2019-11-25 17:41:46,627 INFO o.a.j.t.JMeterThread: Thread started: Powerhouse Thread Group 1-71
2019-11-25 17:41:46,629 INFO o.a.j.t.JMeterThread: Thread started: Powerhouse Thread Group 1-72
2019-11-25 17:41:46,652 INFO o.a.j.t.JMeterThread: Thread started: Powerhouse Thread Group 1-73
2019-11-25 17:41:46,656 INFO o.a.j.t.JMeterThread: Thread started: Powerhouse Thread Group 1-74
2019-11-25 17:41:46,665 INFO o.a.j.t.JMeterThread: Thread started: Powerhouse Thread Group 1-75
2019-11-25 17:41:46,670 INFO o.a.j.t.JMeterThread: Thread started: Powerhouse Thread Group 1-76
2019-11-25 17:41:46,687 INFO o.a.j.t.JMeterThread: Thread started: Powerhouse Thread Group 1-77
2019-11-25 17:41:46,696 INFO o.a.j.t.JMeterThread: Thread started: Powerhouse Thread Group 1-78
2019-11-25 17:41:46,703 INFO o.a.j.t.JMeterThread: Thread started: Powerhouse Thread Group 1-79
2019-11-25 17:41:46,713 INFO o.a.j.t.JMeterThread: Thread started: Powerhouse Thread Group 1-80
2019-11-25 17:41:46,720 INFO o.a.j.t.JMeterThread: Thread started: Powerhouse Thread Group 1-81
2019-11-25 17:41:46,730 INFO o.a.j.t.JMeterThread: Thread started: Powerhouse Thread Group 1-82
2019-11-25 17:41:46,740 INFO o.a.j.t.JMeterThread: Thread started: Powerhouse Thread Group 1-83
2019-11-25 17:41:46,750 INFO o.a.j.t.JMeterThread: Thread started: Powerhouse Thread Group 1-84
2019-11-25 17:41:46,764 INFO o.a.j.t.JMeterThread: Thread started: Powerhouse Thread Group 1-85
2019-11-25 17:41:46,773 INFO o.a.j.t.JMeterThread: Thread started: Powerhouse Thread Group 1-86
2019-11-25 17:41:46,781 INFO o.a.j.t.JMeterThread: Thread started: Powerhouse Thread Group 1-87
2019-11-25 17:41:46,792 INFO o.a.j.t.JMeterThread: Thread started: Powerhouse Thread Group 1-88
2019-11-25 17:41:46,799 INFO o.a.j.t.JMeterThread: Thread started: Powerhouse Thread Group 1-89
2019-11-25 17:41:46,811 INFO o.a.j.t.JMeterThread: Thread started: Powerhouse Thread Group 1-90
2019-11-25 17:41:46,820 INFO o.a.j.t.JMeterThread: Thread started: Powerhouse Thread Group 1-91
2019-11-25 17:41:46,830 INFO o.a.j.t.JMeterThread: Thread started: Powerhouse Thread Group 1-92
2019-11-25 17:41:46,840 INFO o.a.j.t.JMeterThread: Thread started: Powerhouse Thread Group 1-93
2019-11-25 17:41:46,850 INFO o.a.j.t.JMeterThread: Thread started: Powerhouse Thread Group 1-94
2019-11-25 17:41:46,861 INFO o.a.j.t.JMeterThread: Thread started: Powerhouse Thread Group 1-95
2019-11-25 17:41:46,870 INFO o.a.j.t.JMeterThread: Thread started: Powerhouse Thread Group 1-96
2019-11-25 17:41:46,881 INFO o.a.j.t.JMeterThread: Thread started: Powerhouse Thread Group 1-97
2019-11-25 17:41:46,890 INFO o.a.j.t.JMeterThread: Thread started: Powerhouse Thread Group 1-98
2019-11-25 17:41:46,901 INFO o.a.j.t.JMeterThread: Thread started: Powerhouse Thread Group 1-99
2019-11-25 17:41:46,914 INFO o.a.j.t.JMeterThread: Thread started: Powerhouse Thread Group 1-100
2019-11-25 17:41:47,094 INFO o.a.j.u.JsseSSLManager: Using default SSL protocol: TLS
2019-11-25 17:41:47,095 INFO o.a.j.u.JsseSSLManager: SSL session context: per-thread
2019-11-25 17:42:00,016 INFO o.a.j.r.Summariser: summary +    601 in 00:00:14 =   42.5/s Avg:  1969 Min:     0 Max:  2886 Err:     1 (0.17%) Active: 100 Started: 101 Finished: 1
2019-11-25 17:42:30,012 INFO o.a.j.r.Summariser: summary +   1729 in 00:00:30 =   57.6/s Avg:  1750 Min:    80 Max:  2563 Err:     0 (0.00%) Active: 100 Started: 101 Finished: 1
2019-11-25 17:42:30,014 INFO o.a.j.r.Summariser: summary =   2330 in 00:00:44 =   52.8/s Avg:  1806 Min:     0 Max:  2886 Err:     1 (0.04%)
2019-11-25 17:43:00,108 INFO o.a.j.r.Summariser: summary +   2984 in 00:00:30 =   99.2/s Avg:   937 Min:    56 Max:  2335 Err:     0 (0.00%) Active: 100 Started: 101 Finished: 1
2019-11-25 17:43:00,113 INFO o.a.j.r.Summariser: summary =   5314 in 00:01:14 =   71.6/s Avg:  1318 Min:     0 Max:  2886 Err:     1 (0.02%)
2019-11-25 17:43:30,002 INFO o.a.j.r.Summariser: summary +   2669 in 00:00:30 =   89.3/s Avg:  1054 Min:   114 Max:  1472 Err:     0 (0.00%) Active: 100 Started: 101 Finished: 1
2019-11-25 17:43:30,011 INFO o.a.j.r.Summariser: summary =   7983 in 00:01:44 =   76.7/s Avg:  1230 Min:     0 Max:  2886 Err:     1 (0.01%)
2019-11-25 17:44:00,002 INFO o.a.j.r.Summariser: summary +   1578 in 00:00:30 =   52.6/s Avg:  1747 Min:   202 Max:  4048 Err:     0 (0.00%) Active: 100 Started: 101 Finished: 1
2019-11-25 17:44:00,006 INFO o.a.j.r.Summariser: summary =   9561 in 00:02:14 =   71.3/s Avg:  1315 Min:     0 Max:  4048 Err:     1 (0.01%)
2019-11-25 17:44:30,034 INFO o.a.j.r.Summariser: summary +   1109 in 00:00:30 =   36.9/s Avg:  2547 Min:   134 Max:  5482 Err:     0 (0.00%) Active: 100 Started: 101 Finished: 1
2019-11-25 17:44:30,037 INFO o.a.j.r.Summariser: summary =  10670 in 00:02:44 =   65.0/s Avg:  1443 Min:     0 Max:  5482 Err:     1 (0.01%)
2019-11-25 17:45:00,031 INFO o.a.j.r.Summariser: summary +    933 in 00:00:30 =   31.1/s Avg:  3153 Min:    93 Max:  4742 Err:     0 (0.00%) Active: 100 Started: 101 Finished: 1
2019-11-25 17:45:00,033 INFO o.a.j.r.Summariser: summary =  11603 in 00:03:14 =   59.8/s Avg:  1581 Min:     0 Max:  5482 Err:     1 (0.01%)
2019-11-25 17:45:30,009 INFO o.a.j.r.Summariser: summary +   1085 in 00:00:30 =   36.2/s Avg:  2802 Min:   290 Max:  4245 Err:     0 (0.00%) Active: 100 Started: 101 Finished: 1
2019-11-25 17:45:30,011 INFO o.a.j.r.Summariser: summary =  12688 in 00:03:44 =   56.6/s Avg:  1685 Min:     0 Max:  5482 Err:     1 (0.01%)
2019-11-25 17:46:00,015 INFO o.a.j.r.Summariser: summary +   1183 in 00:00:30 =   39.4/s Avg:  2444 Min:   807 Max:  3911 Err:     0 (0.00%) Active: 100 Started: 101 Finished: 1
2019-11-25 17:46:00,017 INFO o.a.j.r.Summariser: summary =  13871 in 00:04:14 =   54.6/s Avg:  1750 Min:     0 Max:  5482 Err:     1 (0.01%)
2019-11-25 17:46:30,004 INFO o.a.j.r.Summariser: summary +    822 in 00:00:30 =   27.4/s Avg:  3864 Min:   176 Max:  5121 Err:     0 (0.00%) Active: 100 Started: 101 Finished: 1
2019-11-25 17:46:30,005 INFO o.a.j.r.Summariser: summary =  14693 in 00:04:44 =   51.7/s Avg:  1868 Min:     0 Max:  5482 Err:     1 (0.01%)
2019-11-25 17:47:00,012 INFO o.a.j.r.Summariser: summary +   1583 in 00:00:30 =   52.8/s Avg:  1847 Min:    91 Max:  2706 Err:     0 (0.00%) Active: 100 Started: 101 Finished: 1
2019-11-25 17:47:00,014 INFO o.a.j.r.Summariser: summary =  16276 in 00:05:14 =   51.8/s Avg:  1866 Min:     0 Max:  5482 Err:     1 (0.01%)
2019-11-25 17:47:30,001 INFO o.a.j.r.Summariser: summary +   2765 in 00:00:30 =   92.2/s Avg:  1057 Min:    80 Max:  2708 Err:     0 (0.00%) Active: 100 Started: 101 Finished: 1
2019-11-25 17:47:30,003 INFO o.a.j.r.Summariser: summary =  19041 in 00:05:44 =   55.3/s Avg:  1749 Min:     0 Max:  5482 Err:     1 (0.01%)
2019-11-25 17:48:00,001 INFO o.a.j.r.Summariser: summary +   3127 in 00:00:30 =  104.2/s Avg:   915 Min:    92 Max:  2859 Err:     0 (0.00%) Active: 100 Started: 101 Finished: 1
2019-11-25 17:48:00,003 INFO o.a.j.r.Summariser: summary =  22168 in 00:06:14 =   59.3/s Avg:  1631 Min:     0 Max:  5482 Err:     1 (0.00%)
2019-11-25 17:48:30,164 INFO o.a.j.r.Summariser: summary +   3268 in 00:00:30 =  108.3/s Avg:   876 Min:    72 Max:  2257 Err:     0 (0.00%) Active: 100 Started: 101 Finished: 1
2019-11-25 17:48:30,168 INFO o.a.j.r.Summariser: summary =  25436 in 00:06:44 =   62.9/s Avg:  1534 Min:     0 Max:  5482 Err:     1 (0.00%)
2019-11-25 17:49:00,039 INFO o.a.j.r.Summariser: summary +   2971 in 00:00:30 =   99.4/s Avg:   944 Min:    98 Max:  2311 Err:     0 (0.00%) Active: 100 Started: 101 Finished: 1
2019-11-25 17:49:00,043 INFO o.a.j.r.Summariser: summary =  28407 in 00:07:14 =   65.4/s Avg:  1472 Min:     0 Max:  5482 Err:     1 (0.00%)
2019-11-25 17:49:30,057 INFO o.a.j.r.Summariser: summary +   2520 in 00:00:30 =   84.0/s Avg:  1124 Min:   134 Max:  2352 Err:     0 (0.00%) Active: 100 Started: 101 Finished: 1
2019-11-25 17:49:30,061 INFO o.a.j.r.Summariser: summary =  30927 in 00:07:44 =   66.6/s Avg:  1444 Min:     0 Max:  5482 Err:     1 (0.00%)
2019-11-25 17:49:34,437 ERROR o.a.j.t.ListenerNotifier: Detected problem in Listener.
java.lang.NullPointerException: null
	at java.util.concurrent.ConcurrentHashMap.putVal(ConcurrentHashMap.java:1011) ~[?:1.8.0_222]
	at java.util.concurrent.ConcurrentHashMap.put(ConcurrentHashMap.java:1006) ~[?:1.8.0_222]
	at java.util.Collections$SetFromMap.add(Collections.java:5468) ~[?:1.8.0_222]
	at org.apache.jmeter.samplers.SampleResult.markFile(SampleResult.java:504) ~[ApacheJMeter_core.jar:5.1.1 r1855137]
	at org.apache.jmeter.reporters.ResultCollector.isResultMarked(ResultCollector.java:582) ~[ApacheJMeter_core.jar:5.1.1 r1855137]
	at org.apache.jmeter.reporters.ResultCollector.sampleOccurred(ResultCollector.java:549) ~[ApacheJMeter_core.jar:5.1.1 r1855137]
	at org.apache.jmeter.threads.ListenerNotifier.notifyListeners(ListenerNotifier.java:70) [ApacheJMeter_core.jar:5.1.1 r1855137]
	at org.apache.jmeter.threads.JMeterThread.notifyListeners(JMeterThread.java:980) [ApacheJMeter_core.jar:5.1.1 r1855137]
	at org.apache.jmeter.threads.JMeterThread.executeSamplePackage(JMeterThread.java:569) [ApacheJMeter_core.jar:5.1.1 r1855137]
	at org.apache.jmeter.threads.JMeterThread.processSampler(JMeterThread.java:486) [ApacheJMeter_core.jar:5.1.1 r1855137]
	at org.apache.jmeter.threads.JMeterThread.run(JMeterThread.java:253) [ApacheJMeter_core.jar:5.1.1 r1855137]
	at java.lang.Thread.run(Thread.java:748) [?:1.8.0_222]
2019-11-25 17:49:34,444 INFO o.a.j.t.ListenerNotifier: Continuing to process further listeners
2019-11-25 17:50:00,106 INFO o.a.j.r.Summariser: summary +   2969 in 00:00:30 =   98.8/s Avg:   937 Min:   120 Max:  1219 Err:     0 (0.00%) Active: 100 Started: 101 Finished: 1
2019-11-25 17:50:00,109 INFO o.a.j.r.Summariser: summary =  33896 in 00:08:14 =   68.6/s Avg:  1400 Min:     0 Max:  5482 Err:     1 (0.00%)
2019-11-25 17:50:30,019 INFO o.a.j.r.Summariser: summary +   2920 in 00:00:30 =   97.6/s Avg:   966 Min:   117 Max:  1262 Err:     0 (0.00%) Active: 100 Started: 101 Finished: 1
2019-11-25 17:50:30,022 INFO o.a.j.r.Summariser: summary =  36816 in 00:08:44 =   70.2/s Avg:  1365 Min:     0 Max:  5482 Err:     1 (0.00%)
2019-11-25 17:50:52,255 INFO o.a.j.t.JMeterThread: Thread is done: Powerhouse Thread Group 1-65
2019-11-25 17:50:52,257 INFO o.a.j.t.JMeterThread: Thread finished: Powerhouse Thread Group 1-65
2019-11-25 17:50:53,836 INFO o.a.j.t.JMeterThread: Thread is done: Powerhouse Thread Group 1-66
2019-11-25 17:50:53,838 INFO o.a.j.t.JMeterThread: Thread finished: Powerhouse Thread Group 1-66
2019-11-25 17:50:53,892 INFO o.a.j.t.JMeterThread: Thread is done: Powerhouse Thread Group 1-53
2019-11-25 17:50:53,893 INFO o.a.j.t.JMeterThread: Thread finished: Powerhouse Thread Group 1-53
2019-11-25 17:50:54,449 INFO o.a.j.t.JMeterThread: Thread is done: Powerhouse Thread Group 1-44
2019-11-25 17:50:54,450 INFO o.a.j.t.JMeterThread: Thread finished: Powerhouse Thread Group 1-44
2019-11-25 17:50:54,613 INFO o.a.j.t.JMeterThread: Thread is done: Powerhouse Thread Group 1-30
2019-11-25 17:50:54,615 INFO o.a.j.t.JMeterThread: Thread finished: Powerhouse Thread Group 1-30
2019-11-25 17:50:56,159 INFO o.a.j.t.JMeterThread: Thread is done: Powerhouse Thread Group 1-47
2019-11-25 17:50:56,160 INFO o.a.j.t.JMeterThread: Thread finished: Powerhouse Thread Group 1-47
2019-11-25 17:50:56,177 INFO o.a.j.t.JMeterThread: Thread is done: Powerhouse Thread Group 1-13
2019-11-25 17:50:56,178 INFO o.a.j.t.JMeterThread: Thread finished: Powerhouse Thread Group 1-13
2019-11-25 17:50:56,184 INFO o.a.j.t.JMeterThread: Thread is done: Powerhouse Thread Group 1-8
2019-11-25 17:50:56,186 INFO o.a.j.t.JMeterThread: Thread finished: Powerhouse Thread Group 1-8
2019-11-25 17:50:57,280 INFO o.a.j.t.JMeterThread: Thread is done: Powerhouse Thread Group 1-86
2019-11-25 17:50:57,282 INFO o.a.j.t.JMeterThread: Thread finished: Powerhouse Thread Group 1-86
2019-11-25 17:50:57,318 INFO o.a.j.t.JMeterThread: Thread is done: Powerhouse Thread Group 1-54
2019-11-25 17:50:57,319 INFO o.a.j.t.JMeterThread: Thread finished: Powerhouse Thread Group 1-54
2019-11-25 17:50:57,359 INFO o.a.j.t.JMeterThread: Thread is done: Powerhouse Thread Group 1-98
2019-11-25 17:50:57,360 INFO o.a.j.t.JMeterThread: Thread finished: Powerhouse Thread Group 1-98
2019-11-25 17:50:57,929 INFO o.a.j.t.JMeterThread: Thread is done: Powerhouse Thread Group 1-7
2019-11-25 17:50:57,930 INFO o.a.j.t.JMeterThread: Thread finished: Powerhouse Thread Group 1-7
2019-11-25 17:50:58,173 INFO o.a.j.t.JMeterThread: Thread is done: Powerhouse Thread Group 1-32
2019-11-25 17:50:58,175 INFO o.a.j.t.JMeterThread: Thread finished: Powerhouse Thread Group 1-32
2019-11-25 17:50:58,353 INFO o.a.j.t.JMeterThread: Thread is done: Powerhouse Thread Group 1-9
2019-11-25 17:50:58,355 INFO o.a.j.t.JMeterThread: Thread finished: Powerhouse Thread Group 1-9
2019-11-25 17:50:58,359 INFO o.a.j.t.JMeterThread: Thread is done: Powerhouse Thread Group 1-91
2019-11-25 17:50:58,360 INFO o.a.j.t.JMeterThread: Thread finished: Powerhouse Thread Group 1-91
2019-11-25 17:50:58,372 INFO o.a.j.t.JMeterThread: Thread is done: Powerhouse Thread Group 1-34
2019-11-25 17:50:58,373 INFO o.a.j.t.JMeterThread: Thread finished: Powerhouse Thread Group 1-34
2019-11-25 17:50:58,384 INFO o.a.j.t.JMeterThread: Thread is done: Powerhouse Thread Group 1-69
2019-11-25 17:50:58,385 INFO o.a.j.t.JMeterThread: Thread finished: Powerhouse Thread Group 1-69
2019-11-25 17:50:58,395 INFO o.a.j.t.JMeterThread: Thread is done: Powerhouse Thread Group 1-92
2019-11-25 17:50:58,396 INFO o.a.j.t.JMeterThread: Thread finished: Powerhouse Thread Group 1-92
2019-11-25 17:50:58,415 INFO o.a.j.t.JMeterThread: Thread is done: Powerhouse Thread Group 1-23
2019-11-25 17:50:58,416 INFO o.a.j.t.JMeterThread: Thread finished: Powerhouse Thread Group 1-23
2019-11-25 17:50:58,590 INFO o.a.j.t.JMeterThread: Thread is done: Powerhouse Thread Group 1-6
2019-11-25 17:50:58,591 INFO o.a.j.t.JMeterThread: Thread finished: Powerhouse Thread Group 1-6
2019-11-25 17:50:58,901 INFO o.a.j.t.JMeterThread: Thread is done: Powerhouse Thread Group 1-26
2019-11-25 17:50:58,902 INFO o.a.j.t.JMeterThread: Thread finished: Powerhouse Thread Group 1-26
2019-11-25 17:50:58,955 INFO o.a.j.t.JMeterThread: Thread is done: Powerhouse Thread Group 1-87
2019-11-25 17:50:58,956 INFO o.a.j.t.JMeterThread: Thread finished: Powerhouse Thread Group 1-87
2019-11-25 17:50:58,957 INFO o.a.j.t.JMeterThread: Thread is done: Powerhouse Thread Group 1-55
2019-11-25 17:50:58,960 INFO o.a.j.t.JMeterThread: Thread finished: Powerhouse Thread Group 1-55
2019-11-25 17:50:58,975 INFO o.a.j.t.JMeterThread: Thread is done: Powerhouse Thread Group 1-35
2019-11-25 17:50:58,976 INFO o.a.j.t.JMeterThread: Thread finished: Powerhouse Thread Group 1-35
2019-11-25 17:50:58,992 INFO o.a.j.t.JMeterThread: Thread is done: Powerhouse Thread Group 1-68
2019-11-25 17:50:58,993 INFO o.a.j.t.JMeterThread: Thread finished: Powerhouse Thread Group 1-68
2019-11-25 17:50:59,004 INFO o.a.j.t.JMeterThread: Thread is done: Powerhouse Thread Group 1-11
2019-11-25 17:50:59,005 INFO o.a.j.t.JMeterThread: Thread finished: Powerhouse Thread Group 1-11
2019-11-25 17:50:59,059 INFO o.a.j.t.JMeterThread: Thread is done: Powerhouse Thread Group 1-88
2019-11-25 17:50:59,060 INFO o.a.j.t.JMeterThread: Thread finished: Powerhouse Thread Group 1-88
2019-11-25 17:50:59,847 INFO o.a.j.t.JMeterThread: Thread is done: Powerhouse Thread Group 1-63
2019-11-25 17:50:59,848 INFO o.a.j.t.JMeterThread: Thread finished: Powerhouse Thread Group 1-63
2019-11-25 17:50:59,869 INFO o.a.j.t.JMeterThread: Thread is done: Powerhouse Thread Group 1-94
2019-11-25 17:50:59,870 INFO o.a.j.t.JMeterThread: Thread finished: Powerhouse Thread Group 1-94
2019-11-25 17:50:59,874 INFO o.a.j.t.JMeterThread: Thread is done: Powerhouse Thread Group 1-31
2019-11-25 17:50:59,875 INFO o.a.j.t.JMeterThread: Thread finished: Powerhouse Thread Group 1-31
2019-11-25 17:50:59,879 INFO o.a.j.t.JMeterThread: Thread is done: Powerhouse Thread Group 1-67
2019-11-25 17:50:59,880 INFO o.a.j.t.JMeterThread: Thread finished: Powerhouse Thread Group 1-67
2019-11-25 17:51:00,007 INFO o.a.j.r.Summariser: summary +   2721 in 00:00:30 =   90.7/s Avg:  1008 Min:   101 Max:  2328 Err:     0 (0.00%) Active: 69 Started: 101 Finished: 32
2019-11-25 17:51:00,009 INFO o.a.j.r.Summariser: summary =  39537 in 00:09:14 =   71.3/s Avg:  1341 Min:     0 Max:  5482 Err:     1 (0.00%)
2019-11-25 17:51:00,065 INFO o.a.j.t.JMeterThread: Thread is done: Powerhouse Thread Group 1-82
2019-11-25 17:51:00,066 INFO o.a.j.t.JMeterThread: Thread finished: Powerhouse Thread Group 1-82
2019-11-25 17:51:00,109 INFO o.a.j.t.JMeterThread: Thread is done: Powerhouse Thread Group 1-85
2019-11-25 17:51:00,110 INFO o.a.j.t.JMeterThread: Thread finished: Powerhouse Thread Group 1-85
2019-11-25 17:51:00,583 INFO o.a.j.t.JMeterThread: Thread is done: Powerhouse Thread Group 1-99
2019-11-25 17:51:00,584 INFO o.a.j.t.JMeterThread: Thread finished: Powerhouse Thread Group 1-99
2019-11-25 17:51:00,589 INFO o.a.j.t.JMeterThread: Thread is done: Powerhouse Thread Group 1-84
2019-11-25 17:51:00,589 INFO o.a.j.t.JMeterThread: Thread is done: Powerhouse Thread Group 1-46
2019-11-25 17:51:00,590 INFO o.a.j.t.JMeterThread: Thread finished: Powerhouse Thread Group 1-84
2019-11-25 17:51:00,591 INFO o.a.j.t.JMeterThread: Thread finished: Powerhouse Thread Group 1-46
2019-11-25 17:51:00,590 INFO o.a.j.t.JMeterThread: Thread is done: Powerhouse Thread Group 1-81
2019-11-25 17:51:00,593 INFO o.a.j.t.JMeterThread: Thread finished: Powerhouse Thread Group 1-81
2019-11-25 17:51:00,601 INFO o.a.j.t.JMeterThread: Thread is done: Powerhouse Thread Group 1-17
2019-11-25 17:51:00,602 INFO o.a.j.t.JMeterThread: Thread finished: Powerhouse Thread Group 1-17
2019-11-25 17:51:00,605 INFO o.a.j.t.JMeterThread: Thread is done: Powerhouse Thread Group 1-76
2019-11-25 17:51:00,606 INFO o.a.j.t.JMeterThread: Thread finished: Powerhouse Thread Group 1-76
2019-11-25 17:51:00,625 INFO o.a.j.t.JMeterThread: Thread is done: Powerhouse Thread Group 1-43
2019-11-25 17:51:00,627 INFO o.a.j.t.JMeterThread: Thread finished: Powerhouse Thread Group 1-43
2019-11-25 17:51:00,656 INFO o.a.j.t.JMeterThread: Thread is done: Powerhouse Thread Group 1-49
2019-11-25 17:51:00,657 INFO o.a.j.t.JMeterThread: Thread finished: Powerhouse Thread Group 1-49
2019-11-25 17:51:00,770 INFO o.a.j.t.JMeterThread: Thread is done: Powerhouse Thread Group 1-28
2019-11-25 17:51:00,771 INFO o.a.j.t.JMeterThread: Thread finished: Powerhouse Thread Group 1-28
2019-11-25 17:51:01,720 INFO o.a.j.t.JMeterThread: Thread is done: Powerhouse Thread Group 1-50
2019-11-25 17:51:01,721 INFO o.a.j.t.JMeterThread: Thread finished: Powerhouse Thread Group 1-50
2019-11-25 17:51:01,736 INFO o.a.j.t.JMeterThread: Thread is done: Powerhouse Thread Group 1-45
2019-11-25 17:51:01,738 INFO o.a.j.t.JMeterThread: Thread finished: Powerhouse Thread Group 1-45
2019-11-25 17:51:01,739 INFO o.a.j.t.JMeterThread: Thread is done: Powerhouse Thread Group 1-77
2019-11-25 17:51:01,740 INFO o.a.j.t.JMeterThread: Thread finished: Powerhouse Thread Group 1-77
2019-11-25 17:51:01,755 INFO o.a.j.t.JMeterThread: Thread is done: Powerhouse Thread Group 1-80
2019-11-25 17:51:01,756 INFO o.a.j.t.JMeterThread: Thread finished: Powerhouse Thread Group 1-80
2019-11-25 17:51:01,760 INFO o.a.j.t.JMeterThread: Thread is done: Powerhouse Thread Group 1-97
2019-11-25 17:51:01,761 INFO o.a.j.t.JMeterThread: Thread finished: Powerhouse Thread Group 1-97
2019-11-25 17:51:01,767 INFO o.a.j.t.JMeterThread: Thread is done: Powerhouse Thread Group 1-25
2019-11-25 17:51:01,768 INFO o.a.j.t.JMeterThread: Thread finished: Powerhouse Thread Group 1-25
2019-11-25 17:51:01,802 INFO o.a.j.t.JMeterThread: Thread is done: Powerhouse Thread Group 1-37
2019-11-25 17:51:01,804 INFO o.a.j.t.JMeterThread: Thread finished: Powerhouse Thread Group 1-37
2019-11-25 17:51:02,156 INFO o.a.j.t.JMeterThread: Thread is done: Powerhouse Thread Group 1-70
2019-11-25 17:51:02,157 INFO o.a.j.t.JMeterThread: Thread finished: Powerhouse Thread Group 1-70
2019-11-25 17:51:02,193 INFO o.a.j.t.JMeterThread: Thread is done: Powerhouse Thread Group 1-20
2019-11-25 17:51:02,195 INFO o.a.j.t.JMeterThread: Thread finished: Powerhouse Thread Group 1-20
2019-11-25 17:51:02,547 INFO o.a.j.t.JMeterThread: Thread is done: Powerhouse Thread Group 1-5
2019-11-25 17:51:02,548 INFO o.a.j.t.JMeterThread: Thread finished: Powerhouse Thread Group 1-5
2019-11-25 17:51:02,571 INFO o.a.j.t.JMeterThread: Thread is done: Powerhouse Thread Group 1-16
2019-11-25 17:51:02,573 INFO o.a.j.t.JMeterThread: Thread finished: Powerhouse Thread Group 1-16
2019-11-25 17:51:02,577 INFO o.a.j.t.JMeterThread: Thread is done: Powerhouse Thread Group 1-10
2019-11-25 17:51:02,578 INFO o.a.j.t.JMeterThread: Thread finished: Powerhouse Thread Group 1-10
2019-11-25 17:51:02,578 INFO o.a.j.t.JMeterThread: Thread is done: Powerhouse Thread Group 1-78
2019-11-25 17:51:02,580 INFO o.a.j.t.JMeterThread: Thread finished: Powerhouse Thread Group 1-78
2019-11-25 17:51:02,582 INFO o.a.j.t.JMeterThread: Thread is done: Powerhouse Thread Group 1-15
2019-11-25 17:51:02,582 INFO o.a.j.t.JMeterThread: Thread finished: Powerhouse Thread Group 1-15
2019-11-25 17:51:02,769 INFO o.a.j.t.JMeterThread: Thread is done: Powerhouse Thread Group 1-57
2019-11-25 17:51:02,772 INFO o.a.j.t.JMeterThread: Thread finished: Powerhouse Thread Group 1-57
2019-11-25 17:51:02,776 INFO o.a.j.t.JMeterThread: Thread is done: Powerhouse Thread Group 1-95
2019-11-25 17:51:02,778 INFO o.a.j.t.JMeterThread: Thread finished: Powerhouse Thread Group 1-95
2019-11-25 17:51:02,784 INFO o.a.j.t.JMeterThread: Thread is done: Powerhouse Thread Group 1-2
2019-11-25 17:51:02,784 INFO o.a.j.t.JMeterThread: Thread is done: Powerhouse Thread Group 1-96
2019-11-25 17:51:02,785 INFO o.a.j.t.JMeterThread: Thread finished: Powerhouse Thread Group 1-2
2019-11-25 17:51:02,786 INFO o.a.j.t.JMeterThread: Thread finished: Powerhouse Thread Group 1-96
2019-11-25 17:51:02,797 INFO o.a.j.t.JMeterThread: Thread is done: Powerhouse Thread Group 1-42
2019-11-25 17:51:02,798 INFO o.a.j.t.JMeterThread: Thread finished: Powerhouse Thread Group 1-42
2019-11-25 17:51:02,798 INFO o.a.j.t.JMeterThread: Thread is done: Powerhouse Thread Group 1-19
2019-11-25 17:51:02,800 INFO o.a.j.t.JMeterThread: Thread finished: Powerhouse Thread Group 1-19
2019-11-25 17:51:02,801 INFO o.a.j.t.JMeterThread: Thread is done: Powerhouse Thread Group 1-71
2019-11-25 17:51:02,801 INFO o.a.j.t.JMeterThread: Thread finished: Powerhouse Thread Group 1-71
2019-11-25 17:51:02,804 INFO o.a.j.t.JMeterThread: Thread is done: Powerhouse Thread Group 1-36
2019-11-25 17:51:02,804 INFO o.a.j.t.JMeterThread: Thread finished: Powerhouse Thread Group 1-36
2019-11-25 17:51:02,805 INFO o.a.j.t.JMeterThread: Thread is done: Powerhouse Thread Group 1-51
2019-11-25 17:51:02,806 INFO o.a.j.t.JMeterThread: Thread is done: Powerhouse Thread Group 1-39
2019-11-25 17:51:02,806 INFO o.a.j.t.JMeterThread: Thread finished: Powerhouse Thread Group 1-51
2019-11-25 17:51:02,807 INFO o.a.j.t.JMeterThread: Thread finished: Powerhouse Thread Group 1-39
2019-11-25 17:51:02,807 INFO o.a.j.t.JMeterThread: Thread is done: Powerhouse Thread Group 1-75
2019-11-25 17:51:02,809 INFO o.a.j.t.JMeterThread: Thread is done: Powerhouse Thread Group 1-59
2019-11-25 17:51:02,811 INFO o.a.j.t.JMeterThread: Thread finished: Powerhouse Thread Group 1-59
2019-11-25 17:51:02,814 INFO o.a.j.t.JMeterThread: Thread finished: Powerhouse Thread Group 1-75
2019-11-25 17:51:02,817 INFO o.a.j.t.JMeterThread: Thread is done: Powerhouse Thread Group 1-79
2019-11-25 17:51:02,818 INFO o.a.j.t.JMeterThread: Thread finished: Powerhouse Thread Group 1-79
2019-11-25 17:51:03,005 INFO o.a.j.t.JMeterThread: Thread is done: Powerhouse Thread Group 1-64
2019-11-25 17:51:03,006 INFO o.a.j.t.JMeterThread: Thread finished: Powerhouse Thread Group 1-64
2019-11-25 17:51:03,063 INFO o.a.j.t.JMeterThread: Thread is done: Powerhouse Thread Group 1-1
2019-11-25 17:51:03,064 INFO o.a.j.t.JMeterThread: Thread finished: Powerhouse Thread Group 1-1
2019-11-25 17:51:03,083 INFO o.a.j.t.JMeterThread: Thread is done: Powerhouse Thread Group 1-62
2019-11-25 17:51:03,084 INFO o.a.j.t.JMeterThread: Thread finished: Powerhouse Thread Group 1-62
2019-11-25 17:51:03,106 INFO o.a.j.t.JMeterThread: Thread is done: Powerhouse Thread Group 1-72
2019-11-25 17:51:03,107 INFO o.a.j.t.JMeterThread: Thread finished: Powerhouse Thread Group 1-72
2019-11-25 17:51:03,116 INFO o.a.j.t.JMeterThread: Thread is done: Powerhouse Thread Group 1-90
2019-11-25 17:51:03,118 INFO o.a.j.t.JMeterThread: Thread finished: Powerhouse Thread Group 1-90
2019-11-25 17:51:03,124 INFO o.a.j.t.JMeterThread: Thread is done: Powerhouse Thread Group 1-38
2019-11-25 17:51:03,125 INFO o.a.j.t.JMeterThread: Thread finished: Powerhouse Thread Group 1-38
2019-11-25 17:51:03,160 INFO o.a.j.t.JMeterThread: Thread is done: Powerhouse Thread Group 1-18
2019-11-25 17:51:03,161 INFO o.a.j.t.JMeterThread: Thread finished: Powerhouse Thread Group 1-18
2019-11-25 17:51:03,369 INFO o.a.j.t.JMeterThread: Thread is done: Powerhouse Thread Group 1-22
2019-11-25 17:51:03,370 INFO o.a.j.t.JMeterThread: Thread finished: Powerhouse Thread Group 1-22
2019-11-25 17:51:03,392 INFO o.a.j.t.JMeterThread: Thread is done: Powerhouse Thread Group 1-41
2019-11-25 17:51:03,393 INFO o.a.j.t.JMeterThread: Thread finished: Powerhouse Thread Group 1-41
2019-11-25 17:51:03,394 INFO o.a.j.t.JMeterThread: Thread is done: Powerhouse Thread Group 1-89
2019-11-25 17:51:03,393 INFO o.a.j.t.JMeterThread: Thread is done: Powerhouse Thread Group 1-74
2019-11-25 17:51:03,396 INFO o.a.j.t.JMeterThread: Thread finished: Powerhouse Thread Group 1-74
2019-11-25 17:51:03,395 INFO o.a.j.t.JMeterThread: Thread finished: Powerhouse Thread Group 1-89
2019-11-25 17:51:03,409 INFO o.a.j.t.JMeterThread: Thread is done: Powerhouse Thread Group 1-33
2019-11-25 17:51:03,410 INFO o.a.j.t.JMeterThread: Thread finished: Powerhouse Thread Group 1-33
2019-11-25 17:51:03,880 INFO o.a.j.t.JMeterThread: Thread is done: Powerhouse Thread Group 1-56
2019-11-25 17:51:03,881 INFO o.a.j.t.JMeterThread: Thread finished: Powerhouse Thread Group 1-56
2019-11-25 17:51:03,899 INFO o.a.j.t.JMeterThread: Thread is done: Powerhouse Thread Group 1-40
2019-11-25 17:51:03,900 INFO o.a.j.t.JMeterThread: Thread finished: Powerhouse Thread Group 1-40
2019-11-25 17:51:04,060 INFO o.a.j.t.JMeterThread: Thread is done: Powerhouse Thread Group 1-83
2019-11-25 17:51:04,061 INFO o.a.j.t.JMeterThread: Thread finished: Powerhouse Thread Group 1-83
2019-11-25 17:51:04,168 INFO o.a.j.t.JMeterThread: Thread is done: Powerhouse Thread Group 1-73
2019-11-25 17:51:04,169 INFO o.a.j.t.JMeterThread: Thread finished: Powerhouse Thread Group 1-73
2019-11-25 17:51:04,180 INFO o.a.j.t.JMeterThread: Thread is done: Powerhouse Thread Group 1-52
2019-11-25 17:51:04,181 INFO o.a.j.t.JMeterThread: Thread finished: Powerhouse Thread Group 1-52
2019-11-25 17:51:04,189 INFO o.a.j.t.JMeterThread: Thread is done: Powerhouse Thread Group 1-60
2019-11-25 17:51:04,190 INFO o.a.j.t.JMeterThread: Thread is done: Powerhouse Thread Group 1-93
2019-11-25 17:51:04,190 INFO o.a.j.t.JMeterThread: Thread finished: Powerhouse Thread Group 1-60
2019-11-25 17:51:04,191 INFO o.a.j.t.JMeterThread: Thread finished: Powerhouse Thread Group 1-93
2019-11-25 17:51:04,581 INFO o.a.j.t.JMeterThread: Thread is done: Powerhouse Thread Group 1-21
2019-11-25 17:51:04,583 INFO o.a.j.t.JMeterThread: Thread finished: Powerhouse Thread Group 1-21
2019-11-25 17:51:04,612 INFO o.a.j.t.JMeterThread: Thread is done: Powerhouse Thread Group 1-27
2019-11-25 17:51:04,613 INFO o.a.j.t.JMeterThread: Thread finished: Powerhouse Thread Group 1-27
2019-11-25 17:51:04,615 INFO o.a.j.t.JMeterThread: Thread is done: Powerhouse Thread Group 1-24
2019-11-25 17:51:04,616 INFO o.a.j.t.JMeterThread: Thread finished: Powerhouse Thread Group 1-24
2019-11-25 17:51:05,020 INFO o.a.j.t.JMeterThread: Thread is done: Powerhouse Thread Group 1-61
2019-11-25 17:51:05,021 INFO o.a.j.t.JMeterThread: Thread finished: Powerhouse Thread Group 1-61
2019-11-25 17:51:05,027 INFO o.a.j.t.JMeterThread: Thread is done: Powerhouse Thread Group 1-29
2019-11-25 17:51:05,028 INFO o.a.j.t.JMeterThread: Thread finished: Powerhouse Thread Group 1-29
2019-11-25 17:51:05,098 INFO o.a.j.t.JMeterThread: Thread is done: Powerhouse Thread Group 1-3
2019-11-25 17:51:05,099 INFO o.a.j.t.JMeterThread: Thread finished: Powerhouse Thread Group 1-3
2019-11-25 17:51:05,132 INFO o.a.j.t.JMeterThread: Thread is done: Powerhouse Thread Group 1-4
2019-11-25 17:51:05,133 INFO o.a.j.t.JMeterThread: Thread is done: Powerhouse Thread Group 1-12
2019-11-25 17:51:05,134 INFO o.a.j.t.JMeterThread: Thread finished: Powerhouse Thread Group 1-12
2019-11-25 17:51:05,134 INFO o.a.j.t.JMeterThread: Thread finished: Powerhouse Thread Group 1-4
2019-11-25 17:51:05,259 INFO o.a.j.t.JMeterThread: Thread is done: Powerhouse Thread Group 1-100
2019-11-25 17:51:05,260 INFO o.a.j.t.JMeterThread: Thread finished: Powerhouse Thread Group 1-100
2019-11-25 17:51:05,298 INFO o.a.j.t.JMeterThread: Thread is done: Powerhouse Thread Group 1-48
2019-11-25 17:51:05,299 INFO o.a.j.t.JMeterThread: Thread finished: Powerhouse Thread Group 1-48
2019-11-25 17:51:05,299 INFO o.a.j.t.JMeterThread: Thread is done: Powerhouse Thread Group 1-58
2019-11-25 17:51:05,300 INFO o.a.j.t.JMeterThread: Thread finished: Powerhouse Thread Group 1-58
2019-11-25 17:51:05,437 INFO o.a.j.t.JMeterThread: Thread is done: Powerhouse Thread Group 1-14
2019-11-25 17:51:05,438 INFO o.a.j.t.JMeterThread: Thread finished: Powerhouse Thread Group 1-14
2019-11-25 17:51:05,440 INFO o.a.j.e.StandardJMeterEngine: Notifying test listeners of end of test
2019-11-25 17:51:05,441 INFO o.a.j.s.FileServer: Close: a4.txt
2019-11-25 17:51:05,447 INFO o.a.j.s.FileServer: Close: a3.txt
2019-11-25 17:51:05,454 INFO o.a.j.r.Summariser: summary +    464 in 00:00:05 =   85.2/s Avg:   518 Min:    28 Max:  1413 Err:     0 (0.00%) Active: 0 Started: 101 Finished: 101
2019-11-25 17:51:05,455 INFO o.a.j.r.Summariser: summary =  40001 in 00:09:20 =   71.5/s Avg:  1331 Min:     0 Max:  5482 Err:     1 (0.00%)
2019-11-25 17:51:05,459 INFO o.a.j.JMeter: Generating Dashboard
2019-11-25 17:51:05,460 INFO o.a.j.r.d.ReportGenerator: Flushing result collector before report Generation
2019-11-25 17:51:05,630 INFO o.a.j.r.p.NormalizerSampleConsumer: Using format, 'ms', to parse timeStamp field
2019-11-25 17:51:08,359 INFO o.a.j.r.p.AbstractSampleConsumer: class org.apache.jmeter.report.processor.AggregateConsumer#stopProducing(): beginDate produced 0 samples
2019-11-25 17:51:08,360 INFO o.a.j.r.p.AbstractSampleConsumer: class org.apache.jmeter.report.processor.AggregateConsumer#stopProducing(): endDate produced 0 samples
2019-11-25 17:51:08,368 INFO o.a.j.r.p.AbstractSampleConsumer: class org.apache.jmeter.report.processor.ApdexSummaryConsumer#stopProducing(): apdexSummary produced 0 samples
2019-11-25 17:51:08,369 INFO o.a.j.r.p.AbstractSampleConsumer: class org.apache.jmeter.report.processor.RequestsSummaryConsumer#stopProducing(): requestsSummary produced 0 samples
2019-11-25 17:51:08,404 INFO o.a.j.r.p.AbstractSampleConsumer: class org.apache.jmeter.report.processor.StatisticsSummaryConsumer#stopProducing(): statisticsSummary produced 0 samples
2019-11-25 17:51:08,429 INFO o.a.j.r.p.AbstractSampleConsumer: class org.apache.jmeter.report.processor.Top5ErrorsBySamplerConsumer#stopProducing(): top5ErrorsBySampler produced 0 samples
2019-11-25 17:51:08,430 INFO o.a.j.r.p.AbstractSampleConsumer: class org.apache.jmeter.report.processor.ErrorsSummaryConsumer#stopProducing(): errorsSummary produced 0 samples
2019-11-25 17:51:08,431 INFO o.a.j.r.p.AbstractSampleConsumer: class org.apache.jmeter.report.processor.graph.impl.HitsPerSecondGraphConsumer#stopProducing(): hitsPerSecond produced 0 samples
2019-11-25 17:51:08,805 INFO o.a.j.r.p.AbstractSampleConsumer: class org.apache.jmeter.report.processor.graph.impl.LatencyVSRequestGraphConsumer#stopProducing(): latencyVsRequest produced 0 samples
2019-11-25 17:51:08,814 INFO o.a.j.r.p.AbstractSampleConsumer: class org.apache.jmeter.report.processor.graph.impl.SyntheticResponseTimeDistributionGraphConsumer#stopProducing(): syntheticResponseTimeDistribution produced 0 samples
2019-11-25 17:51:08,816 INFO o.a.j.r.p.AbstractSampleConsumer: class org.apache.jmeter.report.processor.graph.impl.BytesThroughputGraphConsumer#stopProducing(): bytesThroughputOverTime produced 0 samples
2019-11-25 17:51:08,817 INFO o.a.j.r.p.AbstractSampleConsumer: class org.apache.jmeter.report.processor.graph.impl.CodesPerSecondGraphConsumer#stopProducing(): codesPerSecond produced 0 samples
2019-11-25 17:51:09,120 INFO o.a.j.r.p.AbstractSampleConsumer: class org.apache.jmeter.report.processor.graph.impl.ResponseTimeVSRequestGraphConsumer#stopProducing(): responseTimeVsRequest produced 0 samples
2019-11-25 17:51:09,127 INFO o.a.j.r.p.AbstractSampleConsumer: class org.apache.jmeter.report.processor.FilterConsumer#stopProducing(): startIntervalControlerFilter produced 280007 samples
2019-11-25 17:51:09,130 INFO o.a.j.r.p.AbstractSampleConsumer: class org.apache.jmeter.report.processor.graph.impl.TotalTPSGraphConsumer#stopProducing(): totalTPS produced 0 samples
2019-11-25 17:51:09,131 INFO o.a.j.r.p.AbstractSampleConsumer: class org.apache.jmeter.report.processor.graph.impl.ActiveThreadsGraphConsumer#stopProducing(): activeThreadsOverTime produced 0 samples
2019-11-25 17:51:09,131 INFO o.a.j.r.p.AbstractSampleConsumer: class org.apache.jmeter.report.processor.graph.impl.TimeVSThreadGraphConsumer#stopProducing(): timeVsThreads produced 0 samples
2019-11-25 17:51:09,132 INFO o.a.j.r.p.AbstractSampleConsumer: class org.apache.jmeter.report.processor.graph.impl.ResponseTimeDistributionGraphConsumer#stopProducing(): responseTimeDistribution produced 0 samples
2019-11-25 17:51:09,133 INFO o.a.j.r.p.AbstractSampleConsumer: class org.apache.jmeter.report.processor.graph.impl.TransactionsPerSecondGraphConsumer#stopProducing(): transactionsPerSecond produced 0 samples
2019-11-25 17:51:09,134 INFO o.a.j.r.p.AbstractSampleConsumer: class org.apache.jmeter.report.processor.graph.impl.ResponseTimePercentilesGraphConsumer#stopProducing(): responseTimePercentiles produced 0 samples
2019-11-25 17:51:09,150 INFO o.a.j.r.p.AbstractSampleConsumer: class org.apache.jmeter.report.processor.graph.impl.ResponseTimePercentilesOverTimeGraphConsumer#stopProducing(): responseTimePercentilesOverTime produced 0 samples
2019-11-25 17:51:09,153 INFO o.a.j.r.p.AbstractSampleConsumer: class org.apache.jmeter.report.processor.graph.impl.ResponseTimeOverTimeGraphConsumer#stopProducing(): responseTimesOverTime produced 0 samples
2019-11-25 17:51:09,154 INFO o.a.j.r.p.AbstractSampleConsumer: class org.apache.jmeter.report.processor.graph.impl.ConnectTimeOverTimeGraphConsumer#stopProducing(): connectTimeOverTime produced 0 samples
2019-11-25 17:51:09,155 INFO o.a.j.r.p.AbstractSampleConsumer: class org.apache.jmeter.report.processor.graph.impl.LatencyOverTimeGraphConsumer#stopProducing(): latenciesOverTime produced 0 samples
2019-11-25 17:51:09,156 INFO o.a.j.r.p.AbstractSampleConsumer: class org.apache.jmeter.report.processor.FilterConsumer#stopProducing(): nameFilter produced 600015 samples
2019-11-25 17:51:09,156 INFO o.a.j.r.p.AbstractSampleConsumer: class org.apache.jmeter.report.processor.FilterConsumer#stopProducing(): dateRangeFilter produced 120003 samples
2019-11-25 17:51:09,157 INFO o.a.j.r.p.AbstractSampleConsumer: class org.apache.jmeter.report.processor.NormalizerSampleConsumer#stopProducing(): normalizer produced 40001 samples
2019-11-25 17:51:09,159 INFO o.a.j.r.p.CsvFileSampleSource: produce(): 40001 samples produced in 3s 405 ms on channel 0
2019-11-25 17:51:09,160 INFO o.a.j.r.d.ReportGenerator: Exporting data using exporter:'json' of className:'org.apache.jmeter.report.dashboard.JsonExporter'
2019-11-25 17:51:09,167 INFO o.a.j.r.d.JsonExporter: Found data for consumer statisticsSummaryin context
2019-11-25 17:51:09,168 INFO o.a.j.r.d.JsonExporter: Creating statistics for overall
2019-11-25 17:51:09,170 INFO o.a.j.r.d.JsonExporter: Creating statistics for other transactions
2019-11-25 17:51:09,173 INFO o.a.j.r.d.JsonExporter: Checking output folder
2019-11-25 17:51:09,177 INFO o.a.j.r.d.JsonExporter: Writing statistics JSON to /mnt/jmeter/tmp/jmeter_resource_20191125_231136/statistics.json
2019-11-25 17:51:09,795 INFO o.a.j.r.d.ReportGenerator: Exporting data using exporter:'html' of className:'org.apache.jmeter.report.dashboard.HtmlTemplateExporter'
2019-11-25 17:51:09,810 INFO o.a.j.r.d.HtmlTemplateExporter: Will generate dashboard in folder: /mnt/jmeter/tmp/jmeter_resource_20191125_231136
2019-11-25 17:51:10,056 INFO o.a.j.r.d.HtmlTemplateExporter: Report will be generated in: /mnt/jmeter/tmp/jmeter_resource_20191125_231136, creating folder structure
2019-11-25 17:51:10,081 INFO o.a.j.r.d.TemplateVisitor: Copying folder from '/opt/apache-jmeter-5.1.1/bin/report-template' to '/mnt/jmeter/tmp/jmeter_resource_20191125_231136', got message:[/mnt/jmeter/tmp/jmeter_resource_20191125_231136/statistics.json], found non empty folder with following content {}, will be ignored
2019-11-25 17:51:11,412 INFO o.a.j.JMeter: Dashboard generated
